<?xml version="1.0" encoding="UTF-8"?>
<testsuite xmlns:xsi="http://www.w3.org/2001/XMLSchema-instance" xsi:noNamespaceSchemaLocation="https://maven.apache.org/surefire/maven-surefire-plugin/xsd/surefire-test-report-3.0.xsd" version="3.0" name="com.tutopedia.backend.controllers.TutorialControllerSpec" time="0.595" tests="29" errors="0" skipped="29" failures="0">
  <properties>
    <property name="java.specification.version" value="20"/>
    <property name="sun.jnu.encoding" value="UTF-8"/>
    <property name="java.class.path" value="/Users/rudiwelter/Workdir/Tut-O-Pedia/Backend/target/test-classes:/Users/rudiwelter/Workdir/Tut-O-Pedia/Backend/target/classes:/Users/rudiwelter/.m2/repository/javax/xml/bind/jaxb-api/2.3.1/jaxb-api-2.3.1.jar:/Users/rudiwelter/.m2/repository/javax/activation/javax.activation-api/1.2.0/javax.activation-api-1.2.0.jar:/Users/rudiwelter/.m2/repository/com/oracle/oci/sdk/oci-java-sdk-addons-resteasy-client-configurator/3.53.0/oci-java-sdk-addons-resteasy-client-configurator-3.53.0.jar:/Users/rudiwelter/.m2/repository/org/jboss/resteasy/resteasy-core/5.0.3.Final/resteasy-core-5.0.3.Final.jar:/Users/rudiwelter/.m2/repository/org/jboss/logging/jboss-logging/3.5.3.Final/jboss-logging-3.5.3.Final.jar:/Users/rudiwelter/.m2/repository/jakarta/annotation/jakarta.annotation-api/2.1.1/jakarta.annotation-api-2.1.1.jar:/Users/rudiwelter/.m2/repository/org/jboss/spec/javax/ws/rs/jboss-jaxrs-api_2.1_spec/2.0.1.Final/jboss-jaxrs-api_2.1_spec-2.0.1.Final.jar:/Users/rudiwelter/.m2/repository/org/jboss/resteasy/resteasy-core-spi/5.0.3.Final/resteasy-core-spi-5.0.3.Final.jar:/Users/rudiwelter/.m2/repository/org/reactivestreams/reactive-streams/1.0.4/reactive-streams-1.0.4.jar:/Users/rudiwelter/.m2/repository/jakarta/activation/jakarta.activation-api/2.1.3/jakarta.activation-api-2.1.3.jar:/Users/rudiwelter/.m2/repository/jakarta/validation/jakarta.validation-api/3.0.2/jakarta.validation-api-3.0.2.jar:/Users/rudiwelter/.m2/repository/com/ibm/async/asyncutil/0.1.0/asyncutil-0.1.0.jar:/Users/rudiwelter/.m2/repository/com/oracle/oci/sdk/oci-java-sdk-common/3.53.0/oci-java-sdk-common-3.53.0.jar:/Users/rudiwelter/.m2/repository/com/fasterxml/jackson/core/jackson-annotations/2.17.1/jackson-annotations-2.17.1.jar:/Users/rudiwelter/.m2/repository/com/oracle/oci/sdk/oci-java-sdk-circuitbreaker/3.53.0/oci-java-sdk-circuitbreaker-3.53.0.jar:/Users/rudiwelter/.m2/repository/io/github/resilience4j/resilience4j-circuitbreaker/1.7.1/resilience4j-circuitbreaker-1.7.1.jar:/Users/rudiwelter/.m2/repository/io/vavr/vavr/0.10.4/vavr-0.10.4.jar:/Users/rudiwelter/.m2/repository/io/vavr/vavr-match/0.10.4/vavr-match-0.10.4.jar:/Users/rudiwelter/.m2/repository/io/github/resilience4j/resilience4j-core/1.7.1/resilience4j-core-1.7.1.jar:/Users/rudiwelter/.m2/repository/com/oracle/oci/sdk/oci-java-sdk-objectstorage/3.53.0/oci-java-sdk-objectstorage-3.53.0.jar:/Users/rudiwelter/.m2/repository/com/oracle/oci/sdk/oci-java-sdk-objectstorage-generated/3.53.0/oci-java-sdk-objectstorage-generated-3.53.0.jar:/Users/rudiwelter/.m2/repository/com/oracle/oci/sdk/oci-java-sdk-objectstorage-extensions/3.53.0/oci-java-sdk-objectstorage-extensions-3.53.0.jar:/Users/rudiwelter/.m2/repository/com/oracle/oci/sdk/oci-java-sdk-common-httpclient-jersey/3.53.0/oci-java-sdk-common-httpclient-jersey-3.53.0.jar:/Users/rudiwelter/.m2/repository/com/oracle/oci/sdk/oci-java-sdk-common-httpclient/3.53.0/oci-java-sdk-common-httpclient-3.53.0.jar:/Users/rudiwelter/.m2/repository/org/glassfish/jersey/core/jersey-common/2.35/jersey-common-2.35.jar:/Users/rudiwelter/.m2/repository/org/glassfish/hk2/external/jakarta.inject/2.6.1/jakarta.inject-2.6.1.jar:/Users/rudiwelter/.m2/repository/org/glassfish/hk2/osgi-resource-locator/1.0.3/osgi-resource-locator-1.0.3.jar:/Users/rudiwelter/.m2/repository/com/fasterxml/jackson/core/jackson-core/2.17.1/jackson-core-2.17.1.jar:/Users/rudiwelter/.m2/repository/com/fasterxml/jackson/core/jackson-databind/2.17.1/jackson-databind-2.17.1.jar:/Users/rudiwelter/.m2/repository/org/glassfish/jersey/core/jersey-client/2.35/jersey-client-2.35.jar:/Users/rudiwelter/.m2/repository/org/glassfish/jersey/media/jersey-media-json-jackson/2.35/jersey-media-json-jackson-2.35.jar:/Users/rudiwelter/.m2/repository/org/glassfish/jersey/ext/jersey-entity-filtering/3.1.8/jersey-entity-filtering-3.1.8.jar:/Users/rudiwelter/.m2/repository/com/fasterxml/jackson/module/jackson-module-jaxb-annotations/2.17.2/jackson-module-jaxb-annotations-2.17.2.jar:/Users/rudiwelter/.m2/repository/org/glassfish/jersey/inject/jersey-hk2/2.35/jersey-hk2-2.35.jar:/Users/rudiwelter/.m2/repository/org/glassfish/hk2/hk2-locator/2.6.1/hk2-locator-2.6.1.jar:/Users/rudiwelter/.m2/repository/org/glassfish/hk2/external/aopalliance-repackaged/2.6.1/aopalliance-repackaged-2.6.1.jar:/Users/rudiwelter/.m2/repository/org/glassfish/hk2/hk2-api/2.6.1/hk2-api-2.6.1.jar:/Users/rudiwelter/.m2/repository/org/glassfish/hk2/hk2-utils/2.6.1/hk2-utils-2.6.1.jar:/Users/rudiwelter/.m2/repository/org/javassist/javassist/3.25.0-GA/javassist-3.25.0-GA.jar:/Users/rudiwelter/.m2/repository/jakarta/ws/rs/jakarta.ws.rs-api/3.1.0/jakarta.ws.rs-api-3.1.0.jar:/Users/rudiwelter/.m2/repository/javax/annotation/javax.annotation-api/1.3.2/javax.annotation-api-1.3.2.jar:/Users/rudiwelter/.m2/repository/org/glassfish/jersey/connectors/jersey-apache-connector/2.35/jersey-apache-connector-2.35.jar:/Users/rudiwelter/.m2/repository/org/apache/httpcomponents/httpcore/4.4.16/httpcore-4.4.16.jar:/Users/rudiwelter/.m2/repository/com/fasterxml/jackson/datatype/jackson-datatype-jsr310/2.17.1/jackson-datatype-jsr310-2.17.1.jar:/Users/rudiwelter/.m2/repository/org/slf4j/slf4j-api/2.0.16/slf4j-api-2.0.16.jar:/Users/rudiwelter/.m2/repository/org/springframework/boot/spring-boot-starter-actuator/3.3.3/spring-boot-starter-actuator-3.3.3.jar:/Users/rudiwelter/.m2/repository/org/springframework/boot/spring-boot-starter/3.3.3/spring-boot-starter-3.3.3.jar:/Users/rudiwelter/.m2/repository/org/springframework/boot/spring-boot-starter-logging/3.3.3/spring-boot-starter-logging-3.3.3.jar:/Users/rudiwelter/.m2/repository/ch/qos/logback/logback-classic/1.5.7/logback-classic-1.5.7.jar:/Users/rudiwelter/.m2/repository/ch/qos/logback/logback-core/1.5.7/logback-core-1.5.7.jar:/Users/rudiwelter/.m2/repository/org/apache/logging/log4j/log4j-to-slf4j/2.23.1/log4j-to-slf4j-2.23.1.jar:/Users/rudiwelter/.m2/repository/org/apache/logging/log4j/log4j-api/2.23.1/log4j-api-2.23.1.jar:/Users/rudiwelter/.m2/repository/org/slf4j/jul-to-slf4j/2.0.16/jul-to-slf4j-2.0.16.jar:/Users/rudiwelter/.m2/repository/org/springframework/boot/spring-boot-actuator-autoconfigure/3.3.3/spring-boot-actuator-autoconfigure-3.3.3.jar:/Users/rudiwelter/.m2/repository/org/springframework/boot/spring-boot-actuator/3.3.3/spring-boot-actuator-3.3.3.jar:/Users/rudiwelter/.m2/repository/io/micrometer/micrometer-observation/1.13.3/micrometer-observation-1.13.3.jar:/Users/rudiwelter/.m2/repository/io/micrometer/micrometer-commons/1.13.3/micrometer-commons-1.13.3.jar:/Users/rudiwelter/.m2/repository/io/micrometer/micrometer-jakarta9/1.13.3/micrometer-jakarta9-1.13.3.jar:/Users/rudiwelter/.m2/repository/io/micrometer/micrometer-core/1.13.3/micrometer-core-1.13.3.jar:/Users/rudiwelter/.m2/repository/org/hdrhistogram/HdrHistogram/2.2.2/HdrHistogram-2.2.2.jar:/Users/rudiwelter/.m2/repository/org/latencyutils/LatencyUtils/2.0.3/LatencyUtils-2.0.3.jar:/Users/rudiwelter/.m2/repository/org/springframework/boot/spring-boot-starter-data-jpa/3.3.3/spring-boot-starter-data-jpa-3.3.3.jar:/Users/rudiwelter/.m2/repository/org/springframework/boot/spring-boot-starter-aop/3.3.3/spring-boot-starter-aop-3.3.3.jar:/Users/rudiwelter/.m2/repository/org/springframework/spring-aop/6.1.12/spring-aop-6.1.12.jar:/Users/rudiwelter/.m2/repository/org/aspectj/aspectjweaver/1.9.22.1/aspectjweaver-1.9.22.1.jar:/Users/rudiwelter/.m2/repository/org/springframework/boot/spring-boot-starter-jdbc/3.3.3/spring-boot-starter-jdbc-3.3.3.jar:/Users/rudiwelter/.m2/repository/com/zaxxer/HikariCP/5.1.0/HikariCP-5.1.0.jar:/Users/rudiwelter/.m2/repository/org/springframework/spring-jdbc/6.1.12/spring-jdbc-6.1.12.jar:/Users/rudiwelter/.m2/repository/org/hibernate/orm/hibernate-core/6.5.2.Final/hibernate-core-6.5.2.Final.jar:/Users/rudiwelter/.m2/repository/jakarta/persistence/jakarta.persistence-api/3.1.0/jakarta.persistence-api-3.1.0.jar:/Users/rudiwelter/.m2/repository/jakarta/transaction/jakarta.transaction-api/2.0.1/jakarta.transaction-api-2.0.1.jar:/Users/rudiwelter/.m2/repository/org/hibernate/common/hibernate-commons-annotations/6.0.6.Final/hibernate-commons-annotations-6.0.6.Final.jar:/Users/rudiwelter/.m2/repository/io/smallrye/jandex/3.1.2/jandex-3.1.2.jar:/Users/rudiwelter/.m2/repository/com/fasterxml/classmate/1.7.0/classmate-1.7.0.jar:/Users/rudiwelter/.m2/repository/net/bytebuddy/byte-buddy/1.14.19/byte-buddy-1.14.19.jar:/Users/rudiwelter/.m2/repository/org/glassfish/jaxb/jaxb-runtime/4.0.5/jaxb-runtime-4.0.5.jar:/Users/rudiwelter/.m2/repository/org/glassfish/jaxb/jaxb-core/4.0.5/jaxb-core-4.0.5.jar:/Users/rudiwelter/.m2/repository/org/eclipse/angus/angus-activation/2.0.2/angus-activation-2.0.2.jar:/Users/rudiwelter/.m2/repository/org/glassfish/jaxb/txw2/4.0.5/txw2-4.0.5.jar:/Users/rudiwelter/.m2/repository/com/sun/istack/istack-commons-runtime/4.1.2/istack-commons-runtime-4.1.2.jar:/Users/rudiwelter/.m2/repository/jakarta/inject/jakarta.inject-api/2.0.1/jakarta.inject-api-2.0.1.jar:/Users/rudiwelter/.m2/repository/org/antlr/antlr4-runtime/4.13.0/antlr4-runtime-4.13.0.jar:/Users/rudiwelter/.m2/repository/org/springframework/data/spring-data-jpa/3.3.3/spring-data-jpa-3.3.3.jar:/Users/rudiwelter/.m2/repository/org/springframework/data/spring-data-commons/3.3.3/spring-data-commons-3.3.3.jar:/Users/rudiwelter/.m2/repository/org/springframework/spring-orm/6.1.12/spring-orm-6.1.12.jar:/Users/rudiwelter/.m2/repository/org/springframework/spring-context/6.1.12/spring-context-6.1.12.jar:/Users/rudiwelter/.m2/repository/org/springframework/spring-tx/6.1.12/spring-tx-6.1.12.jar:/Users/rudiwelter/.m2/repository/org/springframework/spring-beans/6.1.12/spring-beans-6.1.12.jar:/Users/rudiwelter/.m2/repository/org/springframework/spring-aspects/6.1.12/spring-aspects-6.1.12.jar:/Users/rudiwelter/.m2/repository/org/springframework/boot/spring-boot-starter-validation/3.3.3/spring-boot-starter-validation-3.3.3.jar:/Users/rudiwelter/.m2/repository/org/apache/tomcat/embed/tomcat-embed-el/10.1.28/tomcat-embed-el-10.1.28.jar:/Users/rudiwelter/.m2/repository/org/hibernate/validator/hibernate-validator/8.0.1.Final/hibernate-validator-8.0.1.Final.jar:/Users/rudiwelter/.m2/repository/org/springframework/boot/spring-boot-starter-web/3.3.3/spring-boot-starter-web-3.3.3.jar:/Users/rudiwelter/.m2/repository/org/springframework/boot/spring-boot-starter-json/3.3.3/spring-boot-starter-json-3.3.3.jar:/Users/rudiwelter/.m2/repository/com/fasterxml/jackson/datatype/jackson-datatype-jdk8/2.17.1/jackson-datatype-jdk8-2.17.1.jar:/Users/rudiwelter/.m2/repository/com/fasterxml/jackson/module/jackson-module-parameter-names/2.17.2/jackson-module-parameter-names-2.17.2.jar:/Users/rudiwelter/.m2/repository/org/springframework/boot/spring-boot-starter-tomcat/3.3.3/spring-boot-starter-tomcat-3.3.3.jar:/Users/rudiwelter/.m2/repository/org/apache/tomcat/embed/tomcat-embed-core/10.1.28/tomcat-embed-core-10.1.28.jar:/Users/rudiwelter/.m2/repository/org/apache/tomcat/embed/tomcat-embed-websocket/10.1.28/tomcat-embed-websocket-10.1.28.jar:/Users/rudiwelter/.m2/repository/org/springframework/spring-web/6.1.12/spring-web-6.1.12.jar:/Users/rudiwelter/.m2/repository/org/springframework/spring-webmvc/6.1.12/spring-webmvc-6.1.12.jar:/Users/rudiwelter/.m2/repository/org/springframework/spring-expression/6.1.12/spring-expression-6.1.12.jar:/Users/rudiwelter/.m2/repository/org/springframework/boot/spring-boot-starter-websocket/3.3.3/spring-boot-starter-websocket-3.3.3.jar:/Users/rudiwelter/.m2/repository/org/springframework/spring-messaging/6.1.12/spring-messaging-6.1.12.jar:/Users/rudiwelter/.m2/repository/org/springframework/spring-websocket/6.1.12/spring-websocket-6.1.12.jar:/Users/rudiwelter/.m2/repository/org/liquibase/liquibase-core/4.27.0/liquibase-core-4.27.0.jar:/Users/rudiwelter/.m2/repository/com/opencsv/opencsv/5.9/opencsv-5.9.jar:/Users/rudiwelter/.m2/repository/org/apache/commons/commons-text/1.11.0/commons-text-1.11.0.jar:/Users/rudiwelter/.m2/repository/org/apache/commons/commons-collections4/4.4/commons-collections4-4.4.jar:/Users/rudiwelter/.m2/repository/org/yaml/snakeyaml/2.2/snakeyaml-2.2.jar:/Users/rudiwelter/.m2/repository/org/apache/commons/commons-lang3/3.14.0/commons-lang3-3.14.0.jar:/Users/rudiwelter/.m2/repository/org/springframework/boot/spring-boot-devtools/3.3.3/spring-boot-devtools-3.3.3.jar:/Users/rudiwelter/.m2/repository/org/springframework/boot/spring-boot/3.3.3/spring-boot-3.3.3.jar:/Users/rudiwelter/.m2/repository/org/springframework/boot/spring-boot-autoconfigure/3.3.3/spring-boot-autoconfigure-3.3.3.jar:/Users/rudiwelter/.m2/repository/org/postgresql/postgresql/42.7.3/postgresql-42.7.3.jar:/Users/rudiwelter/.m2/repository/org/checkerframework/checker-qual/3.42.0/checker-qual-3.42.0.jar:/Users/rudiwelter/.m2/repository/org/projectlombok/lombok/1.18.34/lombok-1.18.34.jar:/Users/rudiwelter/.m2/repository/org/springframework/boot/spring-boot-starter-test/3.3.3/spring-boot-starter-test-3.3.3.jar:/Users/rudiwelter/.m2/repository/org/springframework/boot/spring-boot-test/3.3.3/spring-boot-test-3.3.3.jar:/Users/rudiwelter/.m2/repository/org/springframework/boot/spring-boot-test-autoconfigure/3.3.3/spring-boot-test-autoconfigure-3.3.3.jar:/Users/rudiwelter/.m2/repository/com/jayway/jsonpath/json-path/2.9.0/json-path-2.9.0.jar:/Users/rudiwelter/.m2/repository/jakarta/xml/bind/jakarta.xml.bind-api/4.0.2/jakarta.xml.bind-api-4.0.2.jar:/Users/rudiwelter/.m2/repository/net/minidev/json-smart/2.5.1/json-smart-2.5.1.jar:/Users/rudiwelter/.m2/repository/net/minidev/accessors-smart/2.5.1/accessors-smart-2.5.1.jar:/Users/rudiwelter/.m2/repository/org/ow2/asm/asm/9.6/asm-9.6.jar:/Users/rudiwelter/.m2/repository/org/assertj/assertj-core/3.25.3/assertj-core-3.25.3.jar:/Users/rudiwelter/.m2/repository/org/awaitility/awaitility/4.2.2/awaitility-4.2.2.jar:/Users/rudiwelter/.m2/repository/org/hamcrest/hamcrest/2.2/hamcrest-2.2.jar:/Users/rudiwelter/.m2/repository/org/junit/jupiter/junit-jupiter/5.10.3/junit-jupiter-5.10.3.jar:/Users/rudiwelter/.m2/repository/org/junit/jupiter/junit-jupiter-api/5.10.3/junit-jupiter-api-5.10.3.jar:/Users/rudiwelter/.m2/repository/org/junit/jupiter/junit-jupiter-params/5.10.3/junit-jupiter-params-5.10.3.jar:/Users/rudiwelter/.m2/repository/org/junit/jupiter/junit-jupiter-engine/5.10.3/junit-jupiter-engine-5.10.3.jar:/Users/rudiwelter/.m2/repository/org/mockito/mockito-core/2.18.0/mockito-core-2.18.0.jar:/Users/rudiwelter/.m2/repository/net/bytebuddy/byte-buddy-agent/1.14.19/byte-buddy-agent-1.14.19.jar:/Users/rudiwelter/.m2/repository/org/objenesis/objenesis/2.6/objenesis-2.6.jar:/Users/rudiwelter/.m2/repository/org/mockito/mockito-junit-jupiter/5.11.0/mockito-junit-jupiter-5.11.0.jar:/Users/rudiwelter/.m2/repository/org/skyscreamer/jsonassert/1.5.3/jsonassert-1.5.3.jar:/Users/rudiwelter/.m2/repository/com/vaadin/external/google/android-json/0.0.20131108.vaadin1/android-json-0.0.20131108.vaadin1.jar:/Users/rudiwelter/.m2/repository/org/springframework/spring-core/6.1.12/spring-core-6.1.12.jar:/Users/rudiwelter/.m2/repository/org/springframework/spring-jcl/6.1.12/spring-jcl-6.1.12.jar:/Users/rudiwelter/.m2/repository/org/xmlunit/xmlunit-core/2.9.1/xmlunit-core-2.9.1.jar:/Users/rudiwelter/.m2/repository/org/spockframework/spock-core/2.4-M4-groovy-4.0/spock-core-2.4-M4-groovy-4.0.jar:/Users/rudiwelter/.m2/repository/org/apache/groovy/groovy/4.0.22/groovy-4.0.22.jar:/Users/rudiwelter/.m2/repository/org/junit/platform/junit-platform-engine/1.10.3/junit-platform-engine-1.10.3.jar:/Users/rudiwelter/.m2/repository/org/opentest4j/opentest4j/1.3.0/opentest4j-1.3.0.jar:/Users/rudiwelter/.m2/repository/org/junit/platform/junit-platform-commons/1.10.3/junit-platform-commons-1.10.3.jar:/Users/rudiwelter/.m2/repository/org/apiguardian/apiguardian-api/1.1.2/apiguardian-api-1.1.2.jar:/Users/rudiwelter/.m2/repository/io/leangen/geantyref/geantyref/1.3.15/geantyref-1.3.15.jar:/Users/rudiwelter/.m2/repository/org/spockframework/spock-spring/2.4-M4-groovy-4.0/spock-spring-2.4-M4-groovy-4.0.jar:/Users/rudiwelter/.m2/repository/org/codehaus/groovy/modules/http-builder/http-builder/0.7.1/http-builder-0.7.1.jar:/Users/rudiwelter/.m2/repository/net/sf/json-lib/json-lib/2.3/json-lib-2.3-jdk15.jar:/Users/rudiwelter/.m2/repository/commons-beanutils/commons-beanutils/1.8.0/commons-beanutils-1.8.0.jar:/Users/rudiwelter/.m2/repository/commons-collections/commons-collections/3.2.1/commons-collections-3.2.1.jar:/Users/rudiwelter/.m2/repository/commons-lang/commons-lang/2.4/commons-lang-2.4.jar:/Users/rudiwelter/.m2/repository/net/sf/ezmorph/ezmorph/1.0.6/ezmorph-1.0.6.jar:/Users/rudiwelter/.m2/repository/net/sourceforge/nekohtml/nekohtml/1.9.22/nekohtml-1.9.22.jar:/Users/rudiwelter/.m2/repository/xerces/xercesImpl/2.11.0/xercesImpl-2.11.0.jar:/Users/rudiwelter/.m2/repository/xml-apis/xml-apis/1.4.01/xml-apis-1.4.01.jar:/Users/rudiwelter/.m2/repository/xml-resolver/xml-resolver/1.2/xml-resolver-1.2.jar:/Users/rudiwelter/.m2/repository/org/codehaus/groovy/groovy/2.5.23/groovy-2.5.23.jar:/Users/rudiwelter/.m2/repository/org/codehaus/groovy/groovy-ant/2.5.23/groovy-ant-2.5.23.jar:/Users/rudiwelter/.m2/repository/org/apache/ant/ant/1.9.16/ant-1.9.16.jar:/Users/rudiwelter/.m2/repository/org/apache/ant/ant-junit/1.9.16/ant-junit-1.9.16.jar:/Users/rudiwelter/.m2/repository/org/apache/ant/ant-launcher/1.9.16/ant-launcher-1.9.16.jar:/Users/rudiwelter/.m2/repository/org/apache/ant/ant-antlr/1.9.16/ant-antlr-1.9.16.jar:/Users/rudiwelter/.m2/repository/org/codehaus/groovy/groovy-cli-commons/2.5.23/groovy-cli-commons-2.5.23.jar:/Users/rudiwelter/.m2/repository/commons-cli/commons-cli/1.4/commons-cli-1.4.jar:/Users/rudiwelter/.m2/repository/org/codehaus/groovy/groovy-cli-picocli/2.5.23/groovy-cli-picocli-2.5.23.jar:/Users/rudiwelter/.m2/repository/info/picocli/picocli/4.3.2/picocli-4.3.2.jar:/Users/rudiwelter/.m2/repository/org/codehaus/groovy/groovy-console/2.5.23/groovy-console-2.5.23.jar:/Users/rudiwelter/.m2/repository/org/codehaus/groovy/groovy-datetime/2.5.23/groovy-datetime-2.5.23.jar:/Users/rudiwelter/.m2/repository/org/codehaus/groovy/groovy-docgenerator/2.5.23/groovy-docgenerator-2.5.23.jar:/Users/rudiwelter/.m2/repository/com/thoughtworks/qdox/qdox/1.12.1/qdox-1.12.1.jar:/Users/rudiwelter/.m2/repository/org/codehaus/groovy/groovy-groovydoc/2.5.23/groovy-groovydoc-2.5.23.jar:/Users/rudiwelter/.m2/repository/org/codehaus/groovy/groovy-groovysh/2.5.23/groovy-groovysh-2.5.23.jar:/Users/rudiwelter/.m2/repository/jline/jline/2.14.6/jline-2.14.6.jar:/Users/rudiwelter/.m2/repository/org/codehaus/groovy/groovy-jmx/2.5.23/groovy-jmx-2.5.23.jar:/Users/rudiwelter/.m2/repository/org/codehaus/groovy/groovy-json/2.5.23/groovy-json-2.5.23.jar:/Users/rudiwelter/.m2/repository/org/codehaus/groovy/groovy-jsr223/2.5.23/groovy-jsr223-2.5.23.jar:/Users/rudiwelter/.m2/repository/org/codehaus/groovy/groovy-macro/2.5.23/groovy-macro-2.5.23.jar:/Users/rudiwelter/.m2/repository/org/codehaus/groovy/groovy-nio/2.5.23/groovy-nio-2.5.23.jar:/Users/rudiwelter/.m2/repository/org/codehaus/groovy/groovy-servlet/2.5.23/groovy-servlet-2.5.23.jar:/Users/rudiwelter/.m2/repository/org/codehaus/groovy/groovy-sql/2.5.23/groovy-sql-2.5.23.jar:/Users/rudiwelter/.m2/repository/org/codehaus/groovy/groovy-swing/2.5.23/groovy-swing-2.5.23.jar:/Users/rudiwelter/.m2/repository/org/codehaus/groovy/groovy-templates/2.5.23/groovy-templates-2.5.23.jar:/Users/rudiwelter/.m2/repository/org/codehaus/groovy/groovy-test/2.5.23/groovy-test-2.5.23.jar:/Users/rudiwelter/.m2/repository/junit/junit/4.13.2/junit-4.13.2.jar:/Users/rudiwelter/.m2/repository/org/hamcrest/hamcrest-core/2.2/hamcrest-core-2.2.jar:/Users/rudiwelter/.m2/repository/org/codehaus/groovy/groovy-test-junit5/2.5.23/groovy-test-junit5-2.5.23.jar:/Users/rudiwelter/.m2/repository/org/junit/platform/junit-platform-launcher/1.10.3/junit-platform-launcher-1.10.3.jar:/Users/rudiwelter/.m2/repository/org/codehaus/groovy/groovy-testng/2.5.23/groovy-testng-2.5.23.jar:/Users/rudiwelter/.m2/repository/org/testng/testng/6.13.1/testng-6.13.1.jar:/Users/rudiwelter/.m2/repository/com/beust/jcommander/1.72/jcommander-1.72.jar:/Users/rudiwelter/.m2/repository/org/codehaus/groovy/groovy-xml/2.5.23/groovy-xml-2.5.23.jar:/Users/rudiwelter/.m2/repository/org/apache/httpcomponents/httpmime/4.5.14/httpmime-4.5.14.jar:/Users/rudiwelter/.m2/repository/org/apache/httpcomponents/httpclient/4.5.13/httpclient-4.5.13.jar:/Users/rudiwelter/.m2/repository/commons-logging/commons-logging/1.2/commons-logging-1.2.jar:/Users/rudiwelter/.m2/repository/commons-codec/commons-codec/1.16.1/commons-codec-1.16.1.jar:/Users/rudiwelter/.m2/repository/com/h2database/h2/2.2.224/h2-2.2.224.jar:/Users/rudiwelter/.m2/repository/com/google/code/gson/gson/2.10.1/gson-2.10.1.jar:/Users/rudiwelter/.m2/repository/org/springframework/spring-test/6.1.12/spring-test-6.1.12.jar:"/>
    <property name="java.vm.vendor" value="Oracle Corporation"/>
    <property name="sun.arch.data.model" value="64"/>
    <property name="catalina.useNaming" value="false"/>
    <property name="java.vendor.url" value="https://java.oracle.com/"/>
    <property name="user.timezone" value="Europe/Brussels"/>
    <property name="org.jboss.logging.provider" value="slf4j"/>
    <property name="os.name" value="Mac OS X"/>
    <property name="java.vm.specification.version" value="20"/>
    <property name="sun.java.launcher" value="SUN_STANDARD"/>
    <property name="user.country" value="BE"/>
    <property name="sun.boot.library.path" value="/Library/Java/JavaVirtualMachines/jdk-20.jdk/Contents/Home/lib"/>
    <property name="sun.java.command" value="/Users/rudiwelter/Workdir/Tut-O-Pedia/Backend/target/surefire/surefirebooter-20241112160246508_3.jar /Users/rudiwelter/Workdir/Tut-O-Pedia/Backend/target/surefire 2024-11-12T16-02-46_394-jvmRun1 surefire-20241112160246508_1tmp surefire_0-20241112160246508_2tmp"/>
    <property name="http.nonProxyHosts" value="local|*.local|169.254/16|*.169.254/16"/>
    <property name="jdk.debug" value="release"/>
    <property name="surefire.test.class.path" value="/Users/rudiwelter/Workdir/Tut-O-Pedia/Backend/target/test-classes:/Users/rudiwelter/Workdir/Tut-O-Pedia/Backend/target/classes:/Users/rudiwelter/.m2/repository/javax/xml/bind/jaxb-api/2.3.1/jaxb-api-2.3.1.jar:/Users/rudiwelter/.m2/repository/javax/activation/javax.activation-api/1.2.0/javax.activation-api-1.2.0.jar:/Users/rudiwelter/.m2/repository/com/oracle/oci/sdk/oci-java-sdk-addons-resteasy-client-configurator/3.53.0/oci-java-sdk-addons-resteasy-client-configurator-3.53.0.jar:/Users/rudiwelter/.m2/repository/org/jboss/resteasy/resteasy-core/5.0.3.Final/resteasy-core-5.0.3.Final.jar:/Users/rudiwelter/.m2/repository/org/jboss/logging/jboss-logging/3.5.3.Final/jboss-logging-3.5.3.Final.jar:/Users/rudiwelter/.m2/repository/jakarta/annotation/jakarta.annotation-api/2.1.1/jakarta.annotation-api-2.1.1.jar:/Users/rudiwelter/.m2/repository/org/jboss/spec/javax/ws/rs/jboss-jaxrs-api_2.1_spec/2.0.1.Final/jboss-jaxrs-api_2.1_spec-2.0.1.Final.jar:/Users/rudiwelter/.m2/repository/org/jboss/resteasy/resteasy-core-spi/5.0.3.Final/resteasy-core-spi-5.0.3.Final.jar:/Users/rudiwelter/.m2/repository/org/reactivestreams/reactive-streams/1.0.4/reactive-streams-1.0.4.jar:/Users/rudiwelter/.m2/repository/jakarta/activation/jakarta.activation-api/2.1.3/jakarta.activation-api-2.1.3.jar:/Users/rudiwelter/.m2/repository/jakarta/validation/jakarta.validation-api/3.0.2/jakarta.validation-api-3.0.2.jar:/Users/rudiwelter/.m2/repository/com/ibm/async/asyncutil/0.1.0/asyncutil-0.1.0.jar:/Users/rudiwelter/.m2/repository/com/oracle/oci/sdk/oci-java-sdk-common/3.53.0/oci-java-sdk-common-3.53.0.jar:/Users/rudiwelter/.m2/repository/com/fasterxml/jackson/core/jackson-annotations/2.17.1/jackson-annotations-2.17.1.jar:/Users/rudiwelter/.m2/repository/com/oracle/oci/sdk/oci-java-sdk-circuitbreaker/3.53.0/oci-java-sdk-circuitbreaker-3.53.0.jar:/Users/rudiwelter/.m2/repository/io/github/resilience4j/resilience4j-circuitbreaker/1.7.1/resilience4j-circuitbreaker-1.7.1.jar:/Users/rudiwelter/.m2/repository/io/vavr/vavr/0.10.4/vavr-0.10.4.jar:/Users/rudiwelter/.m2/repository/io/vavr/vavr-match/0.10.4/vavr-match-0.10.4.jar:/Users/rudiwelter/.m2/repository/io/github/resilience4j/resilience4j-core/1.7.1/resilience4j-core-1.7.1.jar:/Users/rudiwelter/.m2/repository/com/oracle/oci/sdk/oci-java-sdk-objectstorage/3.53.0/oci-java-sdk-objectstorage-3.53.0.jar:/Users/rudiwelter/.m2/repository/com/oracle/oci/sdk/oci-java-sdk-objectstorage-generated/3.53.0/oci-java-sdk-objectstorage-generated-3.53.0.jar:/Users/rudiwelter/.m2/repository/com/oracle/oci/sdk/oci-java-sdk-objectstorage-extensions/3.53.0/oci-java-sdk-objectstorage-extensions-3.53.0.jar:/Users/rudiwelter/.m2/repository/com/oracle/oci/sdk/oci-java-sdk-common-httpclient-jersey/3.53.0/oci-java-sdk-common-httpclient-jersey-3.53.0.jar:/Users/rudiwelter/.m2/repository/com/oracle/oci/sdk/oci-java-sdk-common-httpclient/3.53.0/oci-java-sdk-common-httpclient-3.53.0.jar:/Users/rudiwelter/.m2/repository/org/glassfish/jersey/core/jersey-common/2.35/jersey-common-2.35.jar:/Users/rudiwelter/.m2/repository/org/glassfish/hk2/external/jakarta.inject/2.6.1/jakarta.inject-2.6.1.jar:/Users/rudiwelter/.m2/repository/org/glassfish/hk2/osgi-resource-locator/1.0.3/osgi-resource-locator-1.0.3.jar:/Users/rudiwelter/.m2/repository/com/fasterxml/jackson/core/jackson-core/2.17.1/jackson-core-2.17.1.jar:/Users/rudiwelter/.m2/repository/com/fasterxml/jackson/core/jackson-databind/2.17.1/jackson-databind-2.17.1.jar:/Users/rudiwelter/.m2/repository/org/glassfish/jersey/core/jersey-client/2.35/jersey-client-2.35.jar:/Users/rudiwelter/.m2/repository/org/glassfish/jersey/media/jersey-media-json-jackson/2.35/jersey-media-json-jackson-2.35.jar:/Users/rudiwelter/.m2/repository/org/glassfish/jersey/ext/jersey-entity-filtering/3.1.8/jersey-entity-filtering-3.1.8.jar:/Users/rudiwelter/.m2/repository/com/fasterxml/jackson/module/jackson-module-jaxb-annotations/2.17.2/jackson-module-jaxb-annotations-2.17.2.jar:/Users/rudiwelter/.m2/repository/org/glassfish/jersey/inject/jersey-hk2/2.35/jersey-hk2-2.35.jar:/Users/rudiwelter/.m2/repository/org/glassfish/hk2/hk2-locator/2.6.1/hk2-locator-2.6.1.jar:/Users/rudiwelter/.m2/repository/org/glassfish/hk2/external/aopalliance-repackaged/2.6.1/aopalliance-repackaged-2.6.1.jar:/Users/rudiwelter/.m2/repository/org/glassfish/hk2/hk2-api/2.6.1/hk2-api-2.6.1.jar:/Users/rudiwelter/.m2/repository/org/glassfish/hk2/hk2-utils/2.6.1/hk2-utils-2.6.1.jar:/Users/rudiwelter/.m2/repository/org/javassist/javassist/3.25.0-GA/javassist-3.25.0-GA.jar:/Users/rudiwelter/.m2/repository/jakarta/ws/rs/jakarta.ws.rs-api/3.1.0/jakarta.ws.rs-api-3.1.0.jar:/Users/rudiwelter/.m2/repository/javax/annotation/javax.annotation-api/1.3.2/javax.annotation-api-1.3.2.jar:/Users/rudiwelter/.m2/repository/org/glassfish/jersey/connectors/jersey-apache-connector/2.35/jersey-apache-connector-2.35.jar:/Users/rudiwelter/.m2/repository/org/apache/httpcomponents/httpcore/4.4.16/httpcore-4.4.16.jar:/Users/rudiwelter/.m2/repository/com/fasterxml/jackson/datatype/jackson-datatype-jsr310/2.17.1/jackson-datatype-jsr310-2.17.1.jar:/Users/rudiwelter/.m2/repository/org/slf4j/slf4j-api/2.0.16/slf4j-api-2.0.16.jar:/Users/rudiwelter/.m2/repository/org/springframework/boot/spring-boot-starter-actuator/3.3.3/spring-boot-starter-actuator-3.3.3.jar:/Users/rudiwelter/.m2/repository/org/springframework/boot/spring-boot-starter/3.3.3/spring-boot-starter-3.3.3.jar:/Users/rudiwelter/.m2/repository/org/springframework/boot/spring-boot-starter-logging/3.3.3/spring-boot-starter-logging-3.3.3.jar:/Users/rudiwelter/.m2/repository/ch/qos/logback/logback-classic/1.5.7/logback-classic-1.5.7.jar:/Users/rudiwelter/.m2/repository/ch/qos/logback/logback-core/1.5.7/logback-core-1.5.7.jar:/Users/rudiwelter/.m2/repository/org/apache/logging/log4j/log4j-to-slf4j/2.23.1/log4j-to-slf4j-2.23.1.jar:/Users/rudiwelter/.m2/repository/org/apache/logging/log4j/log4j-api/2.23.1/log4j-api-2.23.1.jar:/Users/rudiwelter/.m2/repository/org/slf4j/jul-to-slf4j/2.0.16/jul-to-slf4j-2.0.16.jar:/Users/rudiwelter/.m2/repository/org/springframework/boot/spring-boot-actuator-autoconfigure/3.3.3/spring-boot-actuator-autoconfigure-3.3.3.jar:/Users/rudiwelter/.m2/repository/org/springframework/boot/spring-boot-actuator/3.3.3/spring-boot-actuator-3.3.3.jar:/Users/rudiwelter/.m2/repository/io/micrometer/micrometer-observation/1.13.3/micrometer-observation-1.13.3.jar:/Users/rudiwelter/.m2/repository/io/micrometer/micrometer-commons/1.13.3/micrometer-commons-1.13.3.jar:/Users/rudiwelter/.m2/repository/io/micrometer/micrometer-jakarta9/1.13.3/micrometer-jakarta9-1.13.3.jar:/Users/rudiwelter/.m2/repository/io/micrometer/micrometer-core/1.13.3/micrometer-core-1.13.3.jar:/Users/rudiwelter/.m2/repository/org/hdrhistogram/HdrHistogram/2.2.2/HdrHistogram-2.2.2.jar:/Users/rudiwelter/.m2/repository/org/latencyutils/LatencyUtils/2.0.3/LatencyUtils-2.0.3.jar:/Users/rudiwelter/.m2/repository/org/springframework/boot/spring-boot-starter-data-jpa/3.3.3/spring-boot-starter-data-jpa-3.3.3.jar:/Users/rudiwelter/.m2/repository/org/springframework/boot/spring-boot-starter-aop/3.3.3/spring-boot-starter-aop-3.3.3.jar:/Users/rudiwelter/.m2/repository/org/springframework/spring-aop/6.1.12/spring-aop-6.1.12.jar:/Users/rudiwelter/.m2/repository/org/aspectj/aspectjweaver/1.9.22.1/aspectjweaver-1.9.22.1.jar:/Users/rudiwelter/.m2/repository/org/springframework/boot/spring-boot-starter-jdbc/3.3.3/spring-boot-starter-jdbc-3.3.3.jar:/Users/rudiwelter/.m2/repository/com/zaxxer/HikariCP/5.1.0/HikariCP-5.1.0.jar:/Users/rudiwelter/.m2/repository/org/springframework/spring-jdbc/6.1.12/spring-jdbc-6.1.12.jar:/Users/rudiwelter/.m2/repository/org/hibernate/orm/hibernate-core/6.5.2.Final/hibernate-core-6.5.2.Final.jar:/Users/rudiwelter/.m2/repository/jakarta/persistence/jakarta.persistence-api/3.1.0/jakarta.persistence-api-3.1.0.jar:/Users/rudiwelter/.m2/repository/jakarta/transaction/jakarta.transaction-api/2.0.1/jakarta.transaction-api-2.0.1.jar:/Users/rudiwelter/.m2/repository/org/hibernate/common/hibernate-commons-annotations/6.0.6.Final/hibernate-commons-annotations-6.0.6.Final.jar:/Users/rudiwelter/.m2/repository/io/smallrye/jandex/3.1.2/jandex-3.1.2.jar:/Users/rudiwelter/.m2/repository/com/fasterxml/classmate/1.7.0/classmate-1.7.0.jar:/Users/rudiwelter/.m2/repository/net/bytebuddy/byte-buddy/1.14.19/byte-buddy-1.14.19.jar:/Users/rudiwelter/.m2/repository/org/glassfish/jaxb/jaxb-runtime/4.0.5/jaxb-runtime-4.0.5.jar:/Users/rudiwelter/.m2/repository/org/glassfish/jaxb/jaxb-core/4.0.5/jaxb-core-4.0.5.jar:/Users/rudiwelter/.m2/repository/org/eclipse/angus/angus-activation/2.0.2/angus-activation-2.0.2.jar:/Users/rudiwelter/.m2/repository/org/glassfish/jaxb/txw2/4.0.5/txw2-4.0.5.jar:/Users/rudiwelter/.m2/repository/com/sun/istack/istack-commons-runtime/4.1.2/istack-commons-runtime-4.1.2.jar:/Users/rudiwelter/.m2/repository/jakarta/inject/jakarta.inject-api/2.0.1/jakarta.inject-api-2.0.1.jar:/Users/rudiwelter/.m2/repository/org/antlr/antlr4-runtime/4.13.0/antlr4-runtime-4.13.0.jar:/Users/rudiwelter/.m2/repository/org/springframework/data/spring-data-jpa/3.3.3/spring-data-jpa-3.3.3.jar:/Users/rudiwelter/.m2/repository/org/springframework/data/spring-data-commons/3.3.3/spring-data-commons-3.3.3.jar:/Users/rudiwelter/.m2/repository/org/springframework/spring-orm/6.1.12/spring-orm-6.1.12.jar:/Users/rudiwelter/.m2/repository/org/springframework/spring-context/6.1.12/spring-context-6.1.12.jar:/Users/rudiwelter/.m2/repository/org/springframework/spring-tx/6.1.12/spring-tx-6.1.12.jar:/Users/rudiwelter/.m2/repository/org/springframework/spring-beans/6.1.12/spring-beans-6.1.12.jar:/Users/rudiwelter/.m2/repository/org/springframework/spring-aspects/6.1.12/spring-aspects-6.1.12.jar:/Users/rudiwelter/.m2/repository/org/springframework/boot/spring-boot-starter-validation/3.3.3/spring-boot-starter-validation-3.3.3.jar:/Users/rudiwelter/.m2/repository/org/apache/tomcat/embed/tomcat-embed-el/10.1.28/tomcat-embed-el-10.1.28.jar:/Users/rudiwelter/.m2/repository/org/hibernate/validator/hibernate-validator/8.0.1.Final/hibernate-validator-8.0.1.Final.jar:/Users/rudiwelter/.m2/repository/org/springframework/boot/spring-boot-starter-web/3.3.3/spring-boot-starter-web-3.3.3.jar:/Users/rudiwelter/.m2/repository/org/springframework/boot/spring-boot-starter-json/3.3.3/spring-boot-starter-json-3.3.3.jar:/Users/rudiwelter/.m2/repository/com/fasterxml/jackson/datatype/jackson-datatype-jdk8/2.17.1/jackson-datatype-jdk8-2.17.1.jar:/Users/rudiwelter/.m2/repository/com/fasterxml/jackson/module/jackson-module-parameter-names/2.17.2/jackson-module-parameter-names-2.17.2.jar:/Users/rudiwelter/.m2/repository/org/springframework/boot/spring-boot-starter-tomcat/3.3.3/spring-boot-starter-tomcat-3.3.3.jar:/Users/rudiwelter/.m2/repository/org/apache/tomcat/embed/tomcat-embed-core/10.1.28/tomcat-embed-core-10.1.28.jar:/Users/rudiwelter/.m2/repository/org/apache/tomcat/embed/tomcat-embed-websocket/10.1.28/tomcat-embed-websocket-10.1.28.jar:/Users/rudiwelter/.m2/repository/org/springframework/spring-web/6.1.12/spring-web-6.1.12.jar:/Users/rudiwelter/.m2/repository/org/springframework/spring-webmvc/6.1.12/spring-webmvc-6.1.12.jar:/Users/rudiwelter/.m2/repository/org/springframework/spring-expression/6.1.12/spring-expression-6.1.12.jar:/Users/rudiwelter/.m2/repository/org/springframework/boot/spring-boot-starter-websocket/3.3.3/spring-boot-starter-websocket-3.3.3.jar:/Users/rudiwelter/.m2/repository/org/springframework/spring-messaging/6.1.12/spring-messaging-6.1.12.jar:/Users/rudiwelter/.m2/repository/org/springframework/spring-websocket/6.1.12/spring-websocket-6.1.12.jar:/Users/rudiwelter/.m2/repository/org/liquibase/liquibase-core/4.27.0/liquibase-core-4.27.0.jar:/Users/rudiwelter/.m2/repository/com/opencsv/opencsv/5.9/opencsv-5.9.jar:/Users/rudiwelter/.m2/repository/org/apache/commons/commons-text/1.11.0/commons-text-1.11.0.jar:/Users/rudiwelter/.m2/repository/org/apache/commons/commons-collections4/4.4/commons-collections4-4.4.jar:/Users/rudiwelter/.m2/repository/org/yaml/snakeyaml/2.2/snakeyaml-2.2.jar:/Users/rudiwelter/.m2/repository/org/apache/commons/commons-lang3/3.14.0/commons-lang3-3.14.0.jar:/Users/rudiwelter/.m2/repository/org/springframework/boot/spring-boot-devtools/3.3.3/spring-boot-devtools-3.3.3.jar:/Users/rudiwelter/.m2/repository/org/springframework/boot/spring-boot/3.3.3/spring-boot-3.3.3.jar:/Users/rudiwelter/.m2/repository/org/springframework/boot/spring-boot-autoconfigure/3.3.3/spring-boot-autoconfigure-3.3.3.jar:/Users/rudiwelter/.m2/repository/org/postgresql/postgresql/42.7.3/postgresql-42.7.3.jar:/Users/rudiwelter/.m2/repository/org/checkerframework/checker-qual/3.42.0/checker-qual-3.42.0.jar:/Users/rudiwelter/.m2/repository/org/projectlombok/lombok/1.18.34/lombok-1.18.34.jar:/Users/rudiwelter/.m2/repository/org/springframework/boot/spring-boot-starter-test/3.3.3/spring-boot-starter-test-3.3.3.jar:/Users/rudiwelter/.m2/repository/org/springframework/boot/spring-boot-test/3.3.3/spring-boot-test-3.3.3.jar:/Users/rudiwelter/.m2/repository/org/springframework/boot/spring-boot-test-autoconfigure/3.3.3/spring-boot-test-autoconfigure-3.3.3.jar:/Users/rudiwelter/.m2/repository/com/jayway/jsonpath/json-path/2.9.0/json-path-2.9.0.jar:/Users/rudiwelter/.m2/repository/jakarta/xml/bind/jakarta.xml.bind-api/4.0.2/jakarta.xml.bind-api-4.0.2.jar:/Users/rudiwelter/.m2/repository/net/minidev/json-smart/2.5.1/json-smart-2.5.1.jar:/Users/rudiwelter/.m2/repository/net/minidev/accessors-smart/2.5.1/accessors-smart-2.5.1.jar:/Users/rudiwelter/.m2/repository/org/ow2/asm/asm/9.6/asm-9.6.jar:/Users/rudiwelter/.m2/repository/org/assertj/assertj-core/3.25.3/assertj-core-3.25.3.jar:/Users/rudiwelter/.m2/repository/org/awaitility/awaitility/4.2.2/awaitility-4.2.2.jar:/Users/rudiwelter/.m2/repository/org/hamcrest/hamcrest/2.2/hamcrest-2.2.jar:/Users/rudiwelter/.m2/repository/org/junit/jupiter/junit-jupiter/5.10.3/junit-jupiter-5.10.3.jar:/Users/rudiwelter/.m2/repository/org/junit/jupiter/junit-jupiter-api/5.10.3/junit-jupiter-api-5.10.3.jar:/Users/rudiwelter/.m2/repository/org/junit/jupiter/junit-jupiter-params/5.10.3/junit-jupiter-params-5.10.3.jar:/Users/rudiwelter/.m2/repository/org/junit/jupiter/junit-jupiter-engine/5.10.3/junit-jupiter-engine-5.10.3.jar:/Users/rudiwelter/.m2/repository/org/mockito/mockito-core/2.18.0/mockito-core-2.18.0.jar:/Users/rudiwelter/.m2/repository/net/bytebuddy/byte-buddy-agent/1.14.19/byte-buddy-agent-1.14.19.jar:/Users/rudiwelter/.m2/repository/org/objenesis/objenesis/2.6/objenesis-2.6.jar:/Users/rudiwelter/.m2/repository/org/mockito/mockito-junit-jupiter/5.11.0/mockito-junit-jupiter-5.11.0.jar:/Users/rudiwelter/.m2/repository/org/skyscreamer/jsonassert/1.5.3/jsonassert-1.5.3.jar:/Users/rudiwelter/.m2/repository/com/vaadin/external/google/android-json/0.0.20131108.vaadin1/android-json-0.0.20131108.vaadin1.jar:/Users/rudiwelter/.m2/repository/org/springframework/spring-core/6.1.12/spring-core-6.1.12.jar:/Users/rudiwelter/.m2/repository/org/springframework/spring-jcl/6.1.12/spring-jcl-6.1.12.jar:/Users/rudiwelter/.m2/repository/org/xmlunit/xmlunit-core/2.9.1/xmlunit-core-2.9.1.jar:/Users/rudiwelter/.m2/repository/org/spockframework/spock-core/2.4-M4-groovy-4.0/spock-core-2.4-M4-groovy-4.0.jar:/Users/rudiwelter/.m2/repository/org/apache/groovy/groovy/4.0.22/groovy-4.0.22.jar:/Users/rudiwelter/.m2/repository/org/junit/platform/junit-platform-engine/1.10.3/junit-platform-engine-1.10.3.jar:/Users/rudiwelter/.m2/repository/org/opentest4j/opentest4j/1.3.0/opentest4j-1.3.0.jar:/Users/rudiwelter/.m2/repository/org/junit/platform/junit-platform-commons/1.10.3/junit-platform-commons-1.10.3.jar:/Users/rudiwelter/.m2/repository/org/apiguardian/apiguardian-api/1.1.2/apiguardian-api-1.1.2.jar:/Users/rudiwelter/.m2/repository/io/leangen/geantyref/geantyref/1.3.15/geantyref-1.3.15.jar:/Users/rudiwelter/.m2/repository/org/spockframework/spock-spring/2.4-M4-groovy-4.0/spock-spring-2.4-M4-groovy-4.0.jar:/Users/rudiwelter/.m2/repository/org/codehaus/groovy/modules/http-builder/http-builder/0.7.1/http-builder-0.7.1.jar:/Users/rudiwelter/.m2/repository/net/sf/json-lib/json-lib/2.3/json-lib-2.3-jdk15.jar:/Users/rudiwelter/.m2/repository/commons-beanutils/commons-beanutils/1.8.0/commons-beanutils-1.8.0.jar:/Users/rudiwelter/.m2/repository/commons-collections/commons-collections/3.2.1/commons-collections-3.2.1.jar:/Users/rudiwelter/.m2/repository/commons-lang/commons-lang/2.4/commons-lang-2.4.jar:/Users/rudiwelter/.m2/repository/net/sf/ezmorph/ezmorph/1.0.6/ezmorph-1.0.6.jar:/Users/rudiwelter/.m2/repository/net/sourceforge/nekohtml/nekohtml/1.9.22/nekohtml-1.9.22.jar:/Users/rudiwelter/.m2/repository/xerces/xercesImpl/2.11.0/xercesImpl-2.11.0.jar:/Users/rudiwelter/.m2/repository/xml-apis/xml-apis/1.4.01/xml-apis-1.4.01.jar:/Users/rudiwelter/.m2/repository/xml-resolver/xml-resolver/1.2/xml-resolver-1.2.jar:/Users/rudiwelter/.m2/repository/org/codehaus/groovy/groovy/2.5.23/groovy-2.5.23.jar:/Users/rudiwelter/.m2/repository/org/codehaus/groovy/groovy-ant/2.5.23/groovy-ant-2.5.23.jar:/Users/rudiwelter/.m2/repository/org/apache/ant/ant/1.9.16/ant-1.9.16.jar:/Users/rudiwelter/.m2/repository/org/apache/ant/ant-junit/1.9.16/ant-junit-1.9.16.jar:/Users/rudiwelter/.m2/repository/org/apache/ant/ant-launcher/1.9.16/ant-launcher-1.9.16.jar:/Users/rudiwelter/.m2/repository/org/apache/ant/ant-antlr/1.9.16/ant-antlr-1.9.16.jar:/Users/rudiwelter/.m2/repository/org/codehaus/groovy/groovy-cli-commons/2.5.23/groovy-cli-commons-2.5.23.jar:/Users/rudiwelter/.m2/repository/commons-cli/commons-cli/1.4/commons-cli-1.4.jar:/Users/rudiwelter/.m2/repository/org/codehaus/groovy/groovy-cli-picocli/2.5.23/groovy-cli-picocli-2.5.23.jar:/Users/rudiwelter/.m2/repository/info/picocli/picocli/4.3.2/picocli-4.3.2.jar:/Users/rudiwelter/.m2/repository/org/codehaus/groovy/groovy-console/2.5.23/groovy-console-2.5.23.jar:/Users/rudiwelter/.m2/repository/org/codehaus/groovy/groovy-datetime/2.5.23/groovy-datetime-2.5.23.jar:/Users/rudiwelter/.m2/repository/org/codehaus/groovy/groovy-docgenerator/2.5.23/groovy-docgenerator-2.5.23.jar:/Users/rudiwelter/.m2/repository/com/thoughtworks/qdox/qdox/1.12.1/qdox-1.12.1.jar:/Users/rudiwelter/.m2/repository/org/codehaus/groovy/groovy-groovydoc/2.5.23/groovy-groovydoc-2.5.23.jar:/Users/rudiwelter/.m2/repository/org/codehaus/groovy/groovy-groovysh/2.5.23/groovy-groovysh-2.5.23.jar:/Users/rudiwelter/.m2/repository/jline/jline/2.14.6/jline-2.14.6.jar:/Users/rudiwelter/.m2/repository/org/codehaus/groovy/groovy-jmx/2.5.23/groovy-jmx-2.5.23.jar:/Users/rudiwelter/.m2/repository/org/codehaus/groovy/groovy-json/2.5.23/groovy-json-2.5.23.jar:/Users/rudiwelter/.m2/repository/org/codehaus/groovy/groovy-jsr223/2.5.23/groovy-jsr223-2.5.23.jar:/Users/rudiwelter/.m2/repository/org/codehaus/groovy/groovy-macro/2.5.23/groovy-macro-2.5.23.jar:/Users/rudiwelter/.m2/repository/org/codehaus/groovy/groovy-nio/2.5.23/groovy-nio-2.5.23.jar:/Users/rudiwelter/.m2/repository/org/codehaus/groovy/groovy-servlet/2.5.23/groovy-servlet-2.5.23.jar:/Users/rudiwelter/.m2/repository/org/codehaus/groovy/groovy-sql/2.5.23/groovy-sql-2.5.23.jar:/Users/rudiwelter/.m2/repository/org/codehaus/groovy/groovy-swing/2.5.23/groovy-swing-2.5.23.jar:/Users/rudiwelter/.m2/repository/org/codehaus/groovy/groovy-templates/2.5.23/groovy-templates-2.5.23.jar:/Users/rudiwelter/.m2/repository/org/codehaus/groovy/groovy-test/2.5.23/groovy-test-2.5.23.jar:/Users/rudiwelter/.m2/repository/junit/junit/4.13.2/junit-4.13.2.jar:/Users/rudiwelter/.m2/repository/org/hamcrest/hamcrest-core/2.2/hamcrest-core-2.2.jar:/Users/rudiwelter/.m2/repository/org/codehaus/groovy/groovy-test-junit5/2.5.23/groovy-test-junit5-2.5.23.jar:/Users/rudiwelter/.m2/repository/org/junit/platform/junit-platform-launcher/1.10.3/junit-platform-launcher-1.10.3.jar:/Users/rudiwelter/.m2/repository/org/codehaus/groovy/groovy-testng/2.5.23/groovy-testng-2.5.23.jar:/Users/rudiwelter/.m2/repository/org/testng/testng/6.13.1/testng-6.13.1.jar:/Users/rudiwelter/.m2/repository/com/beust/jcommander/1.72/jcommander-1.72.jar:/Users/rudiwelter/.m2/repository/org/codehaus/groovy/groovy-xml/2.5.23/groovy-xml-2.5.23.jar:/Users/rudiwelter/.m2/repository/org/apache/httpcomponents/httpmime/4.5.14/httpmime-4.5.14.jar:/Users/rudiwelter/.m2/repository/org/apache/httpcomponents/httpclient/4.5.13/httpclient-4.5.13.jar:/Users/rudiwelter/.m2/repository/commons-logging/commons-logging/1.2/commons-logging-1.2.jar:/Users/rudiwelter/.m2/repository/commons-codec/commons-codec/1.16.1/commons-codec-1.16.1.jar:/Users/rudiwelter/.m2/repository/com/h2database/h2/2.2.224/h2-2.2.224.jar:/Users/rudiwelter/.m2/repository/com/google/code/gson/gson/2.10.1/gson-2.10.1.jar:/Users/rudiwelter/.m2/repository/org/springframework/spring-test/6.1.12/spring-test-6.1.12.jar:"/>
    <property name="sun.cpu.endian" value="little"/>
    <property name="user.home" value="/Users/rudiwelter"/>
    <property name="user.language" value="en"/>
    <property name="java.specification.vendor" value="Oracle Corporation"/>
    <property name="java.version.date" value="2023-03-21"/>
    <property name="java.home" value="/Library/Java/JavaVirtualMachines/jdk-20.jdk/Contents/Home"/>
    <property name="file.separator" value="/"/>
    <property name="basedir" value="/Users/rudiwelter/Workdir/Tut-O-Pedia/Backend"/>
    <property name="java.vm.compressedOopsMode" value="Zero based"/>
    <property name="line.separator" value="&#10;"/>
    <property name="java.vm.specification.vendor" value="Oracle Corporation"/>
    <property name="java.specification.name" value="Java Platform API Specification"/>
    <property name="FILE_LOG_CHARSET" value="UTF-8"/>
    <property name="java.awt.headless" value="true"/>
    <property name="apple.awt.application.name" value="ForkedBooter"/>
    <property name="surefire.real.class.path" value="/Users/rudiwelter/Workdir/Tut-O-Pedia/Backend/target/surefire/surefirebooter-20241112160246508_3.jar"/>
    <property name="sun.management.compiler" value="HotSpot 64-Bit Tiered Compilers"/>
    <property name="ftp.nonProxyHosts" value="local|*.local|169.254/16|*.169.254/16"/>
    <property name="java.runtime.version" value="20+36-2344"/>
    <property name="user.name" value="rudiwelter"/>
    <property name="stdout.encoding" value="UTF-8"/>
    <property name="path.separator" value=":"/>
    <property name="os.version" value="12.7.6"/>
    <property name="java.runtime.name" value="Java(TM) SE Runtime Environment"/>
    <property name="file.encoding" value="UTF-8"/>
    <property name="java.vm.name" value="Java HotSpot(TM) 64-Bit Server VM"/>
    <property name="localRepository" value="/Users/rudiwelter/.m2/repository"/>
    <property name="java.vendor.url.bug" value="https://bugreport.java.com/bugreport/"/>
    <property name="java.io.tmpdir" value="/var/folders/k7/7nsc1qy952z78rzmln2k60fr0000gn/T/"/>
    <property name="catalina.home" value="/private/var/folders/k7/7nsc1qy952z78rzmln2k60fr0000gn/T/tomcat.8081.2350587622715571779"/>
    <property name="java.version" value="20"/>
    <property name="user.dir" value="/Users/rudiwelter/Workdir/Tut-O-Pedia/Backend"/>
    <property name="os.arch" value="x86_64"/>
    <property name="java.vm.specification.name" value="Java Virtual Machine Specification"/>
    <property name="PID" value="62252"/>
    <property name="CONSOLE_LOG_CHARSET" value="UTF-8"/>
    <property name="catalina.base" value="/private/var/folders/k7/7nsc1qy952z78rzmln2k60fr0000gn/T/tomcat.8082.16725759539215789707"/>
    <property name="native.encoding" value="UTF-8"/>
    <property name="java.library.path" value="/Users/rudiwelter/Library/Java/Extensions:/Library/Java/Extensions:/Network/Library/Java/Extensions:/System/Library/Java/Extensions:/usr/lib/java:."/>
    <property name="java.vm.info" value="mixed mode, sharing"/>
    <property name="stderr.encoding" value="UTF-8"/>
    <property name="java.vendor" value="Oracle Corporation"/>
    <property name="java.vm.version" value="20+36-2344"/>
    <property name="sun.io.unicode.encoding" value="UnicodeBig"/>
    <property name="socksNonProxyHosts" value="local|*.local|169.254/16|*.169.254/16"/>
    <property name="java.class.version" value="64.0"/>
    <property name="LOGGED_APPLICATION_NAME" value="[Tut-O-Pedia Backend] "/>
  </properties>
  <testcase name="when greetings then OK" classname="com.tutopedia.backend.controllers.TutorialControllerSpec" time="0.0">
    <skipped message="Ignored via @Ignore"/>
  </testcase>
  <testcase name="when create tutorial then CREATED" classname="com.tutopedia.backend.controllers.TutorialControllerSpec" time="0.0">
    <skipped message="Ignored via @Ignore"/>
  </testcase>
  <testcase name="when find all tutorials then OK" classname="com.tutopedia.backend.controllers.TutorialControllerSpec" time="0.0">
    <skipped message="Ignored via @Ignore"/>
  </testcase>
  <testcase name="when find all unpublished tutorials then OK" classname="com.tutopedia.backend.controllers.TutorialControllerSpec" time="0.0">
    <skipped message="Ignored via @Ignore"/>
  </testcase>
  <testcase name="when find tutorial by id then OK" classname="com.tutopedia.backend.controllers.TutorialControllerSpec" time="0.0">
    <skipped message="Ignored via @Ignore"/>
  </testcase>
  <testcase name="when find tutorial by id then NOT FOUND" classname="com.tutopedia.backend.controllers.TutorialControllerSpec" time="0.0">
    <skipped message="Ignored via @Ignore"/>
  </testcase>
  <testcase name="when update tutorial by id then OK" classname="com.tutopedia.backend.controllers.TutorialControllerSpec" time="0.0">
    <skipped message="Ignored via @Ignore"/>
  </testcase>
  <testcase name="when update tutorial by mismatch id then BAD REQUEST" classname="com.tutopedia.backend.controllers.TutorialControllerSpec" time="0.0">
    <skipped message="Ignored via @Ignore"/>
  </testcase>
  <testcase name="when update tutorial by not existing id then NOT FOUND" classname="com.tutopedia.backend.controllers.TutorialControllerSpec" time="0.0">
    <skipped message="Ignored via @Ignore"/>
  </testcase>
  <testcase name="when update tutorial by id and with file then OK" classname="com.tutopedia.backend.controllers.TutorialControllerSpec" time="0.0">
    <skipped message="Ignored via @Ignore"/>
  </testcase>
  <testcase name="when update tutorial by id and with file then NOT FOUND" classname="com.tutopedia.backend.controllers.TutorialControllerSpec" time="0.0">
    <skipped message="Ignored via @Ignore"/>
  </testcase>
  <testcase name="when publish all tutorials then OK" classname="com.tutopedia.backend.controllers.TutorialControllerSpec" time="0.0">
    <skipped message="Ignored via @Ignore"/>
  </testcase>
  <testcase name="when publish tutorial by id then OK" classname="com.tutopedia.backend.controllers.TutorialControllerSpec" time="0.0">
    <skipped message="Ignored via @Ignore"/>
  </testcase>
  <testcase name="when publish tutorial by id then NOT FOUND" classname="com.tutopedia.backend.controllers.TutorialControllerSpec" time="0.0">
    <skipped message="Ignored via @Ignore"/>
  </testcase>
  <testcase name="when publish tutorials by ids then OK" classname="com.tutopedia.backend.controllers.TutorialControllerSpec" time="0.0">
    <skipped message="Ignored via @Ignore"/>
  </testcase>
  <testcase name="when publish tutorials by ids then NOT FOUND" classname="com.tutopedia.backend.controllers.TutorialControllerSpec" time="0.0">
    <skipped message="Ignored via @Ignore"/>
  </testcase>
  <testcase name="when delete all tutorials then OK" classname="com.tutopedia.backend.controllers.TutorialControllerSpec" time="0.0">
    <skipped message="Ignored via @Ignore"/>
  </testcase>
  <testcase name="when delete tutorial by id then OK" classname="com.tutopedia.backend.controllers.TutorialControllerSpec" time="0.0">
    <skipped message="Ignored via @Ignore"/>
  </testcase>
  <testcase name="when delete tutorial by id then NOT FOUND" classname="com.tutopedia.backend.controllers.TutorialControllerSpec" time="0.0">
    <skipped message="Ignored via @Ignore"/>
  </testcase>
  <testcase name="when delete tutorials by ids then OK" classname="com.tutopedia.backend.controllers.TutorialControllerSpec" time="0.0">
    <skipped message="Ignored via @Ignore"/>
  </testcase>
  <testcase name="when delete tutorials by ids then NOT FOUND" classname="com.tutopedia.backend.controllers.TutorialControllerSpec" time="0.0">
    <skipped message="Ignored via @Ignore"/>
  </testcase>
  <testcase name="when create bucket then OK" classname="com.tutopedia.backend.controllers.TutorialControllerSpec" time="0.0">
    <skipped message="Ignored via @Ignore"/>
  </testcase>
  <testcase name="when find all bucket then OK" classname="com.tutopedia.backend.controllers.TutorialControllerSpec" time="0.0">
    <skipped message="Ignored via @Ignore"/>
  </testcase>
  <testcase name="when find bucket by id then OK" classname="com.tutopedia.backend.controllers.TutorialControllerSpec" time="0.0">
    <skipped message="Ignored via @Ignore"/>
  </testcase>
  <testcase name="when find bucket by id not in DB then NOT FOUND" classname="com.tutopedia.backend.controllers.TutorialControllerSpec" time="0.0">
    <skipped message="Ignored via @Ignore"/>
  </testcase>
  <testcase name="when find default bucket then OK" classname="com.tutopedia.backend.controllers.TutorialControllerSpec" time="0.0">
    <skipped message="Ignored via @Ignore"/>
  </testcase>
  <testcase name="when delete all buckets then OK" classname="com.tutopedia.backend.controllers.TutorialControllerSpec" time="0.0">
    <skipped message="Ignored via @Ignore"/>
  </testcase>
  <testcase name="when delete bucket with id then OK" classname="com.tutopedia.backend.controllers.TutorialControllerSpec" time="0.0">
    <skipped message="Ignored via @Ignore"/>
  </testcase>
  <testcase name="when delete bucket with id not in DB then NOT_FOUND" classname="com.tutopedia.backend.controllers.TutorialControllerSpec" time="0.0">
    <skipped message="Ignored via @Ignore"/>
  </testcase>
</testsuite>