<?xml version="1.0" encoding="UTF-8"?>
<testsuite xmlns:xsi="http://www.w3.org/2001/XMLSchema-instance" xsi:noNamespaceSchemaLocation="https://maven.apache.org/surefire/maven-surefire-plugin/xsd/surefire-test-report-3.0.xsd" version="3.0" name="com.tutopedia.backend.controllers.BucketControllerSpec" time="4.048" tests="11" errors="1" skipped="10" failures="0">
  <properties>
    <property name="java.specification.version" value="20"/>
    <property name="sun.jnu.encoding" value="UTF-8"/>
    <property name="java.class.path" value="/Users/rudiwelter/Workdir/Tut-O-Pedia/Backend/target/test-classes:/Users/rudiwelter/Workdir/Tut-O-Pedia/Backend/target/classes:/Users/rudiwelter/.m2/repository/com/oracle/oci/sdk/oci-java-sdk-addons-resteasy-client-configurator/3.53.0/oci-java-sdk-addons-resteasy-client-configurator-3.53.0.jar:/Users/rudiwelter/.m2/repository/org/jboss/resteasy/resteasy-core/5.0.3.Final/resteasy-core-5.0.3.Final.jar:/Users/rudiwelter/.m2/repository/org/jboss/logging/jboss-logging/3.5.3.Final/jboss-logging-3.5.3.Final.jar:/Users/rudiwelter/.m2/repository/jakarta/annotation/jakarta.annotation-api/2.1.1/jakarta.annotation-api-2.1.1.jar:/Users/rudiwelter/.m2/repository/org/jboss/spec/javax/ws/rs/jboss-jaxrs-api_2.1_spec/2.0.1.Final/jboss-jaxrs-api_2.1_spec-2.0.1.Final.jar:/Users/rudiwelter/.m2/repository/org/jboss/resteasy/resteasy-core-spi/5.0.3.Final/resteasy-core-spi-5.0.3.Final.jar:/Users/rudiwelter/.m2/repository/org/reactivestreams/reactive-streams/1.0.4/reactive-streams-1.0.4.jar:/Users/rudiwelter/.m2/repository/jakarta/activation/jakarta.activation-api/2.1.3/jakarta.activation-api-2.1.3.jar:/Users/rudiwelter/.m2/repository/jakarta/validation/jakarta.validation-api/3.0.2/jakarta.validation-api-3.0.2.jar:/Users/rudiwelter/.m2/repository/com/ibm/async/asyncutil/0.1.0/asyncutil-0.1.0.jar:/Users/rudiwelter/.m2/repository/com/oracle/oci/sdk/oci-java-sdk-common/3.53.0/oci-java-sdk-common-3.53.0.jar:/Users/rudiwelter/.m2/repository/com/fasterxml/jackson/core/jackson-annotations/2.17.1/jackson-annotations-2.17.1.jar:/Users/rudiwelter/.m2/repository/com/oracle/oci/sdk/oci-java-sdk-circuitbreaker/3.53.0/oci-java-sdk-circuitbreaker-3.53.0.jar:/Users/rudiwelter/.m2/repository/io/github/resilience4j/resilience4j-circuitbreaker/1.7.1/resilience4j-circuitbreaker-1.7.1.jar:/Users/rudiwelter/.m2/repository/io/vavr/vavr/0.10.4/vavr-0.10.4.jar:/Users/rudiwelter/.m2/repository/io/vavr/vavr-match/0.10.4/vavr-match-0.10.4.jar:/Users/rudiwelter/.m2/repository/io/github/resilience4j/resilience4j-core/1.7.1/resilience4j-core-1.7.1.jar:/Users/rudiwelter/.m2/repository/com/oracle/oci/sdk/oci-java-sdk-objectstorage/3.53.0/oci-java-sdk-objectstorage-3.53.0.jar:/Users/rudiwelter/.m2/repository/com/oracle/oci/sdk/oci-java-sdk-objectstorage-generated/3.53.0/oci-java-sdk-objectstorage-generated-3.53.0.jar:/Users/rudiwelter/.m2/repository/com/oracle/oci/sdk/oci-java-sdk-objectstorage-extensions/3.53.0/oci-java-sdk-objectstorage-extensions-3.53.0.jar:/Users/rudiwelter/.m2/repository/com/oracle/oci/sdk/oci-java-sdk-common-httpclient-jersey/3.53.0/oci-java-sdk-common-httpclient-jersey-3.53.0.jar:/Users/rudiwelter/.m2/repository/com/oracle/oci/sdk/oci-java-sdk-common-httpclient/3.53.0/oci-java-sdk-common-httpclient-3.53.0.jar:/Users/rudiwelter/.m2/repository/org/glassfish/jersey/core/jersey-common/2.35/jersey-common-2.35.jar:/Users/rudiwelter/.m2/repository/org/glassfish/hk2/external/jakarta.inject/2.6.1/jakarta.inject-2.6.1.jar:/Users/rudiwelter/.m2/repository/org/glassfish/hk2/osgi-resource-locator/1.0.3/osgi-resource-locator-1.0.3.jar:/Users/rudiwelter/.m2/repository/com/fasterxml/jackson/core/jackson-core/2.17.1/jackson-core-2.17.1.jar:/Users/rudiwelter/.m2/repository/com/fasterxml/jackson/core/jackson-databind/2.17.1/jackson-databind-2.17.1.jar:/Users/rudiwelter/.m2/repository/org/glassfish/jersey/core/jersey-client/2.35/jersey-client-2.35.jar:/Users/rudiwelter/.m2/repository/org/glassfish/jersey/media/jersey-media-json-jackson/2.35/jersey-media-json-jackson-2.35.jar:/Users/rudiwelter/.m2/repository/org/glassfish/jersey/ext/jersey-entity-filtering/3.1.8/jersey-entity-filtering-3.1.8.jar:/Users/rudiwelter/.m2/repository/com/fasterxml/jackson/module/jackson-module-jaxb-annotations/2.17.2/jackson-module-jaxb-annotations-2.17.2.jar:/Users/rudiwelter/.m2/repository/org/glassfish/jersey/inject/jersey-hk2/2.35/jersey-hk2-2.35.jar:/Users/rudiwelter/.m2/repository/org/glassfish/hk2/hk2-locator/2.6.1/hk2-locator-2.6.1.jar:/Users/rudiwelter/.m2/repository/org/glassfish/hk2/external/aopalliance-repackaged/2.6.1/aopalliance-repackaged-2.6.1.jar:/Users/rudiwelter/.m2/repository/org/glassfish/hk2/hk2-api/2.6.1/hk2-api-2.6.1.jar:/Users/rudiwelter/.m2/repository/org/glassfish/hk2/hk2-utils/2.6.1/hk2-utils-2.6.1.jar:/Users/rudiwelter/.m2/repository/org/javassist/javassist/3.25.0-GA/javassist-3.25.0-GA.jar:/Users/rudiwelter/.m2/repository/jakarta/ws/rs/jakarta.ws.rs-api/3.1.0/jakarta.ws.rs-api-3.1.0.jar:/Users/rudiwelter/.m2/repository/javax/annotation/javax.annotation-api/1.3.2/javax.annotation-api-1.3.2.jar:/Users/rudiwelter/.m2/repository/org/glassfish/jersey/connectors/jersey-apache-connector/2.35/jersey-apache-connector-2.35.jar:/Users/rudiwelter/.m2/repository/org/apache/httpcomponents/httpcore/4.4.16/httpcore-4.4.16.jar:/Users/rudiwelter/.m2/repository/com/fasterxml/jackson/datatype/jackson-datatype-jsr310/2.17.1/jackson-datatype-jsr310-2.17.1.jar:/Users/rudiwelter/.m2/repository/org/slf4j/slf4j-api/2.0.16/slf4j-api-2.0.16.jar:/Users/rudiwelter/.m2/repository/org/springframework/boot/spring-boot-starter-actuator/3.3.3/spring-boot-starter-actuator-3.3.3.jar:/Users/rudiwelter/.m2/repository/org/springframework/boot/spring-boot-starter/3.3.3/spring-boot-starter-3.3.3.jar:/Users/rudiwelter/.m2/repository/org/springframework/boot/spring-boot-starter-logging/3.3.3/spring-boot-starter-logging-3.3.3.jar:/Users/rudiwelter/.m2/repository/ch/qos/logback/logback-classic/1.5.7/logback-classic-1.5.7.jar:/Users/rudiwelter/.m2/repository/ch/qos/logback/logback-core/1.5.7/logback-core-1.5.7.jar:/Users/rudiwelter/.m2/repository/org/apache/logging/log4j/log4j-to-slf4j/2.23.1/log4j-to-slf4j-2.23.1.jar:/Users/rudiwelter/.m2/repository/org/apache/logging/log4j/log4j-api/2.23.1/log4j-api-2.23.1.jar:/Users/rudiwelter/.m2/repository/org/slf4j/jul-to-slf4j/2.0.16/jul-to-slf4j-2.0.16.jar:/Users/rudiwelter/.m2/repository/org/springframework/boot/spring-boot-actuator-autoconfigure/3.3.3/spring-boot-actuator-autoconfigure-3.3.3.jar:/Users/rudiwelter/.m2/repository/org/springframework/boot/spring-boot-actuator/3.3.3/spring-boot-actuator-3.3.3.jar:/Users/rudiwelter/.m2/repository/io/micrometer/micrometer-observation/1.13.3/micrometer-observation-1.13.3.jar:/Users/rudiwelter/.m2/repository/io/micrometer/micrometer-commons/1.13.3/micrometer-commons-1.13.3.jar:/Users/rudiwelter/.m2/repository/io/micrometer/micrometer-jakarta9/1.13.3/micrometer-jakarta9-1.13.3.jar:/Users/rudiwelter/.m2/repository/io/micrometer/micrometer-core/1.13.3/micrometer-core-1.13.3.jar:/Users/rudiwelter/.m2/repository/org/hdrhistogram/HdrHistogram/2.2.2/HdrHistogram-2.2.2.jar:/Users/rudiwelter/.m2/repository/org/latencyutils/LatencyUtils/2.0.3/LatencyUtils-2.0.3.jar:/Users/rudiwelter/.m2/repository/org/springframework/boot/spring-boot-starter-data-jpa/3.3.3/spring-boot-starter-data-jpa-3.3.3.jar:/Users/rudiwelter/.m2/repository/org/springframework/boot/spring-boot-starter-aop/3.3.3/spring-boot-starter-aop-3.3.3.jar:/Users/rudiwelter/.m2/repository/org/springframework/spring-aop/6.1.12/spring-aop-6.1.12.jar:/Users/rudiwelter/.m2/repository/org/aspectj/aspectjweaver/1.9.22.1/aspectjweaver-1.9.22.1.jar:/Users/rudiwelter/.m2/repository/org/springframework/boot/spring-boot-starter-jdbc/3.3.3/spring-boot-starter-jdbc-3.3.3.jar:/Users/rudiwelter/.m2/repository/com/zaxxer/HikariCP/5.1.0/HikariCP-5.1.0.jar:/Users/rudiwelter/.m2/repository/org/springframework/spring-jdbc/6.1.12/spring-jdbc-6.1.12.jar:/Users/rudiwelter/.m2/repository/org/hibernate/orm/hibernate-core/6.5.2.Final/hibernate-core-6.5.2.Final.jar:/Users/rudiwelter/.m2/repository/jakarta/persistence/jakarta.persistence-api/3.1.0/jakarta.persistence-api-3.1.0.jar:/Users/rudiwelter/.m2/repository/jakarta/transaction/jakarta.transaction-api/2.0.1/jakarta.transaction-api-2.0.1.jar:/Users/rudiwelter/.m2/repository/org/hibernate/common/hibernate-commons-annotations/6.0.6.Final/hibernate-commons-annotations-6.0.6.Final.jar:/Users/rudiwelter/.m2/repository/io/smallrye/jandex/3.1.2/jandex-3.1.2.jar:/Users/rudiwelter/.m2/repository/com/fasterxml/classmate/1.7.0/classmate-1.7.0.jar:/Users/rudiwelter/.m2/repository/net/bytebuddy/byte-buddy/1.14.19/byte-buddy-1.14.19.jar:/Users/rudiwelter/.m2/repository/org/glassfish/jaxb/jaxb-runtime/4.0.5/jaxb-runtime-4.0.5.jar:/Users/rudiwelter/.m2/repository/org/glassfish/jaxb/jaxb-core/4.0.5/jaxb-core-4.0.5.jar:/Users/rudiwelter/.m2/repository/org/eclipse/angus/angus-activation/2.0.2/angus-activation-2.0.2.jar:/Users/rudiwelter/.m2/repository/org/glassfish/jaxb/txw2/4.0.5/txw2-4.0.5.jar:/Users/rudiwelter/.m2/repository/com/sun/istack/istack-commons-runtime/4.1.2/istack-commons-runtime-4.1.2.jar:/Users/rudiwelter/.m2/repository/jakarta/inject/jakarta.inject-api/2.0.1/jakarta.inject-api-2.0.1.jar:/Users/rudiwelter/.m2/repository/org/antlr/antlr4-runtime/4.13.0/antlr4-runtime-4.13.0.jar:/Users/rudiwelter/.m2/repository/org/springframework/data/spring-data-jpa/3.3.3/spring-data-jpa-3.3.3.jar:/Users/rudiwelter/.m2/repository/org/springframework/data/spring-data-commons/3.3.3/spring-data-commons-3.3.3.jar:/Users/rudiwelter/.m2/repository/org/springframework/spring-orm/6.1.12/spring-orm-6.1.12.jar:/Users/rudiwelter/.m2/repository/org/springframework/spring-context/6.1.12/spring-context-6.1.12.jar:/Users/rudiwelter/.m2/repository/org/springframework/spring-tx/6.1.12/spring-tx-6.1.12.jar:/Users/rudiwelter/.m2/repository/org/springframework/spring-beans/6.1.12/spring-beans-6.1.12.jar:/Users/rudiwelter/.m2/repository/org/springframework/spring-aspects/6.1.12/spring-aspects-6.1.12.jar:/Users/rudiwelter/.m2/repository/org/springframework/boot/spring-boot-starter-validation/3.3.3/spring-boot-starter-validation-3.3.3.jar:/Users/rudiwelter/.m2/repository/org/apache/tomcat/embed/tomcat-embed-el/10.1.28/tomcat-embed-el-10.1.28.jar:/Users/rudiwelter/.m2/repository/org/hibernate/validator/hibernate-validator/8.0.1.Final/hibernate-validator-8.0.1.Final.jar:/Users/rudiwelter/.m2/repository/org/springframework/boot/spring-boot-starter-web/3.3.3/spring-boot-starter-web-3.3.3.jar:/Users/rudiwelter/.m2/repository/org/springframework/boot/spring-boot-starter-json/3.3.3/spring-boot-starter-json-3.3.3.jar:/Users/rudiwelter/.m2/repository/com/fasterxml/jackson/datatype/jackson-datatype-jdk8/2.17.1/jackson-datatype-jdk8-2.17.1.jar:/Users/rudiwelter/.m2/repository/com/fasterxml/jackson/module/jackson-module-parameter-names/2.17.2/jackson-module-parameter-names-2.17.2.jar:/Users/rudiwelter/.m2/repository/org/springframework/boot/spring-boot-starter-tomcat/3.3.3/spring-boot-starter-tomcat-3.3.3.jar:/Users/rudiwelter/.m2/repository/org/apache/tomcat/embed/tomcat-embed-core/10.1.28/tomcat-embed-core-10.1.28.jar:/Users/rudiwelter/.m2/repository/org/apache/tomcat/embed/tomcat-embed-websocket/10.1.28/tomcat-embed-websocket-10.1.28.jar:/Users/rudiwelter/.m2/repository/org/springframework/spring-web/6.1.12/spring-web-6.1.12.jar:/Users/rudiwelter/.m2/repository/org/springframework/spring-webmvc/6.1.12/spring-webmvc-6.1.12.jar:/Users/rudiwelter/.m2/repository/org/springframework/spring-expression/6.1.12/spring-expression-6.1.12.jar:/Users/rudiwelter/.m2/repository/org/springframework/boot/spring-boot-starter-websocket/3.3.3/spring-boot-starter-websocket-3.3.3.jar:/Users/rudiwelter/.m2/repository/org/springframework/spring-messaging/6.1.12/spring-messaging-6.1.12.jar:/Users/rudiwelter/.m2/repository/org/springframework/spring-websocket/6.1.12/spring-websocket-6.1.12.jar:/Users/rudiwelter/.m2/repository/org/liquibase/liquibase-core/4.27.0/liquibase-core-4.27.0.jar:/Users/rudiwelter/.m2/repository/com/opencsv/opencsv/5.9/opencsv-5.9.jar:/Users/rudiwelter/.m2/repository/org/apache/commons/commons-text/1.11.0/commons-text-1.11.0.jar:/Users/rudiwelter/.m2/repository/org/apache/commons/commons-collections4/4.4/commons-collections4-4.4.jar:/Users/rudiwelter/.m2/repository/org/yaml/snakeyaml/2.2/snakeyaml-2.2.jar:/Users/rudiwelter/.m2/repository/javax/xml/bind/jaxb-api/2.3.1/jaxb-api-2.3.1.jar:/Users/rudiwelter/.m2/repository/org/apache/commons/commons-lang3/3.14.0/commons-lang3-3.14.0.jar:/Users/rudiwelter/.m2/repository/org/springframework/boot/spring-boot-devtools/3.3.3/spring-boot-devtools-3.3.3.jar:/Users/rudiwelter/.m2/repository/org/springframework/boot/spring-boot/3.3.3/spring-boot-3.3.3.jar:/Users/rudiwelter/.m2/repository/org/springframework/boot/spring-boot-autoconfigure/3.3.3/spring-boot-autoconfigure-3.3.3.jar:/Users/rudiwelter/.m2/repository/org/postgresql/postgresql/42.7.3/postgresql-42.7.3.jar:/Users/rudiwelter/.m2/repository/org/checkerframework/checker-qual/3.42.0/checker-qual-3.42.0.jar:/Users/rudiwelter/.m2/repository/org/projectlombok/lombok/1.18.34/lombok-1.18.34.jar:/Users/rudiwelter/.m2/repository/org/springframework/boot/spring-boot-starter-test/3.3.3/spring-boot-starter-test-3.3.3.jar:/Users/rudiwelter/.m2/repository/org/springframework/boot/spring-boot-test/3.3.3/spring-boot-test-3.3.3.jar:/Users/rudiwelter/.m2/repository/org/springframework/boot/spring-boot-test-autoconfigure/3.3.3/spring-boot-test-autoconfigure-3.3.3.jar:/Users/rudiwelter/.m2/repository/com/jayway/jsonpath/json-path/2.9.0/json-path-2.9.0.jar:/Users/rudiwelter/.m2/repository/jakarta/xml/bind/jakarta.xml.bind-api/4.0.2/jakarta.xml.bind-api-4.0.2.jar:/Users/rudiwelter/.m2/repository/net/minidev/json-smart/2.5.1/json-smart-2.5.1.jar:/Users/rudiwelter/.m2/repository/net/minidev/accessors-smart/2.5.1/accessors-smart-2.5.1.jar:/Users/rudiwelter/.m2/repository/org/ow2/asm/asm/9.6/asm-9.6.jar:/Users/rudiwelter/.m2/repository/org/assertj/assertj-core/3.25.3/assertj-core-3.25.3.jar:/Users/rudiwelter/.m2/repository/org/awaitility/awaitility/4.2.2/awaitility-4.2.2.jar:/Users/rudiwelter/.m2/repository/org/hamcrest/hamcrest/2.2/hamcrest-2.2.jar:/Users/rudiwelter/.m2/repository/org/junit/jupiter/junit-jupiter/5.10.3/junit-jupiter-5.10.3.jar:/Users/rudiwelter/.m2/repository/org/junit/jupiter/junit-jupiter-api/5.10.3/junit-jupiter-api-5.10.3.jar:/Users/rudiwelter/.m2/repository/org/junit/jupiter/junit-jupiter-params/5.10.3/junit-jupiter-params-5.10.3.jar:/Users/rudiwelter/.m2/repository/org/junit/jupiter/junit-jupiter-engine/5.10.3/junit-jupiter-engine-5.10.3.jar:/Users/rudiwelter/.m2/repository/org/mockito/mockito-core/2.18.0/mockito-core-2.18.0.jar:/Users/rudiwelter/.m2/repository/net/bytebuddy/byte-buddy-agent/1.14.19/byte-buddy-agent-1.14.19.jar:/Users/rudiwelter/.m2/repository/org/objenesis/objenesis/2.6/objenesis-2.6.jar:/Users/rudiwelter/.m2/repository/org/mockito/mockito-junit-jupiter/5.11.0/mockito-junit-jupiter-5.11.0.jar:/Users/rudiwelter/.m2/repository/org/skyscreamer/jsonassert/1.5.3/jsonassert-1.5.3.jar:/Users/rudiwelter/.m2/repository/com/vaadin/external/google/android-json/0.0.20131108.vaadin1/android-json-0.0.20131108.vaadin1.jar:/Users/rudiwelter/.m2/repository/org/springframework/spring-core/6.1.12/spring-core-6.1.12.jar:/Users/rudiwelter/.m2/repository/org/springframework/spring-jcl/6.1.12/spring-jcl-6.1.12.jar:/Users/rudiwelter/.m2/repository/org/xmlunit/xmlunit-core/2.9.1/xmlunit-core-2.9.1.jar:/Users/rudiwelter/.m2/repository/org/spockframework/spock-core/2.4-M4-groovy-4.0/spock-core-2.4-M4-groovy-4.0.jar:/Users/rudiwelter/.m2/repository/org/apache/groovy/groovy/4.0.22/groovy-4.0.22.jar:/Users/rudiwelter/.m2/repository/org/junit/platform/junit-platform-engine/1.10.3/junit-platform-engine-1.10.3.jar:/Users/rudiwelter/.m2/repository/org/opentest4j/opentest4j/1.3.0/opentest4j-1.3.0.jar:/Users/rudiwelter/.m2/repository/org/junit/platform/junit-platform-commons/1.10.3/junit-platform-commons-1.10.3.jar:/Users/rudiwelter/.m2/repository/org/apiguardian/apiguardian-api/1.1.2/apiguardian-api-1.1.2.jar:/Users/rudiwelter/.m2/repository/io/leangen/geantyref/geantyref/1.3.15/geantyref-1.3.15.jar:/Users/rudiwelter/.m2/repository/org/spockframework/spock-spring/2.4-M4-groovy-4.0/spock-spring-2.4-M4-groovy-4.0.jar:/Users/rudiwelter/.m2/repository/org/codehaus/groovy/modules/http-builder/http-builder/0.7.1/http-builder-0.7.1.jar:/Users/rudiwelter/.m2/repository/net/sf/json-lib/json-lib/2.3/json-lib-2.3-jdk15.jar:/Users/rudiwelter/.m2/repository/commons-beanutils/commons-beanutils/1.8.0/commons-beanutils-1.8.0.jar:/Users/rudiwelter/.m2/repository/commons-collections/commons-collections/3.2.1/commons-collections-3.2.1.jar:/Users/rudiwelter/.m2/repository/commons-lang/commons-lang/2.4/commons-lang-2.4.jar:/Users/rudiwelter/.m2/repository/net/sf/ezmorph/ezmorph/1.0.6/ezmorph-1.0.6.jar:/Users/rudiwelter/.m2/repository/net/sourceforge/nekohtml/nekohtml/1.9.22/nekohtml-1.9.22.jar:/Users/rudiwelter/.m2/repository/xerces/xercesImpl/2.11.0/xercesImpl-2.11.0.jar:/Users/rudiwelter/.m2/repository/xml-apis/xml-apis/1.4.01/xml-apis-1.4.01.jar:/Users/rudiwelter/.m2/repository/xml-resolver/xml-resolver/1.2/xml-resolver-1.2.jar:/Users/rudiwelter/.m2/repository/org/codehaus/groovy/groovy/2.5.23/groovy-2.5.23.jar:/Users/rudiwelter/.m2/repository/org/codehaus/groovy/groovy-ant/2.5.23/groovy-ant-2.5.23.jar:/Users/rudiwelter/.m2/repository/org/apache/ant/ant/1.9.16/ant-1.9.16.jar:/Users/rudiwelter/.m2/repository/org/apache/ant/ant-junit/1.9.16/ant-junit-1.9.16.jar:/Users/rudiwelter/.m2/repository/org/apache/ant/ant-launcher/1.9.16/ant-launcher-1.9.16.jar:/Users/rudiwelter/.m2/repository/org/apache/ant/ant-antlr/1.9.16/ant-antlr-1.9.16.jar:/Users/rudiwelter/.m2/repository/org/codehaus/groovy/groovy-cli-commons/2.5.23/groovy-cli-commons-2.5.23.jar:/Users/rudiwelter/.m2/repository/commons-cli/commons-cli/1.4/commons-cli-1.4.jar:/Users/rudiwelter/.m2/repository/org/codehaus/groovy/groovy-cli-picocli/2.5.23/groovy-cli-picocli-2.5.23.jar:/Users/rudiwelter/.m2/repository/info/picocli/picocli/4.3.2/picocli-4.3.2.jar:/Users/rudiwelter/.m2/repository/org/codehaus/groovy/groovy-console/2.5.23/groovy-console-2.5.23.jar:/Users/rudiwelter/.m2/repository/org/codehaus/groovy/groovy-datetime/2.5.23/groovy-datetime-2.5.23.jar:/Users/rudiwelter/.m2/repository/org/codehaus/groovy/groovy-docgenerator/2.5.23/groovy-docgenerator-2.5.23.jar:/Users/rudiwelter/.m2/repository/com/thoughtworks/qdox/qdox/1.12.1/qdox-1.12.1.jar:/Users/rudiwelter/.m2/repository/org/codehaus/groovy/groovy-groovydoc/2.5.23/groovy-groovydoc-2.5.23.jar:/Users/rudiwelter/.m2/repository/org/codehaus/groovy/groovy-groovysh/2.5.23/groovy-groovysh-2.5.23.jar:/Users/rudiwelter/.m2/repository/jline/jline/2.14.6/jline-2.14.6.jar:/Users/rudiwelter/.m2/repository/org/codehaus/groovy/groovy-jmx/2.5.23/groovy-jmx-2.5.23.jar:/Users/rudiwelter/.m2/repository/org/codehaus/groovy/groovy-json/2.5.23/groovy-json-2.5.23.jar:/Users/rudiwelter/.m2/repository/org/codehaus/groovy/groovy-jsr223/2.5.23/groovy-jsr223-2.5.23.jar:/Users/rudiwelter/.m2/repository/org/codehaus/groovy/groovy-macro/2.5.23/groovy-macro-2.5.23.jar:/Users/rudiwelter/.m2/repository/org/codehaus/groovy/groovy-nio/2.5.23/groovy-nio-2.5.23.jar:/Users/rudiwelter/.m2/repository/org/codehaus/groovy/groovy-servlet/2.5.23/groovy-servlet-2.5.23.jar:/Users/rudiwelter/.m2/repository/org/codehaus/groovy/groovy-sql/2.5.23/groovy-sql-2.5.23.jar:/Users/rudiwelter/.m2/repository/org/codehaus/groovy/groovy-swing/2.5.23/groovy-swing-2.5.23.jar:/Users/rudiwelter/.m2/repository/org/codehaus/groovy/groovy-templates/2.5.23/groovy-templates-2.5.23.jar:/Users/rudiwelter/.m2/repository/org/codehaus/groovy/groovy-test/2.5.23/groovy-test-2.5.23.jar:/Users/rudiwelter/.m2/repository/junit/junit/4.13.2/junit-4.13.2.jar:/Users/rudiwelter/.m2/repository/org/hamcrest/hamcrest-core/2.2/hamcrest-core-2.2.jar:/Users/rudiwelter/.m2/repository/org/codehaus/groovy/groovy-test-junit5/2.5.23/groovy-test-junit5-2.5.23.jar:/Users/rudiwelter/.m2/repository/org/junit/platform/junit-platform-launcher/1.10.3/junit-platform-launcher-1.10.3.jar:/Users/rudiwelter/.m2/repository/org/codehaus/groovy/groovy-testng/2.5.23/groovy-testng-2.5.23.jar:/Users/rudiwelter/.m2/repository/org/testng/testng/6.13.1/testng-6.13.1.jar:/Users/rudiwelter/.m2/repository/com/beust/jcommander/1.72/jcommander-1.72.jar:/Users/rudiwelter/.m2/repository/org/codehaus/groovy/groovy-xml/2.5.23/groovy-xml-2.5.23.jar:/Users/rudiwelter/.m2/repository/org/apache/httpcomponents/httpmime/4.5.14/httpmime-4.5.14.jar:/Users/rudiwelter/.m2/repository/org/apache/httpcomponents/httpclient/4.5.13/httpclient-4.5.13.jar:/Users/rudiwelter/.m2/repository/commons-logging/commons-logging/1.2/commons-logging-1.2.jar:/Users/rudiwelter/.m2/repository/commons-codec/commons-codec/1.16.1/commons-codec-1.16.1.jar:/Users/rudiwelter/.m2/repository/com/h2database/h2/2.2.224/h2-2.2.224.jar:/Users/rudiwelter/.m2/repository/com/google/code/gson/gson/2.10.1/gson-2.10.1.jar:/Users/rudiwelter/.m2/repository/org/springframework/spring-test/6.1.12/spring-test-6.1.12.jar:"/>
    <property name="java.vm.vendor" value="Oracle Corporation"/>
    <property name="sun.arch.data.model" value="64"/>
    <property name="catalina.useNaming" value="false"/>
    <property name="java.vendor.url" value="https://java.oracle.com/"/>
    <property name="user.timezone" value="Europe/Brussels"/>
    <property name="org.jboss.logging.provider" value="slf4j"/>
    <property name="os.name" value="Mac OS X"/>
    <property name="java.vm.specification.version" value="20"/>
    <property name="sun.java.launcher" value="SUN_STANDARD"/>
    <property name="user.country" value="BE"/>
    <property name="sun.boot.library.path" value="/Library/Java/JavaVirtualMachines/jdk-20.jdk/Contents/Home/lib"/>
    <property name="sun.java.command" value="/Users/rudiwelter/Workdir/Tut-O-Pedia/Backend/target/surefire/surefirebooter-20241112142050114_3.jar /Users/rudiwelter/Workdir/Tut-O-Pedia/Backend/target/surefire 2024-11-12T14-20-50_031-jvmRun1 surefire-20241112142050114_1tmp surefire_0-20241112142050114_2tmp"/>
    <property name="http.nonProxyHosts" value="local|*.local|169.254/16|*.169.254/16"/>
    <property name="jdk.debug" value="release"/>
    <property name="surefire.test.class.path" value="/Users/rudiwelter/Workdir/Tut-O-Pedia/Backend/target/test-classes:/Users/rudiwelter/Workdir/Tut-O-Pedia/Backend/target/classes:/Users/rudiwelter/.m2/repository/com/oracle/oci/sdk/oci-java-sdk-addons-resteasy-client-configurator/3.53.0/oci-java-sdk-addons-resteasy-client-configurator-3.53.0.jar:/Users/rudiwelter/.m2/repository/org/jboss/resteasy/resteasy-core/5.0.3.Final/resteasy-core-5.0.3.Final.jar:/Users/rudiwelter/.m2/repository/org/jboss/logging/jboss-logging/3.5.3.Final/jboss-logging-3.5.3.Final.jar:/Users/rudiwelter/.m2/repository/jakarta/annotation/jakarta.annotation-api/2.1.1/jakarta.annotation-api-2.1.1.jar:/Users/rudiwelter/.m2/repository/org/jboss/spec/javax/ws/rs/jboss-jaxrs-api_2.1_spec/2.0.1.Final/jboss-jaxrs-api_2.1_spec-2.0.1.Final.jar:/Users/rudiwelter/.m2/repository/org/jboss/resteasy/resteasy-core-spi/5.0.3.Final/resteasy-core-spi-5.0.3.Final.jar:/Users/rudiwelter/.m2/repository/org/reactivestreams/reactive-streams/1.0.4/reactive-streams-1.0.4.jar:/Users/rudiwelter/.m2/repository/jakarta/activation/jakarta.activation-api/2.1.3/jakarta.activation-api-2.1.3.jar:/Users/rudiwelter/.m2/repository/jakarta/validation/jakarta.validation-api/3.0.2/jakarta.validation-api-3.0.2.jar:/Users/rudiwelter/.m2/repository/com/ibm/async/asyncutil/0.1.0/asyncutil-0.1.0.jar:/Users/rudiwelter/.m2/repository/com/oracle/oci/sdk/oci-java-sdk-common/3.53.0/oci-java-sdk-common-3.53.0.jar:/Users/rudiwelter/.m2/repository/com/fasterxml/jackson/core/jackson-annotations/2.17.1/jackson-annotations-2.17.1.jar:/Users/rudiwelter/.m2/repository/com/oracle/oci/sdk/oci-java-sdk-circuitbreaker/3.53.0/oci-java-sdk-circuitbreaker-3.53.0.jar:/Users/rudiwelter/.m2/repository/io/github/resilience4j/resilience4j-circuitbreaker/1.7.1/resilience4j-circuitbreaker-1.7.1.jar:/Users/rudiwelter/.m2/repository/io/vavr/vavr/0.10.4/vavr-0.10.4.jar:/Users/rudiwelter/.m2/repository/io/vavr/vavr-match/0.10.4/vavr-match-0.10.4.jar:/Users/rudiwelter/.m2/repository/io/github/resilience4j/resilience4j-core/1.7.1/resilience4j-core-1.7.1.jar:/Users/rudiwelter/.m2/repository/com/oracle/oci/sdk/oci-java-sdk-objectstorage/3.53.0/oci-java-sdk-objectstorage-3.53.0.jar:/Users/rudiwelter/.m2/repository/com/oracle/oci/sdk/oci-java-sdk-objectstorage-generated/3.53.0/oci-java-sdk-objectstorage-generated-3.53.0.jar:/Users/rudiwelter/.m2/repository/com/oracle/oci/sdk/oci-java-sdk-objectstorage-extensions/3.53.0/oci-java-sdk-objectstorage-extensions-3.53.0.jar:/Users/rudiwelter/.m2/repository/com/oracle/oci/sdk/oci-java-sdk-common-httpclient-jersey/3.53.0/oci-java-sdk-common-httpclient-jersey-3.53.0.jar:/Users/rudiwelter/.m2/repository/com/oracle/oci/sdk/oci-java-sdk-common-httpclient/3.53.0/oci-java-sdk-common-httpclient-3.53.0.jar:/Users/rudiwelter/.m2/repository/org/glassfish/jersey/core/jersey-common/2.35/jersey-common-2.35.jar:/Users/rudiwelter/.m2/repository/org/glassfish/hk2/external/jakarta.inject/2.6.1/jakarta.inject-2.6.1.jar:/Users/rudiwelter/.m2/repository/org/glassfish/hk2/osgi-resource-locator/1.0.3/osgi-resource-locator-1.0.3.jar:/Users/rudiwelter/.m2/repository/com/fasterxml/jackson/core/jackson-core/2.17.1/jackson-core-2.17.1.jar:/Users/rudiwelter/.m2/repository/com/fasterxml/jackson/core/jackson-databind/2.17.1/jackson-databind-2.17.1.jar:/Users/rudiwelter/.m2/repository/org/glassfish/jersey/core/jersey-client/2.35/jersey-client-2.35.jar:/Users/rudiwelter/.m2/repository/org/glassfish/jersey/media/jersey-media-json-jackson/2.35/jersey-media-json-jackson-2.35.jar:/Users/rudiwelter/.m2/repository/org/glassfish/jersey/ext/jersey-entity-filtering/3.1.8/jersey-entity-filtering-3.1.8.jar:/Users/rudiwelter/.m2/repository/com/fasterxml/jackson/module/jackson-module-jaxb-annotations/2.17.2/jackson-module-jaxb-annotations-2.17.2.jar:/Users/rudiwelter/.m2/repository/org/glassfish/jersey/inject/jersey-hk2/2.35/jersey-hk2-2.35.jar:/Users/rudiwelter/.m2/repository/org/glassfish/hk2/hk2-locator/2.6.1/hk2-locator-2.6.1.jar:/Users/rudiwelter/.m2/repository/org/glassfish/hk2/external/aopalliance-repackaged/2.6.1/aopalliance-repackaged-2.6.1.jar:/Users/rudiwelter/.m2/repository/org/glassfish/hk2/hk2-api/2.6.1/hk2-api-2.6.1.jar:/Users/rudiwelter/.m2/repository/org/glassfish/hk2/hk2-utils/2.6.1/hk2-utils-2.6.1.jar:/Users/rudiwelter/.m2/repository/org/javassist/javassist/3.25.0-GA/javassist-3.25.0-GA.jar:/Users/rudiwelter/.m2/repository/jakarta/ws/rs/jakarta.ws.rs-api/3.1.0/jakarta.ws.rs-api-3.1.0.jar:/Users/rudiwelter/.m2/repository/javax/annotation/javax.annotation-api/1.3.2/javax.annotation-api-1.3.2.jar:/Users/rudiwelter/.m2/repository/org/glassfish/jersey/connectors/jersey-apache-connector/2.35/jersey-apache-connector-2.35.jar:/Users/rudiwelter/.m2/repository/org/apache/httpcomponents/httpcore/4.4.16/httpcore-4.4.16.jar:/Users/rudiwelter/.m2/repository/com/fasterxml/jackson/datatype/jackson-datatype-jsr310/2.17.1/jackson-datatype-jsr310-2.17.1.jar:/Users/rudiwelter/.m2/repository/org/slf4j/slf4j-api/2.0.16/slf4j-api-2.0.16.jar:/Users/rudiwelter/.m2/repository/org/springframework/boot/spring-boot-starter-actuator/3.3.3/spring-boot-starter-actuator-3.3.3.jar:/Users/rudiwelter/.m2/repository/org/springframework/boot/spring-boot-starter/3.3.3/spring-boot-starter-3.3.3.jar:/Users/rudiwelter/.m2/repository/org/springframework/boot/spring-boot-starter-logging/3.3.3/spring-boot-starter-logging-3.3.3.jar:/Users/rudiwelter/.m2/repository/ch/qos/logback/logback-classic/1.5.7/logback-classic-1.5.7.jar:/Users/rudiwelter/.m2/repository/ch/qos/logback/logback-core/1.5.7/logback-core-1.5.7.jar:/Users/rudiwelter/.m2/repository/org/apache/logging/log4j/log4j-to-slf4j/2.23.1/log4j-to-slf4j-2.23.1.jar:/Users/rudiwelter/.m2/repository/org/apache/logging/log4j/log4j-api/2.23.1/log4j-api-2.23.1.jar:/Users/rudiwelter/.m2/repository/org/slf4j/jul-to-slf4j/2.0.16/jul-to-slf4j-2.0.16.jar:/Users/rudiwelter/.m2/repository/org/springframework/boot/spring-boot-actuator-autoconfigure/3.3.3/spring-boot-actuator-autoconfigure-3.3.3.jar:/Users/rudiwelter/.m2/repository/org/springframework/boot/spring-boot-actuator/3.3.3/spring-boot-actuator-3.3.3.jar:/Users/rudiwelter/.m2/repository/io/micrometer/micrometer-observation/1.13.3/micrometer-observation-1.13.3.jar:/Users/rudiwelter/.m2/repository/io/micrometer/micrometer-commons/1.13.3/micrometer-commons-1.13.3.jar:/Users/rudiwelter/.m2/repository/io/micrometer/micrometer-jakarta9/1.13.3/micrometer-jakarta9-1.13.3.jar:/Users/rudiwelter/.m2/repository/io/micrometer/micrometer-core/1.13.3/micrometer-core-1.13.3.jar:/Users/rudiwelter/.m2/repository/org/hdrhistogram/HdrHistogram/2.2.2/HdrHistogram-2.2.2.jar:/Users/rudiwelter/.m2/repository/org/latencyutils/LatencyUtils/2.0.3/LatencyUtils-2.0.3.jar:/Users/rudiwelter/.m2/repository/org/springframework/boot/spring-boot-starter-data-jpa/3.3.3/spring-boot-starter-data-jpa-3.3.3.jar:/Users/rudiwelter/.m2/repository/org/springframework/boot/spring-boot-starter-aop/3.3.3/spring-boot-starter-aop-3.3.3.jar:/Users/rudiwelter/.m2/repository/org/springframework/spring-aop/6.1.12/spring-aop-6.1.12.jar:/Users/rudiwelter/.m2/repository/org/aspectj/aspectjweaver/1.9.22.1/aspectjweaver-1.9.22.1.jar:/Users/rudiwelter/.m2/repository/org/springframework/boot/spring-boot-starter-jdbc/3.3.3/spring-boot-starter-jdbc-3.3.3.jar:/Users/rudiwelter/.m2/repository/com/zaxxer/HikariCP/5.1.0/HikariCP-5.1.0.jar:/Users/rudiwelter/.m2/repository/org/springframework/spring-jdbc/6.1.12/spring-jdbc-6.1.12.jar:/Users/rudiwelter/.m2/repository/org/hibernate/orm/hibernate-core/6.5.2.Final/hibernate-core-6.5.2.Final.jar:/Users/rudiwelter/.m2/repository/jakarta/persistence/jakarta.persistence-api/3.1.0/jakarta.persistence-api-3.1.0.jar:/Users/rudiwelter/.m2/repository/jakarta/transaction/jakarta.transaction-api/2.0.1/jakarta.transaction-api-2.0.1.jar:/Users/rudiwelter/.m2/repository/org/hibernate/common/hibernate-commons-annotations/6.0.6.Final/hibernate-commons-annotations-6.0.6.Final.jar:/Users/rudiwelter/.m2/repository/io/smallrye/jandex/3.1.2/jandex-3.1.2.jar:/Users/rudiwelter/.m2/repository/com/fasterxml/classmate/1.7.0/classmate-1.7.0.jar:/Users/rudiwelter/.m2/repository/net/bytebuddy/byte-buddy/1.14.19/byte-buddy-1.14.19.jar:/Users/rudiwelter/.m2/repository/org/glassfish/jaxb/jaxb-runtime/4.0.5/jaxb-runtime-4.0.5.jar:/Users/rudiwelter/.m2/repository/org/glassfish/jaxb/jaxb-core/4.0.5/jaxb-core-4.0.5.jar:/Users/rudiwelter/.m2/repository/org/eclipse/angus/angus-activation/2.0.2/angus-activation-2.0.2.jar:/Users/rudiwelter/.m2/repository/org/glassfish/jaxb/txw2/4.0.5/txw2-4.0.5.jar:/Users/rudiwelter/.m2/repository/com/sun/istack/istack-commons-runtime/4.1.2/istack-commons-runtime-4.1.2.jar:/Users/rudiwelter/.m2/repository/jakarta/inject/jakarta.inject-api/2.0.1/jakarta.inject-api-2.0.1.jar:/Users/rudiwelter/.m2/repository/org/antlr/antlr4-runtime/4.13.0/antlr4-runtime-4.13.0.jar:/Users/rudiwelter/.m2/repository/org/springframework/data/spring-data-jpa/3.3.3/spring-data-jpa-3.3.3.jar:/Users/rudiwelter/.m2/repository/org/springframework/data/spring-data-commons/3.3.3/spring-data-commons-3.3.3.jar:/Users/rudiwelter/.m2/repository/org/springframework/spring-orm/6.1.12/spring-orm-6.1.12.jar:/Users/rudiwelter/.m2/repository/org/springframework/spring-context/6.1.12/spring-context-6.1.12.jar:/Users/rudiwelter/.m2/repository/org/springframework/spring-tx/6.1.12/spring-tx-6.1.12.jar:/Users/rudiwelter/.m2/repository/org/springframework/spring-beans/6.1.12/spring-beans-6.1.12.jar:/Users/rudiwelter/.m2/repository/org/springframework/spring-aspects/6.1.12/spring-aspects-6.1.12.jar:/Users/rudiwelter/.m2/repository/org/springframework/boot/spring-boot-starter-validation/3.3.3/spring-boot-starter-validation-3.3.3.jar:/Users/rudiwelter/.m2/repository/org/apache/tomcat/embed/tomcat-embed-el/10.1.28/tomcat-embed-el-10.1.28.jar:/Users/rudiwelter/.m2/repository/org/hibernate/validator/hibernate-validator/8.0.1.Final/hibernate-validator-8.0.1.Final.jar:/Users/rudiwelter/.m2/repository/org/springframework/boot/spring-boot-starter-web/3.3.3/spring-boot-starter-web-3.3.3.jar:/Users/rudiwelter/.m2/repository/org/springframework/boot/spring-boot-starter-json/3.3.3/spring-boot-starter-json-3.3.3.jar:/Users/rudiwelter/.m2/repository/com/fasterxml/jackson/datatype/jackson-datatype-jdk8/2.17.1/jackson-datatype-jdk8-2.17.1.jar:/Users/rudiwelter/.m2/repository/com/fasterxml/jackson/module/jackson-module-parameter-names/2.17.2/jackson-module-parameter-names-2.17.2.jar:/Users/rudiwelter/.m2/repository/org/springframework/boot/spring-boot-starter-tomcat/3.3.3/spring-boot-starter-tomcat-3.3.3.jar:/Users/rudiwelter/.m2/repository/org/apache/tomcat/embed/tomcat-embed-core/10.1.28/tomcat-embed-core-10.1.28.jar:/Users/rudiwelter/.m2/repository/org/apache/tomcat/embed/tomcat-embed-websocket/10.1.28/tomcat-embed-websocket-10.1.28.jar:/Users/rudiwelter/.m2/repository/org/springframework/spring-web/6.1.12/spring-web-6.1.12.jar:/Users/rudiwelter/.m2/repository/org/springframework/spring-webmvc/6.1.12/spring-webmvc-6.1.12.jar:/Users/rudiwelter/.m2/repository/org/springframework/spring-expression/6.1.12/spring-expression-6.1.12.jar:/Users/rudiwelter/.m2/repository/org/springframework/boot/spring-boot-starter-websocket/3.3.3/spring-boot-starter-websocket-3.3.3.jar:/Users/rudiwelter/.m2/repository/org/springframework/spring-messaging/6.1.12/spring-messaging-6.1.12.jar:/Users/rudiwelter/.m2/repository/org/springframework/spring-websocket/6.1.12/spring-websocket-6.1.12.jar:/Users/rudiwelter/.m2/repository/org/liquibase/liquibase-core/4.27.0/liquibase-core-4.27.0.jar:/Users/rudiwelter/.m2/repository/com/opencsv/opencsv/5.9/opencsv-5.9.jar:/Users/rudiwelter/.m2/repository/org/apache/commons/commons-text/1.11.0/commons-text-1.11.0.jar:/Users/rudiwelter/.m2/repository/org/apache/commons/commons-collections4/4.4/commons-collections4-4.4.jar:/Users/rudiwelter/.m2/repository/org/yaml/snakeyaml/2.2/snakeyaml-2.2.jar:/Users/rudiwelter/.m2/repository/javax/xml/bind/jaxb-api/2.3.1/jaxb-api-2.3.1.jar:/Users/rudiwelter/.m2/repository/org/apache/commons/commons-lang3/3.14.0/commons-lang3-3.14.0.jar:/Users/rudiwelter/.m2/repository/org/springframework/boot/spring-boot-devtools/3.3.3/spring-boot-devtools-3.3.3.jar:/Users/rudiwelter/.m2/repository/org/springframework/boot/spring-boot/3.3.3/spring-boot-3.3.3.jar:/Users/rudiwelter/.m2/repository/org/springframework/boot/spring-boot-autoconfigure/3.3.3/spring-boot-autoconfigure-3.3.3.jar:/Users/rudiwelter/.m2/repository/org/postgresql/postgresql/42.7.3/postgresql-42.7.3.jar:/Users/rudiwelter/.m2/repository/org/checkerframework/checker-qual/3.42.0/checker-qual-3.42.0.jar:/Users/rudiwelter/.m2/repository/org/projectlombok/lombok/1.18.34/lombok-1.18.34.jar:/Users/rudiwelter/.m2/repository/org/springframework/boot/spring-boot-starter-test/3.3.3/spring-boot-starter-test-3.3.3.jar:/Users/rudiwelter/.m2/repository/org/springframework/boot/spring-boot-test/3.3.3/spring-boot-test-3.3.3.jar:/Users/rudiwelter/.m2/repository/org/springframework/boot/spring-boot-test-autoconfigure/3.3.3/spring-boot-test-autoconfigure-3.3.3.jar:/Users/rudiwelter/.m2/repository/com/jayway/jsonpath/json-path/2.9.0/json-path-2.9.0.jar:/Users/rudiwelter/.m2/repository/jakarta/xml/bind/jakarta.xml.bind-api/4.0.2/jakarta.xml.bind-api-4.0.2.jar:/Users/rudiwelter/.m2/repository/net/minidev/json-smart/2.5.1/json-smart-2.5.1.jar:/Users/rudiwelter/.m2/repository/net/minidev/accessors-smart/2.5.1/accessors-smart-2.5.1.jar:/Users/rudiwelter/.m2/repository/org/ow2/asm/asm/9.6/asm-9.6.jar:/Users/rudiwelter/.m2/repository/org/assertj/assertj-core/3.25.3/assertj-core-3.25.3.jar:/Users/rudiwelter/.m2/repository/org/awaitility/awaitility/4.2.2/awaitility-4.2.2.jar:/Users/rudiwelter/.m2/repository/org/hamcrest/hamcrest/2.2/hamcrest-2.2.jar:/Users/rudiwelter/.m2/repository/org/junit/jupiter/junit-jupiter/5.10.3/junit-jupiter-5.10.3.jar:/Users/rudiwelter/.m2/repository/org/junit/jupiter/junit-jupiter-api/5.10.3/junit-jupiter-api-5.10.3.jar:/Users/rudiwelter/.m2/repository/org/junit/jupiter/junit-jupiter-params/5.10.3/junit-jupiter-params-5.10.3.jar:/Users/rudiwelter/.m2/repository/org/junit/jupiter/junit-jupiter-engine/5.10.3/junit-jupiter-engine-5.10.3.jar:/Users/rudiwelter/.m2/repository/org/mockito/mockito-core/2.18.0/mockito-core-2.18.0.jar:/Users/rudiwelter/.m2/repository/net/bytebuddy/byte-buddy-agent/1.14.19/byte-buddy-agent-1.14.19.jar:/Users/rudiwelter/.m2/repository/org/objenesis/objenesis/2.6/objenesis-2.6.jar:/Users/rudiwelter/.m2/repository/org/mockito/mockito-junit-jupiter/5.11.0/mockito-junit-jupiter-5.11.0.jar:/Users/rudiwelter/.m2/repository/org/skyscreamer/jsonassert/1.5.3/jsonassert-1.5.3.jar:/Users/rudiwelter/.m2/repository/com/vaadin/external/google/android-json/0.0.20131108.vaadin1/android-json-0.0.20131108.vaadin1.jar:/Users/rudiwelter/.m2/repository/org/springframework/spring-core/6.1.12/spring-core-6.1.12.jar:/Users/rudiwelter/.m2/repository/org/springframework/spring-jcl/6.1.12/spring-jcl-6.1.12.jar:/Users/rudiwelter/.m2/repository/org/xmlunit/xmlunit-core/2.9.1/xmlunit-core-2.9.1.jar:/Users/rudiwelter/.m2/repository/org/spockframework/spock-core/2.4-M4-groovy-4.0/spock-core-2.4-M4-groovy-4.0.jar:/Users/rudiwelter/.m2/repository/org/apache/groovy/groovy/4.0.22/groovy-4.0.22.jar:/Users/rudiwelter/.m2/repository/org/junit/platform/junit-platform-engine/1.10.3/junit-platform-engine-1.10.3.jar:/Users/rudiwelter/.m2/repository/org/opentest4j/opentest4j/1.3.0/opentest4j-1.3.0.jar:/Users/rudiwelter/.m2/repository/org/junit/platform/junit-platform-commons/1.10.3/junit-platform-commons-1.10.3.jar:/Users/rudiwelter/.m2/repository/org/apiguardian/apiguardian-api/1.1.2/apiguardian-api-1.1.2.jar:/Users/rudiwelter/.m2/repository/io/leangen/geantyref/geantyref/1.3.15/geantyref-1.3.15.jar:/Users/rudiwelter/.m2/repository/org/spockframework/spock-spring/2.4-M4-groovy-4.0/spock-spring-2.4-M4-groovy-4.0.jar:/Users/rudiwelter/.m2/repository/org/codehaus/groovy/modules/http-builder/http-builder/0.7.1/http-builder-0.7.1.jar:/Users/rudiwelter/.m2/repository/net/sf/json-lib/json-lib/2.3/json-lib-2.3-jdk15.jar:/Users/rudiwelter/.m2/repository/commons-beanutils/commons-beanutils/1.8.0/commons-beanutils-1.8.0.jar:/Users/rudiwelter/.m2/repository/commons-collections/commons-collections/3.2.1/commons-collections-3.2.1.jar:/Users/rudiwelter/.m2/repository/commons-lang/commons-lang/2.4/commons-lang-2.4.jar:/Users/rudiwelter/.m2/repository/net/sf/ezmorph/ezmorph/1.0.6/ezmorph-1.0.6.jar:/Users/rudiwelter/.m2/repository/net/sourceforge/nekohtml/nekohtml/1.9.22/nekohtml-1.9.22.jar:/Users/rudiwelter/.m2/repository/xerces/xercesImpl/2.11.0/xercesImpl-2.11.0.jar:/Users/rudiwelter/.m2/repository/xml-apis/xml-apis/1.4.01/xml-apis-1.4.01.jar:/Users/rudiwelter/.m2/repository/xml-resolver/xml-resolver/1.2/xml-resolver-1.2.jar:/Users/rudiwelter/.m2/repository/org/codehaus/groovy/groovy/2.5.23/groovy-2.5.23.jar:/Users/rudiwelter/.m2/repository/org/codehaus/groovy/groovy-ant/2.5.23/groovy-ant-2.5.23.jar:/Users/rudiwelter/.m2/repository/org/apache/ant/ant/1.9.16/ant-1.9.16.jar:/Users/rudiwelter/.m2/repository/org/apache/ant/ant-junit/1.9.16/ant-junit-1.9.16.jar:/Users/rudiwelter/.m2/repository/org/apache/ant/ant-launcher/1.9.16/ant-launcher-1.9.16.jar:/Users/rudiwelter/.m2/repository/org/apache/ant/ant-antlr/1.9.16/ant-antlr-1.9.16.jar:/Users/rudiwelter/.m2/repository/org/codehaus/groovy/groovy-cli-commons/2.5.23/groovy-cli-commons-2.5.23.jar:/Users/rudiwelter/.m2/repository/commons-cli/commons-cli/1.4/commons-cli-1.4.jar:/Users/rudiwelter/.m2/repository/org/codehaus/groovy/groovy-cli-picocli/2.5.23/groovy-cli-picocli-2.5.23.jar:/Users/rudiwelter/.m2/repository/info/picocli/picocli/4.3.2/picocli-4.3.2.jar:/Users/rudiwelter/.m2/repository/org/codehaus/groovy/groovy-console/2.5.23/groovy-console-2.5.23.jar:/Users/rudiwelter/.m2/repository/org/codehaus/groovy/groovy-datetime/2.5.23/groovy-datetime-2.5.23.jar:/Users/rudiwelter/.m2/repository/org/codehaus/groovy/groovy-docgenerator/2.5.23/groovy-docgenerator-2.5.23.jar:/Users/rudiwelter/.m2/repository/com/thoughtworks/qdox/qdox/1.12.1/qdox-1.12.1.jar:/Users/rudiwelter/.m2/repository/org/codehaus/groovy/groovy-groovydoc/2.5.23/groovy-groovydoc-2.5.23.jar:/Users/rudiwelter/.m2/repository/org/codehaus/groovy/groovy-groovysh/2.5.23/groovy-groovysh-2.5.23.jar:/Users/rudiwelter/.m2/repository/jline/jline/2.14.6/jline-2.14.6.jar:/Users/rudiwelter/.m2/repository/org/codehaus/groovy/groovy-jmx/2.5.23/groovy-jmx-2.5.23.jar:/Users/rudiwelter/.m2/repository/org/codehaus/groovy/groovy-json/2.5.23/groovy-json-2.5.23.jar:/Users/rudiwelter/.m2/repository/org/codehaus/groovy/groovy-jsr223/2.5.23/groovy-jsr223-2.5.23.jar:/Users/rudiwelter/.m2/repository/org/codehaus/groovy/groovy-macro/2.5.23/groovy-macro-2.5.23.jar:/Users/rudiwelter/.m2/repository/org/codehaus/groovy/groovy-nio/2.5.23/groovy-nio-2.5.23.jar:/Users/rudiwelter/.m2/repository/org/codehaus/groovy/groovy-servlet/2.5.23/groovy-servlet-2.5.23.jar:/Users/rudiwelter/.m2/repository/org/codehaus/groovy/groovy-sql/2.5.23/groovy-sql-2.5.23.jar:/Users/rudiwelter/.m2/repository/org/codehaus/groovy/groovy-swing/2.5.23/groovy-swing-2.5.23.jar:/Users/rudiwelter/.m2/repository/org/codehaus/groovy/groovy-templates/2.5.23/groovy-templates-2.5.23.jar:/Users/rudiwelter/.m2/repository/org/codehaus/groovy/groovy-test/2.5.23/groovy-test-2.5.23.jar:/Users/rudiwelter/.m2/repository/junit/junit/4.13.2/junit-4.13.2.jar:/Users/rudiwelter/.m2/repository/org/hamcrest/hamcrest-core/2.2/hamcrest-core-2.2.jar:/Users/rudiwelter/.m2/repository/org/codehaus/groovy/groovy-test-junit5/2.5.23/groovy-test-junit5-2.5.23.jar:/Users/rudiwelter/.m2/repository/org/junit/platform/junit-platform-launcher/1.10.3/junit-platform-launcher-1.10.3.jar:/Users/rudiwelter/.m2/repository/org/codehaus/groovy/groovy-testng/2.5.23/groovy-testng-2.5.23.jar:/Users/rudiwelter/.m2/repository/org/testng/testng/6.13.1/testng-6.13.1.jar:/Users/rudiwelter/.m2/repository/com/beust/jcommander/1.72/jcommander-1.72.jar:/Users/rudiwelter/.m2/repository/org/codehaus/groovy/groovy-xml/2.5.23/groovy-xml-2.5.23.jar:/Users/rudiwelter/.m2/repository/org/apache/httpcomponents/httpmime/4.5.14/httpmime-4.5.14.jar:/Users/rudiwelter/.m2/repository/org/apache/httpcomponents/httpclient/4.5.13/httpclient-4.5.13.jar:/Users/rudiwelter/.m2/repository/commons-logging/commons-logging/1.2/commons-logging-1.2.jar:/Users/rudiwelter/.m2/repository/commons-codec/commons-codec/1.16.1/commons-codec-1.16.1.jar:/Users/rudiwelter/.m2/repository/com/h2database/h2/2.2.224/h2-2.2.224.jar:/Users/rudiwelter/.m2/repository/com/google/code/gson/gson/2.10.1/gson-2.10.1.jar:/Users/rudiwelter/.m2/repository/org/springframework/spring-test/6.1.12/spring-test-6.1.12.jar:"/>
    <property name="sun.cpu.endian" value="little"/>
    <property name="user.home" value="/Users/rudiwelter"/>
    <property name="user.language" value="en"/>
    <property name="java.specification.vendor" value="Oracle Corporation"/>
    <property name="java.version.date" value="2023-03-21"/>
    <property name="java.home" value="/Library/Java/JavaVirtualMachines/jdk-20.jdk/Contents/Home"/>
    <property name="file.separator" value="/"/>
    <property name="basedir" value="/Users/rudiwelter/Workdir/Tut-O-Pedia/Backend"/>
    <property name="java.vm.compressedOopsMode" value="Zero based"/>
    <property name="line.separator" value="&#10;"/>
    <property name="java.vm.specification.vendor" value="Oracle Corporation"/>
    <property name="java.specification.name" value="Java Platform API Specification"/>
    <property name="FILE_LOG_CHARSET" value="UTF-8"/>
    <property name="java.awt.headless" value="true"/>
    <property name="apple.awt.application.name" value="ForkedBooter"/>
    <property name="surefire.real.class.path" value="/Users/rudiwelter/Workdir/Tut-O-Pedia/Backend/target/surefire/surefirebooter-20241112142050114_3.jar"/>
    <property name="sun.management.compiler" value="HotSpot 64-Bit Tiered Compilers"/>
    <property name="ftp.nonProxyHosts" value="local|*.local|169.254/16|*.169.254/16"/>
    <property name="java.runtime.version" value="20+36-2344"/>
    <property name="user.name" value="rudiwelter"/>
    <property name="stdout.encoding" value="UTF-8"/>
    <property name="path.separator" value=":"/>
    <property name="os.version" value="12.7.6"/>
    <property name="java.runtime.name" value="Java(TM) SE Runtime Environment"/>
    <property name="file.encoding" value="UTF-8"/>
    <property name="java.vm.name" value="Java HotSpot(TM) 64-Bit Server VM"/>
    <property name="localRepository" value="/Users/rudiwelter/.m2/repository"/>
    <property name="java.vendor.url.bug" value="https://bugreport.java.com/bugreport/"/>
    <property name="java.io.tmpdir" value="/var/folders/k7/7nsc1qy952z78rzmln2k60fr0000gn/T/"/>
    <property name="catalina.home" value="/private/var/folders/k7/7nsc1qy952z78rzmln2k60fr0000gn/T/tomcat.8081.5103626075763017396"/>
    <property name="com.zaxxer.hikari.pool_number" value="1"/>
    <property name="java.version" value="20"/>
    <property name="user.dir" value="/Users/rudiwelter/Workdir/Tut-O-Pedia/Backend"/>
    <property name="os.arch" value="x86_64"/>
    <property name="java.vm.specification.name" value="Java Virtual Machine Specification"/>
    <property name="PID" value="42462"/>
    <property name="CONSOLE_LOG_CHARSET" value="UTF-8"/>
    <property name="catalina.base" value="/private/var/folders/k7/7nsc1qy952z78rzmln2k60fr0000gn/T/tomcat.8081.5103626075763017396"/>
    <property name="native.encoding" value="UTF-8"/>
    <property name="java.library.path" value="/Users/rudiwelter/Library/Java/Extensions:/Library/Java/Extensions:/Network/Library/Java/Extensions:/System/Library/Java/Extensions:/usr/lib/java:."/>
    <property name="java.vm.info" value="mixed mode, sharing"/>
    <property name="stderr.encoding" value="UTF-8"/>
    <property name="java.vendor" value="Oracle Corporation"/>
    <property name="java.vm.version" value="20+36-2344"/>
    <property name="sun.io.unicode.encoding" value="UnicodeBig"/>
    <property name="socksNonProxyHosts" value="local|*.local|169.254/16|*.169.254/16"/>
    <property name="java.class.version" value="64.0"/>
    <property name="LOGGED_APPLICATION_NAME" value="[Tut-O-Pedia Backend] "/>
  </properties>
  <testcase name="when find all buckets then OK" classname="com.tutopedia.backend.controllers.BucketControllerSpec" time="0.0">
    <skipped message="Ignored via @Ignore"/>
    <system-out><![CDATA[14:20:50.841 [main] INFO org.springframework.test.context.support.AnnotationConfigContextLoaderUtils -- Could not detect default configuration classes for test class [com.tutopedia.backend.BackendApplicationSpec]: BackendApplicationSpec does not declare any static, non-private, non-final, nested classes annotated with @Configuration.
14:20:50.943 [main] INFO org.springframework.boot.test.context.SpringBootTestContextBootstrapper -- Found @SpringBootConfiguration com.tutopedia.backend.BackendApplication for test class com.tutopedia.backend.BackendApplicationSpec
]]></system-out>
  </testcase>
  <testcase name="create 1 bucket, when find all buckets then should retrieve that one" classname="com.tutopedia.backend.controllers.BucketControllerSpec" time="0.0">
    <skipped message="Ignored via @Ignore"/>
  </testcase>
  <testcase name="delete all buckets, when find all buckets then should retrieve none" classname="com.tutopedia.backend.controllers.BucketControllerSpec" time="0.0">
    <skipped message="Ignored via @Ignore"/>
  </testcase>
  <testcase name="when find default bucket then OK" classname="com.tutopedia.backend.controllers.BucketControllerSpec" time="0.0">
    <skipped message="Ignored via @Ignore"/>
  </testcase>
  <testcase name="when find default bucket then should be selected" classname="com.tutopedia.backend.controllers.BucketControllerSpec" time="0.0">
    <skipped message="Ignored via @Ignore"/>
  </testcase>
  <testcase name="when find default bucket then should none present when not created" classname="com.tutopedia.backend.controllers.BucketControllerSpec" time="0.0">
    <skipped message="Ignored via @Ignore"/>
  </testcase>
  <testcase name="when create bucket then CREATED" classname="com.tutopedia.backend.controllers.BucketControllerSpec" time="0.0">
    <skipped message="Ignored via @Ignore"/>
  </testcase>
  <testcase name="when delete bucket by id then bucket removed" classname="com.tutopedia.backend.controllers.BucketControllerSpec" time="0.0">
    <skipped message="Ignored via @Ignore"/>
  </testcase>
  <testcase name="when update default bucket then SC_OK" classname="com.tutopedia.backend.controllers.BucketControllerSpec" time="0.0">
    <skipped message="Ignored via @Ignore"/>
  </testcase>
  <testcase name="when update default bucket then SC_NOT_FOUND" classname="com.tutopedia.backend.controllers.BucketControllerSpec" time="0.0">
    <skipped message="Ignored via @Ignore"/>
  </testcase>
  <testcase name="when update default bucket then old default bucket is not default, new bucket is default" classname="com.tutopedia.backend.controllers.BucketControllerSpec" time="4.019">
    <error message="Failed to load ApplicationContext for [WebMergedContextConfiguration@2bc0603f testClass = com.tutopedia.backend.controllers.BucketControllerSpec, locations = [], classes = [com.tutopedia.backend.BackendApplication], contextInitializerClasses = [], activeProfiles = [], propertySourceDescriptors = [PropertySourceDescriptor[locations=[classpath:application-test.properties], ignoreResourceNotFound=false, name=null, propertySourceFactory=null, encoding=null]], propertySourceProperties = [&quot;org.springframework.boot.test.context.SpringBootTestContextBootstrapper=true&quot;], contextCustomizers = [org.springframework.boot.test.context.filter.ExcludeFilterContextCustomizer@31ea9581, org.springframework.boot.test.json.DuplicateJsonObjectContextCustomizerFactory$DuplicateJsonObjectContextCustomizer@221a3fa4, org.springframework.boot.test.mock.mockito.MockitoContextCustomizer@0, org.springframework.boot.test.web.client.TestRestTemplateContextCustomizer@305ffe9e, org.springframework.boot.test.web.reactor.netty.DisableReactorResourceFactoryGlobalResourcesContextCustomizerFactory$DisableReactorResourceFactoryGlobalResourcesContextCustomizerCustomizer@c430e6c, org.springframework.boot.test.autoconfigure.actuate.observability.ObservabilityContextCustomizerFactory$DisableObservabilityContextCustomizer@1f, org.springframework.boot.test.autoconfigure.properties.PropertyMappingContextCustomizer@0, org.springframework.boot.test.autoconfigure.web.servlet.WebDriverContextCustomizer@48e1f6c7, org.spockframework.spring.mock.SpockContextCustomizer@0, org.springframework.boot.test.context.SpringBootTestAnnotation@492bcb82], resourceBasePath = &quot;src/main/webapp&quot;, contextLoader = org.springframework.boot.test.context.SpringBootContextLoader, parent = null]" type="java.lang.IllegalStateException"><![CDATA[java.lang.IllegalStateException: Failed to load ApplicationContext for [WebMergedContextConfiguration@2bc0603f testClass = com.tutopedia.backend.controllers.BucketControllerSpec, locations = [], classes = [com.tutopedia.backend.BackendApplication], contextInitializerClasses = [], activeProfiles = [], propertySourceDescriptors = [PropertySourceDescriptor[locations=[classpath:application-test.properties], ignoreResourceNotFound=false, name=null, propertySourceFactory=null, encoding=null]], propertySourceProperties = ["org.springframework.boot.test.context.SpringBootTestContextBootstrapper=true"], contextCustomizers = [org.springframework.boot.test.context.filter.ExcludeFilterContextCustomizer@31ea9581, org.springframework.boot.test.json.DuplicateJsonObjectContextCustomizerFactory$DuplicateJsonObjectContextCustomizer@221a3fa4, org.springframework.boot.test.mock.mockito.MockitoContextCustomizer@0, org.springframework.boot.test.web.client.TestRestTemplateContextCustomizer@305ffe9e, org.springframework.boot.test.web.reactor.netty.DisableReactorResourceFactoryGlobalResourcesContextCustomizerFactory$DisableReactorResourceFactoryGlobalResourcesContextCustomizerCustomizer@c430e6c, org.springframework.boot.test.autoconfigure.actuate.observability.ObservabilityContextCustomizerFactory$DisableObservabilityContextCustomizer@1f, org.springframework.boot.test.autoconfigure.properties.PropertyMappingContextCustomizer@0, org.springframework.boot.test.autoconfigure.web.servlet.WebDriverContextCustomizer@48e1f6c7, org.spockframework.spring.mock.SpockContextCustomizer@0, org.springframework.boot.test.context.SpringBootTestAnnotation@492bcb82], resourceBasePath = "src/main/webapp", contextLoader = org.springframework.boot.test.context.SpringBootContextLoader, parent = null]
	at org.springframework.test.context.cache.DefaultCacheAwareContextLoaderDelegate.loadContext(DefaultCacheAwareContextLoaderDelegate.java:180)
	at org.springframework.test.context.support.DefaultTestContext.getApplicationContext(DefaultTestContext.java:130)
	at org.spockframework.util.ReflectionUtil.invokeMethod(ReflectionUtil.java:204)
	at org.spockframework.spring.SpringTestContext.getApplicationContext(SpringTestContext.java:49)
	at org.spockframework.spring.SpringMockTestExecutionListener.injectSpies(SpringMockTestExecutionListener.java:66)
	at org.spockframework.spring.SpringMockTestExecutionListener.prepareTestInstance(SpringMockTestExecutionListener.java:62)
	at org.spockframework.spring.AbstractSpringTestExecutionListener.prepareTestInstance(AbstractSpringTestExecutionListener.java:32)
	at org.springframework.test.context.TestContextManager.prepareTestInstance(TestContextManager.java:260)
	at org.spockframework.spring.SpringTestContextManager.prepareTestInstance(SpringTestContextManager.java:56)
	at org.spockframework.spring.SpringInterceptor.interceptInitializerMethod(SpringInterceptor.java:46)
	at org.spockframework.runtime.extension.AbstractMethodInterceptor.intercept(AbstractMethodInterceptor.java:24)
	at org.spockframework.runtime.extension.MethodInvocation.proceed(MethodInvocation.java:122)
	at org.spockframework.runtime.model.MethodInfo.invoke(MethodInfo.java:157)
	at java.base/java.util.ArrayList.forEach(ArrayList.java:1511)
	at org.spockframework.runtime.model.MethodInfo.invoke(MethodInfo.java:157)
	at java.base/java.util.ArrayList.forEach(ArrayList.java:1511)
Caused by: org.springframework.beans.factory.BeanCreationException: Error creating bean with name 'entityManagerFactory' defined in class path resource [org/springframework/boot/autoconfigure/orm/jpa/HibernateJpaConfiguration.class]: Failed to initialize dependency 'liquibase' of LoadTimeWeaverAware bean 'entityManagerFactory': Error creating bean with name 'liquibase' defined in class path resource [org/springframework/boot/autoconfigure/liquibase/LiquibaseAutoConfiguration$LiquibaseConfiguration.class]: liquibase.exception.CommandExecutionException: liquibase.exception.LiquibaseException: liquibase.exception.MigrationFailedException: Migration failed for changeset db/changelog-test/db.changelog-test-1.sql::raw::includeAll:
     Reason: liquibase.exception.DatabaseException: ERROR: relation "tutorial" already exists [Failed SQL: (0) CREATE TABLE tutorial (id BIGINT, title VARCHAR(255), description VARCHAR(255), published BOOLEAN, filename VARCHAR(255), PRIMARY KEY (id))]
	at org.springframework.beans.factory.support.AbstractBeanFactory.doGetBean(AbstractBeanFactory.java:326)
	at org.springframework.beans.factory.support.AbstractBeanFactory.getBean(AbstractBeanFactory.java:205)
	at org.springframework.context.support.AbstractApplicationContext.finishBeanFactoryInitialization(AbstractApplicationContext.java:954)
	at org.springframework.context.support.AbstractApplicationContext.refresh(AbstractApplicationContext.java:625)
	at org.springframework.boot.web.servlet.context.ServletWebServerApplicationContext.refresh(ServletWebServerApplicationContext.java:146)
	at org.springframework.boot.SpringApplication.refresh(SpringApplication.java:754)
	at org.springframework.boot.SpringApplication.refreshContext(SpringApplication.java:456)
	at org.springframework.boot.SpringApplication.run(SpringApplication.java:335)
	at org.springframework.boot.test.context.SpringBootContextLoader.lambda$loadContext$3(SpringBootContextLoader.java:137)
	at org.springframework.util.function.ThrowingSupplier.get(ThrowingSupplier.java:58)
	at org.springframework.util.function.ThrowingSupplier.get(ThrowingSupplier.java:46)
	at org.springframework.boot.SpringApplication.withHook(SpringApplication.java:1463)
	at org.springframework.boot.test.context.SpringBootContextLoader$ContextLoaderHook.run(SpringBootContextLoader.java:553)
	at org.springframework.boot.test.context.SpringBootContextLoader.loadContext(SpringBootContextLoader.java:137)
	at org.springframework.boot.test.context.SpringBootContextLoader.loadContext(SpringBootContextLoader.java:108)
	at org.springframework.test.context.cache.DefaultCacheAwareContextLoaderDelegate.loadContextInternal(DefaultCacheAwareContextLoaderDelegate.java:225)
	at org.springframework.test.context.cache.DefaultCacheAwareContextLoaderDelegate.loadContext(DefaultCacheAwareContextLoaderDelegate.java:152)
	... 15 more
Caused by: org.springframework.beans.factory.BeanCreationException: Error creating bean with name 'liquibase' defined in class path resource [org/springframework/boot/autoconfigure/liquibase/LiquibaseAutoConfiguration$LiquibaseConfiguration.class]: liquibase.exception.CommandExecutionException: liquibase.exception.LiquibaseException: liquibase.exception.MigrationFailedException: Migration failed for changeset db/changelog-test/db.changelog-test-1.sql::raw::includeAll:
     Reason: liquibase.exception.DatabaseException: ERROR: relation "tutorial" already exists [Failed SQL: (0) CREATE TABLE tutorial (id BIGINT, title VARCHAR(255), description VARCHAR(255), published BOOLEAN, filename VARCHAR(255), PRIMARY KEY (id))]
	at org.springframework.beans.factory.support.AbstractAutowireCapableBeanFactory.initializeBean(AbstractAutowireCapableBeanFactory.java:1806)
	at org.springframework.beans.factory.support.AbstractAutowireCapableBeanFactory.doCreateBean(AbstractAutowireCapableBeanFactory.java:600)
	at org.springframework.beans.factory.support.AbstractAutowireCapableBeanFactory.createBean(AbstractAutowireCapableBeanFactory.java:522)
	at org.springframework.beans.factory.support.AbstractBeanFactory.lambda$doGetBean$0(AbstractBeanFactory.java:337)
	at org.springframework.beans.factory.support.DefaultSingletonBeanRegistry.getSingleton(DefaultSingletonBeanRegistry.java:234)
	at org.springframework.beans.factory.support.AbstractBeanFactory.doGetBean(AbstractBeanFactory.java:335)
	at org.springframework.beans.factory.support.AbstractBeanFactory.getBean(AbstractBeanFactory.java:200)
	at org.springframework.beans.factory.support.AbstractBeanFactory.doGetBean(AbstractBeanFactory.java:313)
	... 31 more
Caused by: liquibase.exception.UnexpectedLiquibaseException: liquibase.exception.CommandExecutionException: liquibase.exception.LiquibaseException: liquibase.exception.MigrationFailedException: Migration failed for changeset db/changelog-test/db.changelog-test-1.sql::raw::includeAll:
     Reason: liquibase.exception.DatabaseException: ERROR: relation "tutorial" already exists [Failed SQL: (0) CREATE TABLE tutorial (id BIGINT, title VARCHAR(255), description VARCHAR(255), published BOOLEAN, filename VARCHAR(255), PRIMARY KEY (id))]
	at liquibase.integration.spring.SpringLiquibase.afterPropertiesSet(SpringLiquibase.java:259)
	at org.springframework.beans.factory.support.AbstractAutowireCapableBeanFactory.invokeInitMethods(AbstractAutowireCapableBeanFactory.java:1853)
	at org.springframework.beans.factory.support.AbstractAutowireCapableBeanFactory.initializeBean(AbstractAutowireCapableBeanFactory.java:1802)
	... 38 more
Caused by: liquibase.exception.CommandExecutionException: liquibase.exception.LiquibaseException: liquibase.exception.MigrationFailedException: Migration failed for changeset db/changelog-test/db.changelog-test-1.sql::raw::includeAll:
     Reason: liquibase.exception.DatabaseException: ERROR: relation "tutorial" already exists [Failed SQL: (0) CREATE TABLE tutorial (id BIGINT, title VARCHAR(255), description VARCHAR(255), published BOOLEAN, filename VARCHAR(255), PRIMARY KEY (id))]
	at liquibase.command.CommandScope.execute(CommandScope.java:257)
	at liquibase.Liquibase.lambda$update$0(Liquibase.java:245)
	at liquibase.Scope.lambda$child$0(Scope.java:190)
	at liquibase.Scope.child(Scope.java:199)
	at liquibase.Scope.child(Scope.java:189)
	at liquibase.Scope.child(Scope.java:168)
	at liquibase.Liquibase.runInScope(Liquibase.java:1436)
	at liquibase.Liquibase.update(Liquibase.java:234)
	at liquibase.Liquibase.update(Liquibase.java:212)
	at liquibase.integration.spring.SpringLiquibase.performUpdate(SpringLiquibase.java:297)
	at liquibase.integration.spring.SpringLiquibase.lambda$afterPropertiesSet$0(SpringLiquibase.java:249)
	at liquibase.Scope.lambda$child$0(Scope.java:190)
	at liquibase.Scope.child(Scope.java:199)
	at liquibase.Scope.child(Scope.java:189)
	at liquibase.Scope.child(Scope.java:168)
	at liquibase.Scope.child(Scope.java:256)
	at liquibase.integration.spring.SpringLiquibase.afterPropertiesSet(SpringLiquibase.java:242)
	... 40 more
Caused by: liquibase.exception.LiquibaseException: liquibase.exception.MigrationFailedException: Migration failed for changeset db/changelog-test/db.changelog-test-1.sql::raw::includeAll:
     Reason: liquibase.exception.DatabaseException: ERROR: relation "tutorial" already exists [Failed SQL: (0) CREATE TABLE tutorial (id BIGINT, title VARCHAR(255), description VARCHAR(255), published BOOLEAN, filename VARCHAR(255), PRIMARY KEY (id))]
	at liquibase.changelog.ChangeLogIterator.run(ChangeLogIterator.java:151)
	at liquibase.command.core.AbstractUpdateCommandStep.lambda$run$0(AbstractUpdateCommandStep.java:112)
	at liquibase.Scope.lambda$child$0(Scope.java:190)
	at liquibase.Scope.child(Scope.java:199)
	at liquibase.Scope.child(Scope.java:189)
	at liquibase.Scope.child(Scope.java:168)
	at liquibase.command.core.AbstractUpdateCommandStep.run(AbstractUpdateCommandStep.java:110)
	at liquibase.command.core.UpdateCommandStep.run(UpdateCommandStep.java:105)
	at liquibase.command.CommandScope.execute(CommandScope.java:219)
	... 56 more
Caused by: liquibase.exception.MigrationFailedException: Migration failed for changeset db/changelog-test/db.changelog-test-1.sql::raw::includeAll:
     Reason: liquibase.exception.DatabaseException: ERROR: relation "tutorial" already exists [Failed SQL: (0) CREATE TABLE tutorial (id BIGINT, title VARCHAR(255), description VARCHAR(255), published BOOLEAN, filename VARCHAR(255), PRIMARY KEY (id))]
	at liquibase.changelog.ChangeSet.execute(ChangeSet.java:808)
	at liquibase.changelog.visitor.UpdateVisitor.executeAcceptedChange(UpdateVisitor.java:119)
	at liquibase.changelog.visitor.UpdateVisitor.visit(UpdateVisitor.java:68)
	at liquibase.changelog.ChangeLogIterator$2.lambda$run$0(ChangeLogIterator.java:133)
	at liquibase.Scope.lambda$child$0(Scope.java:190)
	at liquibase.Scope.child(Scope.java:199)
	at liquibase.Scope.child(Scope.java:189)
	at liquibase.Scope.child(Scope.java:168)
	at liquibase.changelog.ChangeLogIterator$2.run(ChangeLogIterator.java:122)
	at liquibase.Scope.lambda$child$0(Scope.java:190)
	at liquibase.Scope.child(Scope.java:199)
	at liquibase.Scope.child(Scope.java:189)
	at liquibase.Scope.child(Scope.java:168)
	at liquibase.Scope.child(Scope.java:256)
	at liquibase.Scope.child(Scope.java:260)
	at liquibase.changelog.ChangeLogIterator.run(ChangeLogIterator.java:89)
	... 64 more
Caused by: liquibase.exception.DatabaseException: ERROR: relation "tutorial" already exists [Failed SQL: (0) CREATE TABLE tutorial (id BIGINT, title VARCHAR(255), description VARCHAR(255), published BOOLEAN, filename VARCHAR(255), PRIMARY KEY (id))]
	at liquibase.executor.jvm.JdbcExecutor$ExecuteStatementCallback.doInStatement(JdbcExecutor.java:473)
	at liquibase.executor.jvm.JdbcExecutor.execute(JdbcExecutor.java:80)
	at liquibase.executor.jvm.JdbcExecutor.execute(JdbcExecutor.java:182)
	at liquibase.executor.AbstractExecutor.execute(AbstractExecutor.java:141)
	at liquibase.database.AbstractJdbcDatabase.executeStatements(AbstractJdbcDatabase.java:1176)
	at liquibase.changelog.ChangeSet.execute(ChangeSet.java:764)
	... 79 more
Caused by: org.postgresql.util.PSQLException: ERROR: relation "tutorial" already exists
	at org.postgresql.core.v3.QueryExecutorImpl.receiveErrorResponse(QueryExecutorImpl.java:2725)
	at org.postgresql.core.v3.QueryExecutorImpl.processResults(QueryExecutorImpl.java:2412)
	at org.postgresql.core.v3.QueryExecutorImpl.execute(QueryExecutorImpl.java:371)
	at org.postgresql.jdbc.PgStatement.executeInternal(PgStatement.java:502)
	at org.postgresql.jdbc.PgStatement.execute(PgStatement.java:419)
	at org.postgresql.jdbc.PgStatement.executeWithFlags(PgStatement.java:341)
	at org.postgresql.jdbc.PgStatement.executeCachedSql(PgStatement.java:326)
	at org.postgresql.jdbc.PgStatement.executeWithFlags(PgStatement.java:302)
	at org.postgresql.jdbc.PgStatement.execute(PgStatement.java:297)
	at com.zaxxer.hikari.pool.ProxyStatement.execute(ProxyStatement.java:94)
	at liquibase.executor.jvm.JdbcExecutor$ExecuteStatementCallback.doInStatement(JdbcExecutor.java:467)
	... 84 more
]]></error>
    <system-out><![CDATA[14:20:51.447 [main] INFO org.springframework.boot.devtools.restart.RestartApplicationListener -- Restart disabled due to context in which it is running
 ___                  ___                                                               ___                 
(   )                (   )                                                             (   )  .-.           
 | |_      ___  ___   | |_                   .--.                  .-..     .--.     .-.| |  ( __)   .---.  
(   __)   (   )(   ) (   __)                /    \                /    \   /    \   /   \ |  (''")  / .-, \ 
 | |       | |  | |   | |        .------.  |  .-. ;   .------.   ' .-,  ; |  .-. ; |  .-. |   | |  (__) ; | 
 | | ___   | |  | |   | | ___   (________) | |  | |  (________)  | |  . | |  | | | | |  | |   | |    .'`  | 
 | |(   )  | |  | |   | |(   )             | |  | |              | |  | | |  |/  | | |  | |   | |   / .'| | 
 | | | |   | |  | |   | | | |              | |  | |              | |  | | |  ' _.' | |  | |   | |  | /  | | 
 | ' | |   | |  ; '   | ' | |              | '  | |              | |  ' | |  .'.-. | '  | |   | |  ; |  ; | 
 ' `-' ;   ' `-'  /   ' `-' ;              '  `-' /              | `-'  ' '  `-' / ' `-'  /   | |  ' `-'  | 
  `.__.     '.__.'     `.__.                `.__.'               | \__.'   `.__.'   `.__,'   (___) `.__.'_. 
                                                                 | |                                        
                                                                (___)                                       
2024-11-12T14:20:51.691+01:00  INFO 42462 --- [Tut-O-Pedia Backend] [           main] c.t.b.controllers.BucketControllerSpec   : Starting BucketControllerSpec using Java 20 with PID 42462 (started by rudiwelter in /Users/rudiwelter/Workdir/Tut-O-Pedia/Backend)
2024-11-12T14:20:51.694+01:00  INFO 42462 --- [Tut-O-Pedia Backend] [           main] c.t.b.controllers.BucketControllerSpec   : No active profile set, falling back to 1 default profile: "default"
2024-11-12T14:20:53.161+01:00  INFO 42462 --- [Tut-O-Pedia Backend] [           main] .s.d.r.c.RepositoryConfigurationDelegate : Bootstrapping Spring Data JPA repositories in DEFAULT mode.
2024-11-12T14:20:53.216+01:00  INFO 42462 --- [Tut-O-Pedia Backend] [           main] .s.d.r.c.RepositoryConfigurationDelegate : Finished Spring Data repository scanning in 48 ms. Found 4 JPA repository interfaces.
2024-11-12T14:20:53.994+01:00  INFO 42462 --- [Tut-O-Pedia Backend] [           main] o.s.b.w.embedded.tomcat.TomcatWebServer  : Tomcat initialized with port 8081 (http)
2024-11-12T14:20:54.008+01:00  INFO 42462 --- [Tut-O-Pedia Backend] [           main] o.apache.catalina.core.StandardService   : Starting service [Tomcat]
2024-11-12T14:20:54.008+01:00  INFO 42462 --- [Tut-O-Pedia Backend] [           main] o.apache.catalina.core.StandardEngine    : Starting Servlet engine: [Apache Tomcat/10.1.28]
2024-11-12T14:20:54.062+01:00  INFO 42462 --- [Tut-O-Pedia Backend] [           main] o.a.c.c.C.[Tomcat].[localhost].[/]       : Initializing Spring embedded WebApplicationContext
2024-11-12T14:20:54.064+01:00  INFO 42462 --- [Tut-O-Pedia Backend] [           main] w.s.c.ServletWebServerApplicationContext : Root WebApplicationContext: initialization completed in 2344 ms
2024-11-12T14:20:54.185+01:00  INFO 42462 --- [Tut-O-Pedia Backend] [           main] com.zaxxer.hikari.HikariDataSource       : HikariPool-1 - Starting...
2024-11-12T14:20:54.317+01:00  INFO 42462 --- [Tut-O-Pedia Backend] [           main] com.zaxxer.hikari.pool.HikariPool        : HikariPool-1 - Added connection org.postgresql.jdbc.PgConnection@1dd443c1
2024-11-12T14:20:54.319+01:00  INFO 42462 --- [Tut-O-Pedia Backend] [           main] com.zaxxer.hikari.HikariDataSource       : HikariPool-1 - Start completed.
2024-11-12T14:20:54.329+01:00  INFO 42462 --- [Tut-O-Pedia Backend] [           main] o.s.b.a.h2.H2ConsoleAutoConfiguration    : H2 console available at '/h2-console'. Database available at 'jdbc:postgresql://localhost:5432/tutopedia_db'
2024-11-12T14:20:54.929+01:00  INFO 42462 --- [Tut-O-Pedia Backend] [           main] liquibase.changelog                      : Reading resource: db/changelog-test/db.changelog-test-1.sql
2024-11-12T14:20:54.935+01:00  INFO 42462 --- [Tut-O-Pedia Backend] [           main] liquibase.changelog                      : Reading resource: db/changelog-test/db.changelog-test-2.sql
2024-11-12T14:20:54.936+01:00  INFO 42462 --- [Tut-O-Pedia Backend] [           main] liquibase.changelog                      : Reading resource: db/changelog-test/db.changelog-test-3.sql
2024-11-12T14:20:54.938+01:00  INFO 42462 --- [Tut-O-Pedia Backend] [           main] liquibase.changelog                      : Reading resource: db/changelog-test/db.changelog-test-4.sql
2024-11-12T14:20:54.939+01:00  INFO 42462 --- [Tut-O-Pedia Backend] [           main] liquibase.changelog                      : Reading resource: db/changelog-test/db.changelog-test-5.sql
2024-11-12T14:20:54.940+01:00  INFO 42462 --- [Tut-O-Pedia Backend] [           main] liquibase.changelog                      : Reading resource: db/changelog-test/db.changelog-test-6.sql
2024-11-12T14:20:54.941+01:00  INFO 42462 --- [Tut-O-Pedia Backend] [           main] liquibase.changelog                      : Reading resource: db/changelog-test/db.changelog-test-7.sql
2024-11-12T14:20:54.942+01:00  INFO 42462 --- [Tut-O-Pedia Backend] [           main] liquibase.changelog                      : Reading resource: db/changelog-test/db.changelog-test-8.sql
2024-11-12T14:20:54.943+01:00  INFO 42462 --- [Tut-O-Pedia Backend] [           main] liquibase.changelog                      : Reading resource: db/changelog-test/db.changelog-test-9.sql
2024-11-12T14:20:55.082+01:00  INFO 42462 --- [Tut-O-Pedia Backend] [           main] liquibase.changelog                      : Reading from public.databasechangelog
2024-11-12T14:20:55.152+01:00  INFO 42462 --- [Tut-O-Pedia Backend] [           main] liquibase.lockservice                    : Successfully acquired change log lock
2024-11-12T14:20:55.156+01:00  INFO 42462 --- [Tut-O-Pedia Backend] [           main] liquibase.command                        : Using deploymentId: 1417655156
2024-11-12T14:20:55.159+01:00  INFO 42462 --- [Tut-O-Pedia Backend] [           main] liquibase.changelog                      : Reading from public.databasechangelog
2024-11-12T14:20:55.288+01:00  INFO 42462 --- [Tut-O-Pedia Backend] [           main] liquibase.ui                             : Running Changeset: db/changelog-test/db.changelog-test-1.sql::raw::includeAll
2024-11-12T14:20:55.308+01:00 ERROR 42462 --- [Tut-O-Pedia Backend] [           main] liquibase.changelog                      : ChangeSet db/changelog-test/db.changelog-test-1.sql::raw::includeAll encountered an exception.

liquibase.exception.DatabaseException: ERROR: relation "tutorial" already exists [Failed SQL: (0) CREATE TABLE tutorial (id BIGINT, title VARCHAR(255), description VARCHAR(255), published BOOLEAN, filename VARCHAR(255), PRIMARY KEY (id))]
	at liquibase.executor.jvm.JdbcExecutor$ExecuteStatementCallback.doInStatement(JdbcExecutor.java:473) ~[liquibase-core-4.27.0.jar:na]
	at liquibase.executor.jvm.JdbcExecutor.execute(JdbcExecutor.java:80) ~[liquibase-core-4.27.0.jar:na]
	at liquibase.executor.jvm.JdbcExecutor.execute(JdbcExecutor.java:182) ~[liquibase-core-4.27.0.jar:na]
	at liquibase.executor.AbstractExecutor.execute(AbstractExecutor.java:141) ~[liquibase-core-4.27.0.jar:na]
	at liquibase.database.AbstractJdbcDatabase.executeStatements(AbstractJdbcDatabase.java:1176) ~[liquibase-core-4.27.0.jar:na]
	at liquibase.changelog.ChangeSet.execute(ChangeSet.java:764) ~[liquibase-core-4.27.0.jar:na]
	at liquibase.changelog.visitor.UpdateVisitor.executeAcceptedChange(UpdateVisitor.java:119) ~[liquibase-core-4.27.0.jar:na]
	at liquibase.changelog.visitor.UpdateVisitor.visit(UpdateVisitor.java:68) ~[liquibase-core-4.27.0.jar:na]
	at liquibase.changelog.ChangeLogIterator$2.lambda$run$0(ChangeLogIterator.java:133) ~[liquibase-core-4.27.0.jar:na]
	at liquibase.Scope.lambda$child$0(Scope.java:190) ~[liquibase-core-4.27.0.jar:na]
	at liquibase.Scope.child(Scope.java:199) ~[liquibase-core-4.27.0.jar:na]
	at liquibase.Scope.child(Scope.java:189) ~[liquibase-core-4.27.0.jar:na]
	at liquibase.Scope.child(Scope.java:168) ~[liquibase-core-4.27.0.jar:na]
	at liquibase.changelog.ChangeLogIterator$2.run(ChangeLogIterator.java:122) ~[liquibase-core-4.27.0.jar:na]
	at liquibase.Scope.lambda$child$0(Scope.java:190) ~[liquibase-core-4.27.0.jar:na]
	at liquibase.Scope.child(Scope.java:199) ~[liquibase-core-4.27.0.jar:na]
	at liquibase.Scope.child(Scope.java:189) ~[liquibase-core-4.27.0.jar:na]
	at liquibase.Scope.child(Scope.java:168) ~[liquibase-core-4.27.0.jar:na]
	at liquibase.Scope.child(Scope.java:256) ~[liquibase-core-4.27.0.jar:na]
	at liquibase.Scope.child(Scope.java:260) ~[liquibase-core-4.27.0.jar:na]
	at liquibase.changelog.ChangeLogIterator.run(ChangeLogIterator.java:89) ~[liquibase-core-4.27.0.jar:na]
	at liquibase.command.core.AbstractUpdateCommandStep.lambda$run$0(AbstractUpdateCommandStep.java:112) ~[liquibase-core-4.27.0.jar:na]
	at liquibase.Scope.lambda$child$0(Scope.java:190) ~[liquibase-core-4.27.0.jar:na]
	at liquibase.Scope.child(Scope.java:199) ~[liquibase-core-4.27.0.jar:na]
	at liquibase.Scope.child(Scope.java:189) ~[liquibase-core-4.27.0.jar:na]
	at liquibase.Scope.child(Scope.java:168) ~[liquibase-core-4.27.0.jar:na]
	at liquibase.command.core.AbstractUpdateCommandStep.run(AbstractUpdateCommandStep.java:110) ~[liquibase-core-4.27.0.jar:na]
	at liquibase.command.core.UpdateCommandStep.run(UpdateCommandStep.java:105) ~[liquibase-core-4.27.0.jar:na]
	at liquibase.command.CommandScope.execute(CommandScope.java:219) ~[liquibase-core-4.27.0.jar:na]
	at liquibase.Liquibase.lambda$update$0(Liquibase.java:245) ~[liquibase-core-4.27.0.jar:na]
	at liquibase.Scope.lambda$child$0(Scope.java:190) ~[liquibase-core-4.27.0.jar:na]
	at liquibase.Scope.child(Scope.java:199) ~[liquibase-core-4.27.0.jar:na]
	at liquibase.Scope.child(Scope.java:189) ~[liquibase-core-4.27.0.jar:na]
	at liquibase.Scope.child(Scope.java:168) ~[liquibase-core-4.27.0.jar:na]
	at liquibase.Liquibase.runInScope(Liquibase.java:1436) ~[liquibase-core-4.27.0.jar:na]
	at liquibase.Liquibase.update(Liquibase.java:234) ~[liquibase-core-4.27.0.jar:na]
	at liquibase.Liquibase.update(Liquibase.java:212) ~[liquibase-core-4.27.0.jar:na]
	at liquibase.integration.spring.SpringLiquibase.performUpdate(SpringLiquibase.java:297) ~[liquibase-core-4.27.0.jar:na]
	at liquibase.integration.spring.SpringLiquibase.lambda$afterPropertiesSet$0(SpringLiquibase.java:249) ~[liquibase-core-4.27.0.jar:na]
	at liquibase.Scope.lambda$child$0(Scope.java:190) ~[liquibase-core-4.27.0.jar:na]
	at liquibase.Scope.child(Scope.java:199) ~[liquibase-core-4.27.0.jar:na]
	at liquibase.Scope.child(Scope.java:189) ~[liquibase-core-4.27.0.jar:na]
	at liquibase.Scope.child(Scope.java:168) ~[liquibase-core-4.27.0.jar:na]
	at liquibase.Scope.child(Scope.java:256) ~[liquibase-core-4.27.0.jar:na]
	at liquibase.integration.spring.SpringLiquibase.afterPropertiesSet(SpringLiquibase.java:242) ~[liquibase-core-4.27.0.jar:na]
	at org.springframework.beans.factory.support.AbstractAutowireCapableBeanFactory.invokeInitMethods(AbstractAutowireCapableBeanFactory.java:1853) ~[spring-beans-6.1.12.jar:6.1.12]
	at org.springframework.beans.factory.support.AbstractAutowireCapableBeanFactory.initializeBean(AbstractAutowireCapableBeanFactory.java:1802) ~[spring-beans-6.1.12.jar:6.1.12]
	at org.springframework.beans.factory.support.AbstractAutowireCapableBeanFactory.doCreateBean(AbstractAutowireCapableBeanFactory.java:600) ~[spring-beans-6.1.12.jar:6.1.12]
	at org.springframework.beans.factory.support.AbstractAutowireCapableBeanFactory.createBean(AbstractAutowireCapableBeanFactory.java:522) ~[spring-beans-6.1.12.jar:6.1.12]
	at org.springframework.beans.factory.support.AbstractBeanFactory.lambda$doGetBean$0(AbstractBeanFactory.java:337) ~[spring-beans-6.1.12.jar:6.1.12]
	at org.springframework.beans.factory.support.DefaultSingletonBeanRegistry.getSingleton(DefaultSingletonBeanRegistry.java:234) ~[spring-beans-6.1.12.jar:6.1.12]
	at org.springframework.beans.factory.support.AbstractBeanFactory.doGetBean(AbstractBeanFactory.java:335) ~[spring-beans-6.1.12.jar:6.1.12]
	at org.springframework.beans.factory.support.AbstractBeanFactory.getBean(AbstractBeanFactory.java:200) ~[spring-beans-6.1.12.jar:6.1.12]
	at org.springframework.beans.factory.support.AbstractBeanFactory.doGetBean(AbstractBeanFactory.java:313) ~[spring-beans-6.1.12.jar:6.1.12]
	at org.springframework.beans.factory.support.AbstractBeanFactory.getBean(AbstractBeanFactory.java:205) ~[spring-beans-6.1.12.jar:6.1.12]
	at org.springframework.context.support.AbstractApplicationContext.finishBeanFactoryInitialization(AbstractApplicationContext.java:954) ~[spring-context-6.1.12.jar:6.1.12]
	at org.springframework.context.support.AbstractApplicationContext.refresh(AbstractApplicationContext.java:625) ~[spring-context-6.1.12.jar:6.1.12]
	at org.springframework.boot.web.servlet.context.ServletWebServerApplicationContext.refresh(ServletWebServerApplicationContext.java:146) ~[spring-boot-3.3.3.jar:3.3.3]
	at org.springframework.boot.SpringApplication.refresh(SpringApplication.java:754) ~[spring-boot-3.3.3.jar:3.3.3]
	at org.springframework.boot.SpringApplication.refreshContext(SpringApplication.java:456) ~[spring-boot-3.3.3.jar:3.3.3]
	at org.springframework.boot.SpringApplication.run(SpringApplication.java:335) ~[spring-boot-3.3.3.jar:3.3.3]
	at org.springframework.boot.test.context.SpringBootContextLoader.lambda$loadContext$3(SpringBootContextLoader.java:137) ~[spring-boot-test-3.3.3.jar:3.3.3]
	at org.springframework.util.function.ThrowingSupplier.get(ThrowingSupplier.java:58) ~[spring-core-6.1.12.jar:6.1.12]
	at org.springframework.util.function.ThrowingSupplier.get(ThrowingSupplier.java:46) ~[spring-core-6.1.12.jar:6.1.12]
	at org.springframework.boot.SpringApplication.withHook(SpringApplication.java:1463) ~[spring-boot-3.3.3.jar:3.3.3]
	at org.springframework.boot.test.context.SpringBootContextLoader$ContextLoaderHook.run(SpringBootContextLoader.java:553) ~[spring-boot-test-3.3.3.jar:3.3.3]
	at org.springframework.boot.test.context.SpringBootContextLoader.loadContext(SpringBootContextLoader.java:137) ~[spring-boot-test-3.3.3.jar:3.3.3]
	at org.springframework.boot.test.context.SpringBootContextLoader.loadContext(SpringBootContextLoader.java:108) ~[spring-boot-test-3.3.3.jar:3.3.3]
	at org.springframework.test.context.cache.DefaultCacheAwareContextLoaderDelegate.loadContextInternal(DefaultCacheAwareContextLoaderDelegate.java:225) ~[spring-test-6.1.12.jar:6.1.12]
	at org.springframework.test.context.cache.DefaultCacheAwareContextLoaderDelegate.loadContext(DefaultCacheAwareContextLoaderDelegate.java:152) ~[spring-test-6.1.12.jar:6.1.12]
	at org.springframework.test.context.support.DefaultTestContext.getApplicationContext(DefaultTestContext.java:130) ~[spring-test-6.1.12.jar:6.1.12]
	at java.base/jdk.internal.reflect.DirectMethodHandleAccessor.invoke(DirectMethodHandleAccessor.java:104) ~[na:na]
	at java.base/java.lang.reflect.Method.invoke(Method.java:578) ~[na:na]
	at org.spockframework.util.ReflectionUtil.invokeMethod(ReflectionUtil.java:204) ~[spock-core-2.4-M4-groovy-4.0.jar:2.4-M4]
	at org.spockframework.spring.SpringTestContext.getApplicationContext(SpringTestContext.java:49) ~[spock-spring-2.4-M4-groovy-4.0.jar:2.4-M4]
	at org.spockframework.spring.SpringMockTestExecutionListener.injectSpies(SpringMockTestExecutionListener.java:66) ~[spock-spring-2.4-M4-groovy-4.0.jar:2.4-M4]
	at org.spockframework.spring.SpringMockTestExecutionListener.prepareTestInstance(SpringMockTestExecutionListener.java:62) ~[spock-spring-2.4-M4-groovy-4.0.jar:2.4-M4]
	at org.spockframework.spring.AbstractSpringTestExecutionListener.prepareTestInstance(AbstractSpringTestExecutionListener.java:32) ~[spock-spring-2.4-M4-groovy-4.0.jar:2.4-M4]
	at org.springframework.test.context.TestContextManager.prepareTestInstance(TestContextManager.java:260) ~[spring-test-6.1.12.jar:6.1.12]
	at org.spockframework.spring.SpringTestContextManager.prepareTestInstance(SpringTestContextManager.java:56) ~[spock-spring-2.4-M4-groovy-4.0.jar:2.4-M4]
	at org.spockframework.spring.SpringInterceptor.interceptInitializerMethod(SpringInterceptor.java:46) ~[spock-spring-2.4-M4-groovy-4.0.jar:2.4-M4]
	at org.spockframework.runtime.extension.AbstractMethodInterceptor.intercept(AbstractMethodInterceptor.java:24) ~[spock-core-2.4-M4-groovy-4.0.jar:2.4-M4]
	at org.spockframework.runtime.extension.MethodInvocation.proceed(MethodInvocation.java:122) ~[spock-core-2.4-M4-groovy-4.0.jar:2.4-M4]
	at org.spockframework.runtime.PlatformSpecRunner.invoke(PlatformSpecRunner.java:430) ~[spock-core-2.4-M4-groovy-4.0.jar:2.4-M4]
	at org.spockframework.runtime.PlatformSpecRunner.runInitializer(PlatformSpecRunner.java:265) ~[spock-core-2.4-M4-groovy-4.0.jar:2.4-M4]
	at org.spockframework.runtime.PlatformSpecRunner.runInitializer(PlatformSpecRunner.java:260) ~[spock-core-2.4-M4-groovy-4.0.jar:2.4-M4]
	at org.spockframework.runtime.IterationNode.prepare(IterationNode.java:32) ~[spock-core-2.4-M4-groovy-4.0.jar:2.4-M4]
	at org.spockframework.runtime.IterationNode.prepare(IterationNode.java:13) ~[spock-core-2.4-M4-groovy-4.0.jar:2.4-M4]
	at org.junit.platform.engine.support.hierarchical.NodeTestTask.lambda$prepare$2(NodeTestTask.java:123) ~[junit-platform-engine-1.10.3.jar:1.10.3]
	at org.junit.platform.engine.support.hierarchical.ThrowableCollector.execute(ThrowableCollector.java:73) ~[junit-platform-engine-1.10.3.jar:1.10.3]
	at org.junit.platform.engine.support.hierarchical.NodeTestTask.prepare(NodeTestTask.java:123) ~[junit-platform-engine-1.10.3.jar:1.10.3]
	at org.junit.platform.engine.support.hierarchical.NodeTestTask.execute(NodeTestTask.java:90) ~[junit-platform-engine-1.10.3.jar:1.10.3]
	at org.junit.platform.engine.support.hierarchical.SameThreadHierarchicalTestExecutorService.submit(SameThreadHierarchicalTestExecutorService.java:35) ~[junit-platform-engine-1.10.3.jar:1.10.3]
	at org.junit.platform.engine.support.hierarchical.NodeTestTask$DefaultDynamicTestExecutor.execute(NodeTestTask.java:226) ~[junit-platform-engine-1.10.3.jar:1.10.3]
	at org.spockframework.runtime.SimpleFeatureNode.execute(SimpleFeatureNode.java:58) ~[spock-core-2.4-M4-groovy-4.0.jar:2.4-M4]
	at org.spockframework.runtime.SimpleFeatureNode.execute(SimpleFeatureNode.java:19) ~[spock-core-2.4-M4-groovy-4.0.jar:2.4-M4]
	at org.junit.platform.engine.support.hierarchical.NodeTestTask.lambda$executeRecursively$6(NodeTestTask.java:151) ~[junit-platform-engine-1.10.3.jar:1.10.3]
	at org.junit.platform.engine.support.hierarchical.ThrowableCollector.execute(ThrowableCollector.java:73) ~[junit-platform-engine-1.10.3.jar:1.10.3]
	at org.junit.platform.engine.support.hierarchical.NodeTestTask.lambda$executeRecursively$8(NodeTestTask.java:141) ~[junit-platform-engine-1.10.3.jar:1.10.3]
	at org.spockframework.runtime.SpockNode.sneakyInvoke(SpockNode.java:40) ~[spock-core-2.4-M4-groovy-4.0.jar:2.4-M4]
	at org.spockframework.runtime.FeatureNode.lambda$around$0(FeatureNode.java:73) ~[spock-core-2.4-M4-groovy-4.0.jar:2.4-M4]
	at org.spockframework.runtime.PlatformSpecRunner.lambda$createMethodInfoForDoRunFeature$4(PlatformSpecRunner.java:203) ~[spock-core-2.4-M4-groovy-4.0.jar:2.4-M4]
	at org.spockframework.runtime.model.MethodInfo.invoke(MethodInfo.java:157) ~[spock-core-2.4-M4-groovy-4.0.jar:2.4-M4]
	at org.spockframework.runtime.PlatformSpecRunner.invokeRaw(PlatformSpecRunner.java:439) ~[spock-core-2.4-M4-groovy-4.0.jar:2.4-M4]
	at org.spockframework.runtime.PlatformSpecRunner.invoke(PlatformSpecRunner.java:422) ~[spock-core-2.4-M4-groovy-4.0.jar:2.4-M4]
	at org.spockframework.runtime.PlatformSpecRunner.runFeature(PlatformSpecRunner.java:193) ~[spock-core-2.4-M4-groovy-4.0.jar:2.4-M4]
	at org.spockframework.runtime.FeatureNode.around(FeatureNode.java:73) ~[spock-core-2.4-M4-groovy-4.0.jar:2.4-M4]
	at org.spockframework.runtime.FeatureNode.around(FeatureNode.java:30) ~[spock-core-2.4-M4-groovy-4.0.jar:2.4-M4]
	at org.junit.platform.engine.support.hierarchical.NodeTestTask.lambda$executeRecursively$9(NodeTestTask.java:139) ~[junit-platform-engine-1.10.3.jar:1.10.3]
	at org.junit.platform.engine.support.hierarchical.ThrowableCollector.execute(ThrowableCollector.java:73) ~[junit-platform-engine-1.10.3.jar:1.10.3]
	at org.junit.platform.engine.support.hierarchical.NodeTestTask.executeRecursively(NodeTestTask.java:138) ~[junit-platform-engine-1.10.3.jar:1.10.3]
	at org.junit.platform.engine.support.hierarchical.NodeTestTask.execute(NodeTestTask.java:95) ~[junit-platform-engine-1.10.3.jar:1.10.3]
	at java.base/java.util.ArrayList.forEach(ArrayList.java:1511) ~[na:na]
	at org.junit.platform.engine.support.hierarchical.SameThreadHierarchicalTestExecutorService.invokeAll(SameThreadHierarchicalTestExecutorService.java:41) ~[junit-platform-engine-1.10.3.jar:1.10.3]
	at org.junit.platform.engine.support.hierarchical.NodeTestTask.lambda$executeRecursively$6(NodeTestTask.java:155) ~[junit-platform-engine-1.10.3.jar:1.10.3]
	at org.junit.platform.engine.support.hierarchical.ThrowableCollector.execute(ThrowableCollector.java:73) ~[junit-platform-engine-1.10.3.jar:1.10.3]
	at org.junit.platform.engine.support.hierarchical.NodeTestTask.lambda$executeRecursively$8(NodeTestTask.java:141) ~[junit-platform-engine-1.10.3.jar:1.10.3]
	at org.spockframework.runtime.SpockNode.sneakyInvoke(SpockNode.java:40) ~[spock-core-2.4-M4-groovy-4.0.jar:2.4-M4]
	at org.spockframework.runtime.SpecNode.lambda$around$0(SpecNode.java:72) ~[spock-core-2.4-M4-groovy-4.0.jar:2.4-M4]
	at org.spockframework.runtime.PlatformSpecRunner.lambda$createMethodInfoForDoRunSpec$0(PlatformSpecRunner.java:66) ~[spock-core-2.4-M4-groovy-4.0.jar:2.4-M4]
	at org.spockframework.runtime.model.MethodInfo.invoke(MethodInfo.java:157) ~[spock-core-2.4-M4-groovy-4.0.jar:2.4-M4]
	at org.spockframework.runtime.PlatformSpecRunner.invokeRaw(PlatformSpecRunner.java:439) ~[spock-core-2.4-M4-groovy-4.0.jar:2.4-M4]
	at org.spockframework.runtime.PlatformSpecRunner.invoke(PlatformSpecRunner.java:422) ~[spock-core-2.4-M4-groovy-4.0.jar:2.4-M4]
	at org.spockframework.runtime.PlatformSpecRunner.runSpec(PlatformSpecRunner.java:59) ~[spock-core-2.4-M4-groovy-4.0.jar:2.4-M4]
	at org.spockframework.runtime.SpecNode.around(SpecNode.java:72) ~[spock-core-2.4-M4-groovy-4.0.jar:2.4-M4]
	at org.spockframework.runtime.SpecNode.around(SpecNode.java:12) ~[spock-core-2.4-M4-groovy-4.0.jar:2.4-M4]
	at org.junit.platform.engine.support.hierarchical.NodeTestTask.lambda$executeRecursively$9(NodeTestTask.java:139) ~[junit-platform-engine-1.10.3.jar:1.10.3]
	at org.junit.platform.engine.support.hierarchical.ThrowableCollector.execute(ThrowableCollector.java:73) ~[junit-platform-engine-1.10.3.jar:1.10.3]
	at org.junit.platform.engine.support.hierarchical.NodeTestTask.executeRecursively(NodeTestTask.java:138) ~[junit-platform-engine-1.10.3.jar:1.10.3]
	at org.junit.platform.engine.support.hierarchical.NodeTestTask.execute(NodeTestTask.java:95) ~[junit-platform-engine-1.10.3.jar:1.10.3]
	at java.base/java.util.ArrayList.forEach(ArrayList.java:1511) ~[na:na]
	at org.junit.platform.engine.support.hierarchical.SameThreadHierarchicalTestExecutorService.invokeAll(SameThreadHierarchicalTestExecutorService.java:41) ~[junit-platform-engine-1.10.3.jar:1.10.3]
	at org.junit.platform.engine.support.hierarchical.NodeTestTask.lambda$executeRecursively$6(NodeTestTask.java:155) ~[junit-platform-engine-1.10.3.jar:1.10.3]
	at org.junit.platform.engine.support.hierarchical.ThrowableCollector.execute(ThrowableCollector.java:73) ~[junit-platform-engine-1.10.3.jar:1.10.3]
	at org.junit.platform.engine.support.hierarchical.NodeTestTask.lambda$executeRecursively$8(NodeTestTask.java:141) ~[junit-platform-engine-1.10.3.jar:1.10.3]
	at org.junit.platform.engine.support.hierarchical.Node.around(Node.java:137) ~[junit-platform-engine-1.10.3.jar:1.10.3]
	at org.junit.platform.engine.support.hierarchical.NodeTestTask.lambda$executeRecursively$9(NodeTestTask.java:139) ~[junit-platform-engine-1.10.3.jar:1.10.3]
	at org.junit.platform.engine.support.hierarchical.ThrowableCollector.execute(ThrowableCollector.java:73) ~[junit-platform-engine-1.10.3.jar:1.10.3]
	at org.junit.platform.engine.support.hierarchical.NodeTestTask.executeRecursively(NodeTestTask.java:138) ~[junit-platform-engine-1.10.3.jar:1.10.3]
	at org.junit.platform.engine.support.hierarchical.NodeTestTask.execute(NodeTestTask.java:95) ~[junit-platform-engine-1.10.3.jar:1.10.3]
	at org.junit.platform.engine.support.hierarchical.SameThreadHierarchicalTestExecutorService.submit(SameThreadHierarchicalTestExecutorService.java:35) ~[junit-platform-engine-1.10.3.jar:1.10.3]
	at org.junit.platform.engine.support.hierarchical.HierarchicalTestExecutor.execute(HierarchicalTestExecutor.java:57) ~[junit-platform-engine-1.10.3.jar:1.10.3]
	at org.junit.platform.engine.support.hierarchical.HierarchicalTestEngine.execute(HierarchicalTestEngine.java:54) ~[junit-platform-engine-1.10.3.jar:1.10.3]
	at org.junit.platform.launcher.core.EngineExecutionOrchestrator.execute(EngineExecutionOrchestrator.java:198) ~[junit-platform-launcher-1.10.3.jar:1.10.3]
	at org.junit.platform.launcher.core.EngineExecutionOrchestrator.execute(EngineExecutionOrchestrator.java:169) ~[junit-platform-launcher-1.10.3.jar:1.10.3]
	at org.junit.platform.launcher.core.EngineExecutionOrchestrator.execute(EngineExecutionOrchestrator.java:93) ~[junit-platform-launcher-1.10.3.jar:1.10.3]
	at org.junit.platform.launcher.core.EngineExecutionOrchestrator.lambda$execute$0(EngineExecutionOrchestrator.java:58) ~[junit-platform-launcher-1.10.3.jar:1.10.3]
	at org.junit.platform.launcher.core.EngineExecutionOrchestrator.withInterceptedStreams(EngineExecutionOrchestrator.java:141) ~[junit-platform-launcher-1.10.3.jar:1.10.3]
	at org.junit.platform.launcher.core.EngineExecutionOrchestrator.execute(EngineExecutionOrchestrator.java:57) ~[junit-platform-launcher-1.10.3.jar:1.10.3]
	at org.junit.platform.launcher.core.DefaultLauncher.execute(DefaultLauncher.java:103) ~[junit-platform-launcher-1.10.3.jar:1.10.3]
	at org.junit.platform.launcher.core.DefaultLauncher.execute(DefaultLauncher.java:85) ~[junit-platform-launcher-1.10.3.jar:1.10.3]
	at org.junit.platform.launcher.core.DelegatingLauncher.execute(DelegatingLauncher.java:47) ~[junit-platform-launcher-1.10.3.jar:1.10.3]
	at org.apache.maven.surefire.junitplatform.LazyLauncher.execute(LazyLauncher.java:56) ~[surefire-junit-platform-3.2.5.jar:3.2.5]
	at org.apache.maven.surefire.junitplatform.JUnitPlatformProvider.execute(JUnitPlatformProvider.java:184) ~[surefire-junit-platform-3.2.5.jar:3.2.5]
	at org.apache.maven.surefire.junitplatform.JUnitPlatformProvider.invokeAllTests(JUnitPlatformProvider.java:148) ~[surefire-junit-platform-3.2.5.jar:3.2.5]
	at org.apache.maven.surefire.junitplatform.JUnitPlatformProvider.invoke(JUnitPlatformProvider.java:122) ~[surefire-junit-platform-3.2.5.jar:3.2.5]
	at org.apache.maven.surefire.booter.ForkedBooter.runSuitesInProcess(ForkedBooter.java:385) ~[surefire-booter-3.2.5.jar:3.2.5]
	at org.apache.maven.surefire.booter.ForkedBooter.execute(ForkedBooter.java:162) ~[surefire-booter-3.2.5.jar:3.2.5]
	at org.apache.maven.surefire.booter.ForkedBooter.run(ForkedBooter.java:507) ~[surefire-booter-3.2.5.jar:3.2.5]
	at org.apache.maven.surefire.booter.ForkedBooter.main(ForkedBooter.java:495) ~[surefire-booter-3.2.5.jar:3.2.5]
Caused by: org.postgresql.util.PSQLException: ERROR: relation "tutorial" already exists
	at org.postgresql.core.v3.QueryExecutorImpl.receiveErrorResponse(QueryExecutorImpl.java:2725) ~[postgresql-42.7.3.jar:42.7.3]
	at org.postgresql.core.v3.QueryExecutorImpl.processResults(QueryExecutorImpl.java:2412) ~[postgresql-42.7.3.jar:42.7.3]
	at org.postgresql.core.v3.QueryExecutorImpl.execute(QueryExecutorImpl.java:371) ~[postgresql-42.7.3.jar:42.7.3]
	at org.postgresql.jdbc.PgStatement.executeInternal(PgStatement.java:502) ~[postgresql-42.7.3.jar:42.7.3]
	at org.postgresql.jdbc.PgStatement.execute(PgStatement.java:419) ~[postgresql-42.7.3.jar:42.7.3]
	at org.postgresql.jdbc.PgStatement.executeWithFlags(PgStatement.java:341) ~[postgresql-42.7.3.jar:42.7.3]
	at org.postgresql.jdbc.PgStatement.executeCachedSql(PgStatement.java:326) ~[postgresql-42.7.3.jar:42.7.3]
	at org.postgresql.jdbc.PgStatement.executeWithFlags(PgStatement.java:302) ~[postgresql-42.7.3.jar:42.7.3]
	at org.postgresql.jdbc.PgStatement.execute(PgStatement.java:297) ~[postgresql-42.7.3.jar:42.7.3]
	at com.zaxxer.hikari.pool.ProxyStatement.execute(ProxyStatement.java:94) ~[HikariCP-5.1.0.jar:na]
	at com.zaxxer.hikari.pool.HikariProxyStatement.execute(HikariProxyStatement.java) ~[HikariCP-5.1.0.jar:na]
	at liquibase.executor.jvm.JdbcExecutor$ExecuteStatementCallback.doInStatement(JdbcExecutor.java:467) ~[liquibase-core-4.27.0.jar:na]
	... 159 common frames omitted

2024-11-12T14:20:55.322+01:00  INFO 42462 --- [Tut-O-Pedia Backend] [           main] liquibase.util                           : UPDATE SUMMARY
2024-11-12T14:20:55.322+01:00  INFO 42462 --- [Tut-O-Pedia Backend] [           main] liquibase.util                           : Run:                          0
2024-11-12T14:20:55.322+01:00  INFO 42462 --- [Tut-O-Pedia Backend] [           main] liquibase.util                           : Previously run:               0
2024-11-12T14:20:55.322+01:00  INFO 42462 --- [Tut-O-Pedia Backend] [           main] liquibase.util                           : Filtered out:                 0
2024-11-12T14:20:55.323+01:00  INFO 42462 --- [Tut-O-Pedia Backend] [           main] liquibase.util                           : -------------------------------
2024-11-12T14:20:55.323+01:00  INFO 42462 --- [Tut-O-Pedia Backend] [           main] liquibase.util                           : Total change sets:            0
2024-11-12T14:20:55.323+01:00  INFO 42462 --- [Tut-O-Pedia Backend] [           main] liquibase.util                           : Update summary generated
2024-11-12T14:20:55.325+01:00  INFO 42462 --- [Tut-O-Pedia Backend] [           main] liquibase.command                        : Update command encountered an exception.
2024-11-12T14:20:55.333+01:00  INFO 42462 --- [Tut-O-Pedia Backend] [           main] liquibase.lockservice                    : Successfully released change log lock
2024-11-12T14:20:55.336+01:00  INFO 42462 --- [Tut-O-Pedia Backend] [           main] liquibase.command                        : Logging exception.
2024-11-12T14:20:55.337+01:00  INFO 42462 --- [Tut-O-Pedia Backend] [           main] liquibase.ui                             : ERROR: Exception Details
2024-11-12T14:20:55.337+01:00  INFO 42462 --- [Tut-O-Pedia Backend] [           main] liquibase.ui                             : ERROR: Exception Primary Class:  PSQLException
2024-11-12T14:20:55.337+01:00  INFO 42462 --- [Tut-O-Pedia Backend] [           main] liquibase.ui                             : ERROR: Exception Primary Reason:  ERROR: relation "tutorial" already exists
2024-11-12T14:20:55.337+01:00  INFO 42462 --- [Tut-O-Pedia Backend] [           main] liquibase.ui                             : ERROR: Exception Primary Source:  PostgreSQL 17.0 (Debian 17.0-1.pgdg120+1)
2024-11-12T14:20:55.337+01:00  INFO 42462 --- [Tut-O-Pedia Backend] [           main] liquibase.command                        : Command execution complete
2024-11-12T14:20:55.339+01:00  WARN 42462 --- [Tut-O-Pedia Backend] [           main] ConfigServletWebServerApplicationContext : Exception encountered during context initialization - cancelling refresh attempt: org.springframework.beans.factory.BeanCreationException: Error creating bean with name 'entityManagerFactory' defined in class path resource [org/springframework/boot/autoconfigure/orm/jpa/HibernateJpaConfiguration.class]: Failed to initialize dependency 'liquibase' of LoadTimeWeaverAware bean 'entityManagerFactory': Error creating bean with name 'liquibase' defined in class path resource [org/springframework/boot/autoconfigure/liquibase/LiquibaseAutoConfiguration$LiquibaseConfiguration.class]: liquibase.exception.CommandExecutionException: liquibase.exception.LiquibaseException: liquibase.exception.MigrationFailedException: Migration failed for changeset db/changelog-test/db.changelog-test-1.sql::raw::includeAll:
     Reason: liquibase.exception.DatabaseException: ERROR: relation "tutorial" already exists [Failed SQL: (0) CREATE TABLE tutorial (id BIGINT, title VARCHAR(255), description VARCHAR(255), published BOOLEAN, filename VARCHAR(255), PRIMARY KEY (id))]
2024-11-12T14:20:55.340+01:00  INFO 42462 --- [Tut-O-Pedia Backend] [           main] com.zaxxer.hikari.HikariDataSource       : HikariPool-1 - Shutdown initiated...
2024-11-12T14:20:55.346+01:00  INFO 42462 --- [Tut-O-Pedia Backend] [           main] com.zaxxer.hikari.HikariDataSource       : HikariPool-1 - Shutdown completed.
2024-11-12T14:20:55.350+01:00  INFO 42462 --- [Tut-O-Pedia Backend] [           main] o.apache.catalina.core.StandardService   : Stopping service [Tomcat]
2024-11-12T14:20:55.369+01:00  INFO 42462 --- [Tut-O-Pedia Backend] [           main] .s.b.a.l.ConditionEvaluationReportLogger : 

Error starting ApplicationContext. To display the condition evaluation report re-run your application with 'debug' enabled.
2024-11-12T14:20:55.386+01:00 ERROR 42462 --- [Tut-O-Pedia Backend] [           main] o.s.boot.SpringApplication               : Application run failed

org.springframework.beans.factory.BeanCreationException: Error creating bean with name 'entityManagerFactory' defined in class path resource [org/springframework/boot/autoconfigure/orm/jpa/HibernateJpaConfiguration.class]: Failed to initialize dependency 'liquibase' of LoadTimeWeaverAware bean 'entityManagerFactory': Error creating bean with name 'liquibase' defined in class path resource [org/springframework/boot/autoconfigure/liquibase/LiquibaseAutoConfiguration$LiquibaseConfiguration.class]: liquibase.exception.CommandExecutionException: liquibase.exception.LiquibaseException: liquibase.exception.MigrationFailedException: Migration failed for changeset db/changelog-test/db.changelog-test-1.sql::raw::includeAll:
     Reason: liquibase.exception.DatabaseException: ERROR: relation "tutorial" already exists [Failed SQL: (0) CREATE TABLE tutorial (id BIGINT, title VARCHAR(255), description VARCHAR(255), published BOOLEAN, filename VARCHAR(255), PRIMARY KEY (id))]
	at org.springframework.beans.factory.support.AbstractBeanFactory.doGetBean(AbstractBeanFactory.java:326) ~[spring-beans-6.1.12.jar:6.1.12]
	at org.springframework.beans.factory.support.AbstractBeanFactory.getBean(AbstractBeanFactory.java:205) ~[spring-beans-6.1.12.jar:6.1.12]
	at org.springframework.context.support.AbstractApplicationContext.finishBeanFactoryInitialization(AbstractApplicationContext.java:954) ~[spring-context-6.1.12.jar:6.1.12]
	at org.springframework.context.support.AbstractApplicationContext.refresh(AbstractApplicationContext.java:625) ~[spring-context-6.1.12.jar:6.1.12]
	at org.springframework.boot.web.servlet.context.ServletWebServerApplicationContext.refresh(ServletWebServerApplicationContext.java:146) ~[spring-boot-3.3.3.jar:3.3.3]
	at org.springframework.boot.SpringApplication.refresh(SpringApplication.java:754) ~[spring-boot-3.3.3.jar:3.3.3]
	at org.springframework.boot.SpringApplication.refreshContext(SpringApplication.java:456) ~[spring-boot-3.3.3.jar:3.3.3]
	at org.springframework.boot.SpringApplication.run(SpringApplication.java:335) ~[spring-boot-3.3.3.jar:3.3.3]
	at org.springframework.boot.test.context.SpringBootContextLoader.lambda$loadContext$3(SpringBootContextLoader.java:137) ~[spring-boot-test-3.3.3.jar:3.3.3]
	at org.springframework.util.function.ThrowingSupplier.get(ThrowingSupplier.java:58) ~[spring-core-6.1.12.jar:6.1.12]
	at org.springframework.util.function.ThrowingSupplier.get(ThrowingSupplier.java:46) ~[spring-core-6.1.12.jar:6.1.12]
	at org.springframework.boot.SpringApplication.withHook(SpringApplication.java:1463) ~[spring-boot-3.3.3.jar:3.3.3]
	at org.springframework.boot.test.context.SpringBootContextLoader$ContextLoaderHook.run(SpringBootContextLoader.java:553) ~[spring-boot-test-3.3.3.jar:3.3.3]
	at org.springframework.boot.test.context.SpringBootContextLoader.loadContext(SpringBootContextLoader.java:137) ~[spring-boot-test-3.3.3.jar:3.3.3]
	at org.springframework.boot.test.context.SpringBootContextLoader.loadContext(SpringBootContextLoader.java:108) ~[spring-boot-test-3.3.3.jar:3.3.3]
	at org.springframework.test.context.cache.DefaultCacheAwareContextLoaderDelegate.loadContextInternal(DefaultCacheAwareContextLoaderDelegate.java:225) ~[spring-test-6.1.12.jar:6.1.12]
	at org.springframework.test.context.cache.DefaultCacheAwareContextLoaderDelegate.loadContext(DefaultCacheAwareContextLoaderDelegate.java:152) ~[spring-test-6.1.12.jar:6.1.12]
	at org.springframework.test.context.support.DefaultTestContext.getApplicationContext(DefaultTestContext.java:130) ~[spring-test-6.1.12.jar:6.1.12]
	at java.base/jdk.internal.reflect.DirectMethodHandleAccessor.invoke(DirectMethodHandleAccessor.java:104) ~[na:na]
	at java.base/java.lang.reflect.Method.invoke(Method.java:578) ~[na:na]
	at org.spockframework.util.ReflectionUtil.invokeMethod(ReflectionUtil.java:204) ~[spock-core-2.4-M4-groovy-4.0.jar:2.4-M4]
	at org.spockframework.spring.SpringTestContext.getApplicationContext(SpringTestContext.java:49) ~[spock-spring-2.4-M4-groovy-4.0.jar:2.4-M4]
	at org.spockframework.spring.SpringMockTestExecutionListener.injectSpies(SpringMockTestExecutionListener.java:66) ~[spock-spring-2.4-M4-groovy-4.0.jar:2.4-M4]
	at org.spockframework.spring.SpringMockTestExecutionListener.prepareTestInstance(SpringMockTestExecutionListener.java:62) ~[spock-spring-2.4-M4-groovy-4.0.jar:2.4-M4]
	at org.spockframework.spring.AbstractSpringTestExecutionListener.prepareTestInstance(AbstractSpringTestExecutionListener.java:32) ~[spock-spring-2.4-M4-groovy-4.0.jar:2.4-M4]
	at org.springframework.test.context.TestContextManager.prepareTestInstance(TestContextManager.java:260) ~[spring-test-6.1.12.jar:6.1.12]
	at org.spockframework.spring.SpringTestContextManager.prepareTestInstance(SpringTestContextManager.java:56) ~[spock-spring-2.4-M4-groovy-4.0.jar:2.4-M4]
	at org.spockframework.spring.SpringInterceptor.interceptInitializerMethod(SpringInterceptor.java:46) ~[spock-spring-2.4-M4-groovy-4.0.jar:2.4-M4]
	at org.spockframework.runtime.extension.AbstractMethodInterceptor.intercept(AbstractMethodInterceptor.java:24) ~[spock-core-2.4-M4-groovy-4.0.jar:2.4-M4]
	at org.spockframework.runtime.extension.MethodInvocation.proceed(MethodInvocation.java:122) ~[spock-core-2.4-M4-groovy-4.0.jar:2.4-M4]
	at org.spockframework.runtime.PlatformSpecRunner.invoke(PlatformSpecRunner.java:430) ~[spock-core-2.4-M4-groovy-4.0.jar:2.4-M4]
	at org.spockframework.runtime.PlatformSpecRunner.runInitializer(PlatformSpecRunner.java:265) ~[spock-core-2.4-M4-groovy-4.0.jar:2.4-M4]
	at org.spockframework.runtime.PlatformSpecRunner.runInitializer(PlatformSpecRunner.java:260) ~[spock-core-2.4-M4-groovy-4.0.jar:2.4-M4]
	at org.spockframework.runtime.IterationNode.prepare(IterationNode.java:32) ~[spock-core-2.4-M4-groovy-4.0.jar:2.4-M4]
	at org.spockframework.runtime.IterationNode.prepare(IterationNode.java:13) ~[spock-core-2.4-M4-groovy-4.0.jar:2.4-M4]
	at org.junit.platform.engine.support.hierarchical.NodeTestTask.lambda$prepare$2(NodeTestTask.java:123) ~[junit-platform-engine-1.10.3.jar:1.10.3]
	at org.junit.platform.engine.support.hierarchical.ThrowableCollector.execute(ThrowableCollector.java:73) ~[junit-platform-engine-1.10.3.jar:1.10.3]
	at org.junit.platform.engine.support.hierarchical.NodeTestTask.prepare(NodeTestTask.java:123) ~[junit-platform-engine-1.10.3.jar:1.10.3]
	at org.junit.platform.engine.support.hierarchical.NodeTestTask.execute(NodeTestTask.java:90) ~[junit-platform-engine-1.10.3.jar:1.10.3]
	at org.junit.platform.engine.support.hierarchical.SameThreadHierarchicalTestExecutorService.submit(SameThreadHierarchicalTestExecutorService.java:35) ~[junit-platform-engine-1.10.3.jar:1.10.3]
	at org.junit.platform.engine.support.hierarchical.NodeTestTask$DefaultDynamicTestExecutor.execute(NodeTestTask.java:226) ~[junit-platform-engine-1.10.3.jar:1.10.3]
	at org.spockframework.runtime.SimpleFeatureNode.execute(SimpleFeatureNode.java:58) ~[spock-core-2.4-M4-groovy-4.0.jar:2.4-M4]
	at org.spockframework.runtime.SimpleFeatureNode.execute(SimpleFeatureNode.java:19) ~[spock-core-2.4-M4-groovy-4.0.jar:2.4-M4]
	at org.junit.platform.engine.support.hierarchical.NodeTestTask.lambda$executeRecursively$6(NodeTestTask.java:151) ~[junit-platform-engine-1.10.3.jar:1.10.3]
	at org.junit.platform.engine.support.hierarchical.ThrowableCollector.execute(ThrowableCollector.java:73) ~[junit-platform-engine-1.10.3.jar:1.10.3]
	at org.junit.platform.engine.support.hierarchical.NodeTestTask.lambda$executeRecursively$8(NodeTestTask.java:141) ~[junit-platform-engine-1.10.3.jar:1.10.3]
	at org.spockframework.runtime.SpockNode.sneakyInvoke(SpockNode.java:40) ~[spock-core-2.4-M4-groovy-4.0.jar:2.4-M4]
	at org.spockframework.runtime.FeatureNode.lambda$around$0(FeatureNode.java:73) ~[spock-core-2.4-M4-groovy-4.0.jar:2.4-M4]
	at org.spockframework.runtime.PlatformSpecRunner.lambda$createMethodInfoForDoRunFeature$4(PlatformSpecRunner.java:203) ~[spock-core-2.4-M4-groovy-4.0.jar:2.4-M4]
	at org.spockframework.runtime.model.MethodInfo.invoke(MethodInfo.java:157) ~[spock-core-2.4-M4-groovy-4.0.jar:2.4-M4]
	at org.spockframework.runtime.PlatformSpecRunner.invokeRaw(PlatformSpecRunner.java:439) ~[spock-core-2.4-M4-groovy-4.0.jar:2.4-M4]
	at org.spockframework.runtime.PlatformSpecRunner.invoke(PlatformSpecRunner.java:422) ~[spock-core-2.4-M4-groovy-4.0.jar:2.4-M4]
	at org.spockframework.runtime.PlatformSpecRunner.runFeature(PlatformSpecRunner.java:193) ~[spock-core-2.4-M4-groovy-4.0.jar:2.4-M4]
	at org.spockframework.runtime.FeatureNode.around(FeatureNode.java:73) ~[spock-core-2.4-M4-groovy-4.0.jar:2.4-M4]
	at org.spockframework.runtime.FeatureNode.around(FeatureNode.java:30) ~[spock-core-2.4-M4-groovy-4.0.jar:2.4-M4]
	at org.junit.platform.engine.support.hierarchical.NodeTestTask.lambda$executeRecursively$9(NodeTestTask.java:139) ~[junit-platform-engine-1.10.3.jar:1.10.3]
	at org.junit.platform.engine.support.hierarchical.ThrowableCollector.execute(ThrowableCollector.java:73) ~[junit-platform-engine-1.10.3.jar:1.10.3]
	at org.junit.platform.engine.support.hierarchical.NodeTestTask.executeRecursively(NodeTestTask.java:138) ~[junit-platform-engine-1.10.3.jar:1.10.3]
	at org.junit.platform.engine.support.hierarchical.NodeTestTask.execute(NodeTestTask.java:95) ~[junit-platform-engine-1.10.3.jar:1.10.3]
	at java.base/java.util.ArrayList.forEach(ArrayList.java:1511) ~[na:na]
	at org.junit.platform.engine.support.hierarchical.SameThreadHierarchicalTestExecutorService.invokeAll(SameThreadHierarchicalTestExecutorService.java:41) ~[junit-platform-engine-1.10.3.jar:1.10.3]
	at org.junit.platform.engine.support.hierarchical.NodeTestTask.lambda$executeRecursively$6(NodeTestTask.java:155) ~[junit-platform-engine-1.10.3.jar:1.10.3]
	at org.junit.platform.engine.support.hierarchical.ThrowableCollector.execute(ThrowableCollector.java:73) ~[junit-platform-engine-1.10.3.jar:1.10.3]
	at org.junit.platform.engine.support.hierarchical.NodeTestTask.lambda$executeRecursively$8(NodeTestTask.java:141) ~[junit-platform-engine-1.10.3.jar:1.10.3]
	at org.spockframework.runtime.SpockNode.sneakyInvoke(SpockNode.java:40) ~[spock-core-2.4-M4-groovy-4.0.jar:2.4-M4]
	at org.spockframework.runtime.SpecNode.lambda$around$0(SpecNode.java:72) ~[spock-core-2.4-M4-groovy-4.0.jar:2.4-M4]
	at org.spockframework.runtime.PlatformSpecRunner.lambda$createMethodInfoForDoRunSpec$0(PlatformSpecRunner.java:66) ~[spock-core-2.4-M4-groovy-4.0.jar:2.4-M4]
	at org.spockframework.runtime.model.MethodInfo.invoke(MethodInfo.java:157) ~[spock-core-2.4-M4-groovy-4.0.jar:2.4-M4]
	at org.spockframework.runtime.PlatformSpecRunner.invokeRaw(PlatformSpecRunner.java:439) ~[spock-core-2.4-M4-groovy-4.0.jar:2.4-M4]
	at org.spockframework.runtime.PlatformSpecRunner.invoke(PlatformSpecRunner.java:422) ~[spock-core-2.4-M4-groovy-4.0.jar:2.4-M4]
	at org.spockframework.runtime.PlatformSpecRunner.runSpec(PlatformSpecRunner.java:59) ~[spock-core-2.4-M4-groovy-4.0.jar:2.4-M4]
	at org.spockframework.runtime.SpecNode.around(SpecNode.java:72) ~[spock-core-2.4-M4-groovy-4.0.jar:2.4-M4]
	at org.spockframework.runtime.SpecNode.around(SpecNode.java:12) ~[spock-core-2.4-M4-groovy-4.0.jar:2.4-M4]
	at org.junit.platform.engine.support.hierarchical.NodeTestTask.lambda$executeRecursively$9(NodeTestTask.java:139) ~[junit-platform-engine-1.10.3.jar:1.10.3]
	at org.junit.platform.engine.support.hierarchical.ThrowableCollector.execute(ThrowableCollector.java:73) ~[junit-platform-engine-1.10.3.jar:1.10.3]
	at org.junit.platform.engine.support.hierarchical.NodeTestTask.executeRecursively(NodeTestTask.java:138) ~[junit-platform-engine-1.10.3.jar:1.10.3]
	at org.junit.platform.engine.support.hierarchical.NodeTestTask.execute(NodeTestTask.java:95) ~[junit-platform-engine-1.10.3.jar:1.10.3]
	at java.base/java.util.ArrayList.forEach(ArrayList.java:1511) ~[na:na]
	at org.junit.platform.engine.support.hierarchical.SameThreadHierarchicalTestExecutorService.invokeAll(SameThreadHierarchicalTestExecutorService.java:41) ~[junit-platform-engine-1.10.3.jar:1.10.3]
	at org.junit.platform.engine.support.hierarchical.NodeTestTask.lambda$executeRecursively$6(NodeTestTask.java:155) ~[junit-platform-engine-1.10.3.jar:1.10.3]
	at org.junit.platform.engine.support.hierarchical.ThrowableCollector.execute(ThrowableCollector.java:73) ~[junit-platform-engine-1.10.3.jar:1.10.3]
	at org.junit.platform.engine.support.hierarchical.NodeTestTask.lambda$executeRecursively$8(NodeTestTask.java:141) ~[junit-platform-engine-1.10.3.jar:1.10.3]
	at org.junit.platform.engine.support.hierarchical.Node.around(Node.java:137) ~[junit-platform-engine-1.10.3.jar:1.10.3]
	at org.junit.platform.engine.support.hierarchical.NodeTestTask.lambda$executeRecursively$9(NodeTestTask.java:139) ~[junit-platform-engine-1.10.3.jar:1.10.3]
	at org.junit.platform.engine.support.hierarchical.ThrowableCollector.execute(ThrowableCollector.java:73) ~[junit-platform-engine-1.10.3.jar:1.10.3]
	at org.junit.platform.engine.support.hierarchical.NodeTestTask.executeRecursively(NodeTestTask.java:138) ~[junit-platform-engine-1.10.3.jar:1.10.3]
	at org.junit.platform.engine.support.hierarchical.NodeTestTask.execute(NodeTestTask.java:95) ~[junit-platform-engine-1.10.3.jar:1.10.3]
	at org.junit.platform.engine.support.hierarchical.SameThreadHierarchicalTestExecutorService.submit(SameThreadHierarchicalTestExecutorService.java:35) ~[junit-platform-engine-1.10.3.jar:1.10.3]
	at org.junit.platform.engine.support.hierarchical.HierarchicalTestExecutor.execute(HierarchicalTestExecutor.java:57) ~[junit-platform-engine-1.10.3.jar:1.10.3]
	at org.junit.platform.engine.support.hierarchical.HierarchicalTestEngine.execute(HierarchicalTestEngine.java:54) ~[junit-platform-engine-1.10.3.jar:1.10.3]
	at org.junit.platform.launcher.core.EngineExecutionOrchestrator.execute(EngineExecutionOrchestrator.java:198) ~[junit-platform-launcher-1.10.3.jar:1.10.3]
	at org.junit.platform.launcher.core.EngineExecutionOrchestrator.execute(EngineExecutionOrchestrator.java:169) ~[junit-platform-launcher-1.10.3.jar:1.10.3]
	at org.junit.platform.launcher.core.EngineExecutionOrchestrator.execute(EngineExecutionOrchestrator.java:93) ~[junit-platform-launcher-1.10.3.jar:1.10.3]
	at org.junit.platform.launcher.core.EngineExecutionOrchestrator.lambda$execute$0(EngineExecutionOrchestrator.java:58) ~[junit-platform-launcher-1.10.3.jar:1.10.3]
	at org.junit.platform.launcher.core.EngineExecutionOrchestrator.withInterceptedStreams(EngineExecutionOrchestrator.java:141) ~[junit-platform-launcher-1.10.3.jar:1.10.3]
	at org.junit.platform.launcher.core.EngineExecutionOrchestrator.execute(EngineExecutionOrchestrator.java:57) ~[junit-platform-launcher-1.10.3.jar:1.10.3]
	at org.junit.platform.launcher.core.DefaultLauncher.execute(DefaultLauncher.java:103) ~[junit-platform-launcher-1.10.3.jar:1.10.3]
	at org.junit.platform.launcher.core.DefaultLauncher.execute(DefaultLauncher.java:85) ~[junit-platform-launcher-1.10.3.jar:1.10.3]
	at org.junit.platform.launcher.core.DelegatingLauncher.execute(DelegatingLauncher.java:47) ~[junit-platform-launcher-1.10.3.jar:1.10.3]
	at org.apache.maven.surefire.junitplatform.LazyLauncher.execute(LazyLauncher.java:56) ~[surefire-junit-platform-3.2.5.jar:3.2.5]
	at org.apache.maven.surefire.junitplatform.JUnitPlatformProvider.execute(JUnitPlatformProvider.java:184) ~[surefire-junit-platform-3.2.5.jar:3.2.5]
	at org.apache.maven.surefire.junitplatform.JUnitPlatformProvider.invokeAllTests(JUnitPlatformProvider.java:148) ~[surefire-junit-platform-3.2.5.jar:3.2.5]
	at org.apache.maven.surefire.junitplatform.JUnitPlatformProvider.invoke(JUnitPlatformProvider.java:122) ~[surefire-junit-platform-3.2.5.jar:3.2.5]
	at org.apache.maven.surefire.booter.ForkedBooter.runSuitesInProcess(ForkedBooter.java:385) ~[surefire-booter-3.2.5.jar:3.2.5]
	at org.apache.maven.surefire.booter.ForkedBooter.execute(ForkedBooter.java:162) ~[surefire-booter-3.2.5.jar:3.2.5]
	at org.apache.maven.surefire.booter.ForkedBooter.run(ForkedBooter.java:507) ~[surefire-booter-3.2.5.jar:3.2.5]
	at org.apache.maven.surefire.booter.ForkedBooter.main(ForkedBooter.java:495) ~[surefire-booter-3.2.5.jar:3.2.5]
Caused by: org.springframework.beans.factory.BeanCreationException: Error creating bean with name 'liquibase' defined in class path resource [org/springframework/boot/autoconfigure/liquibase/LiquibaseAutoConfiguration$LiquibaseConfiguration.class]: liquibase.exception.CommandExecutionException: liquibase.exception.LiquibaseException: liquibase.exception.MigrationFailedException: Migration failed for changeset db/changelog-test/db.changelog-test-1.sql::raw::includeAll:
     Reason: liquibase.exception.DatabaseException: ERROR: relation "tutorial" already exists [Failed SQL: (0) CREATE TABLE tutorial (id BIGINT, title VARCHAR(255), description VARCHAR(255), published BOOLEAN, filename VARCHAR(255), PRIMARY KEY (id))]
	at org.springframework.beans.factory.support.AbstractAutowireCapableBeanFactory.initializeBean(AbstractAutowireCapableBeanFactory.java:1806) ~[spring-beans-6.1.12.jar:6.1.12]
	at org.springframework.beans.factory.support.AbstractAutowireCapableBeanFactory.doCreateBean(AbstractAutowireCapableBeanFactory.java:600) ~[spring-beans-6.1.12.jar:6.1.12]
	at org.springframework.beans.factory.support.AbstractAutowireCapableBeanFactory.createBean(AbstractAutowireCapableBeanFactory.java:522) ~[spring-beans-6.1.12.jar:6.1.12]
	at org.springframework.beans.factory.support.AbstractBeanFactory.lambda$doGetBean$0(AbstractBeanFactory.java:337) ~[spring-beans-6.1.12.jar:6.1.12]
	at org.springframework.beans.factory.support.DefaultSingletonBeanRegistry.getSingleton(DefaultSingletonBeanRegistry.java:234) ~[spring-beans-6.1.12.jar:6.1.12]
	at org.springframework.beans.factory.support.AbstractBeanFactory.doGetBean(AbstractBeanFactory.java:335) ~[spring-beans-6.1.12.jar:6.1.12]
	at org.springframework.beans.factory.support.AbstractBeanFactory.getBean(AbstractBeanFactory.java:200) ~[spring-beans-6.1.12.jar:6.1.12]
	at org.springframework.beans.factory.support.AbstractBeanFactory.doGetBean(AbstractBeanFactory.java:313) ~[spring-beans-6.1.12.jar:6.1.12]
	... 106 common frames omitted
Caused by: liquibase.exception.UnexpectedLiquibaseException: liquibase.exception.CommandExecutionException: liquibase.exception.LiquibaseException: liquibase.exception.MigrationFailedException: Migration failed for changeset db/changelog-test/db.changelog-test-1.sql::raw::includeAll:
     Reason: liquibase.exception.DatabaseException: ERROR: relation "tutorial" already exists [Failed SQL: (0) CREATE TABLE tutorial (id BIGINT, title VARCHAR(255), description VARCHAR(255), published BOOLEAN, filename VARCHAR(255), PRIMARY KEY (id))]
	at liquibase.integration.spring.SpringLiquibase.afterPropertiesSet(SpringLiquibase.java:259) ~[liquibase-core-4.27.0.jar:na]
	at org.springframework.beans.factory.support.AbstractAutowireCapableBeanFactory.invokeInitMethods(AbstractAutowireCapableBeanFactory.java:1853) ~[spring-beans-6.1.12.jar:6.1.12]
	at org.springframework.beans.factory.support.AbstractAutowireCapableBeanFactory.initializeBean(AbstractAutowireCapableBeanFactory.java:1802) ~[spring-beans-6.1.12.jar:6.1.12]
	... 113 common frames omitted
Caused by: liquibase.exception.CommandExecutionException: liquibase.exception.LiquibaseException: liquibase.exception.MigrationFailedException: Migration failed for changeset db/changelog-test/db.changelog-test-1.sql::raw::includeAll:
     Reason: liquibase.exception.DatabaseException: ERROR: relation "tutorial" already exists [Failed SQL: (0) CREATE TABLE tutorial (id BIGINT, title VARCHAR(255), description VARCHAR(255), published BOOLEAN, filename VARCHAR(255), PRIMARY KEY (id))]
	at liquibase.command.CommandScope.execute(CommandScope.java:257) ~[liquibase-core-4.27.0.jar:na]
	at liquibase.Liquibase.lambda$update$0(Liquibase.java:245) ~[liquibase-core-4.27.0.jar:na]
	at liquibase.Scope.lambda$child$0(Scope.java:190) ~[liquibase-core-4.27.0.jar:na]
	at liquibase.Scope.child(Scope.java:199) ~[liquibase-core-4.27.0.jar:na]
	at liquibase.Scope.child(Scope.java:189) ~[liquibase-core-4.27.0.jar:na]
	at liquibase.Scope.child(Scope.java:168) ~[liquibase-core-4.27.0.jar:na]
	at liquibase.Liquibase.runInScope(Liquibase.java:1436) ~[liquibase-core-4.27.0.jar:na]
	at liquibase.Liquibase.update(Liquibase.java:234) ~[liquibase-core-4.27.0.jar:na]
	at liquibase.Liquibase.update(Liquibase.java:212) ~[liquibase-core-4.27.0.jar:na]
	at liquibase.integration.spring.SpringLiquibase.performUpdate(SpringLiquibase.java:297) ~[liquibase-core-4.27.0.jar:na]
	at liquibase.integration.spring.SpringLiquibase.lambda$afterPropertiesSet$0(SpringLiquibase.java:249) ~[liquibase-core-4.27.0.jar:na]
	at liquibase.Scope.lambda$child$0(Scope.java:190) ~[liquibase-core-4.27.0.jar:na]
	at liquibase.Scope.child(Scope.java:199) ~[liquibase-core-4.27.0.jar:na]
	at liquibase.Scope.child(Scope.java:189) ~[liquibase-core-4.27.0.jar:na]
	at liquibase.Scope.child(Scope.java:168) ~[liquibase-core-4.27.0.jar:na]
	at liquibase.Scope.child(Scope.java:256) ~[liquibase-core-4.27.0.jar:na]
	at liquibase.integration.spring.SpringLiquibase.afterPropertiesSet(SpringLiquibase.java:242) ~[liquibase-core-4.27.0.jar:na]
	... 115 common frames omitted
Caused by: liquibase.exception.LiquibaseException: liquibase.exception.MigrationFailedException: Migration failed for changeset db/changelog-test/db.changelog-test-1.sql::raw::includeAll:
     Reason: liquibase.exception.DatabaseException: ERROR: relation "tutorial" already exists [Failed SQL: (0) CREATE TABLE tutorial (id BIGINT, title VARCHAR(255), description VARCHAR(255), published BOOLEAN, filename VARCHAR(255), PRIMARY KEY (id))]
	at liquibase.changelog.ChangeLogIterator.run(ChangeLogIterator.java:151) ~[liquibase-core-4.27.0.jar:na]
	at liquibase.command.core.AbstractUpdateCommandStep.lambda$run$0(AbstractUpdateCommandStep.java:112) ~[liquibase-core-4.27.0.jar:na]
	at liquibase.Scope.lambda$child$0(Scope.java:190) ~[liquibase-core-4.27.0.jar:na]
	at liquibase.Scope.child(Scope.java:199) ~[liquibase-core-4.27.0.jar:na]
	at liquibase.Scope.child(Scope.java:189) ~[liquibase-core-4.27.0.jar:na]
	at liquibase.Scope.child(Scope.java:168) ~[liquibase-core-4.27.0.jar:na]
	at liquibase.command.core.AbstractUpdateCommandStep.run(AbstractUpdateCommandStep.java:110) ~[liquibase-core-4.27.0.jar:na]
	at liquibase.command.core.UpdateCommandStep.run(UpdateCommandStep.java:105) ~[liquibase-core-4.27.0.jar:na]
	at liquibase.command.CommandScope.execute(CommandScope.java:219) ~[liquibase-core-4.27.0.jar:na]
	... 131 common frames omitted
Caused by: liquibase.exception.MigrationFailedException: Migration failed for changeset db/changelog-test/db.changelog-test-1.sql::raw::includeAll:
     Reason: liquibase.exception.DatabaseException: ERROR: relation "tutorial" already exists [Failed SQL: (0) CREATE TABLE tutorial (id BIGINT, title VARCHAR(255), description VARCHAR(255), published BOOLEAN, filename VARCHAR(255), PRIMARY KEY (id))]
	at liquibase.changelog.ChangeSet.execute(ChangeSet.java:808) ~[liquibase-core-4.27.0.jar:na]
	at liquibase.changelog.visitor.UpdateVisitor.executeAcceptedChange(UpdateVisitor.java:119) ~[liquibase-core-4.27.0.jar:na]
	at liquibase.changelog.visitor.UpdateVisitor.visit(UpdateVisitor.java:68) ~[liquibase-core-4.27.0.jar:na]
	at liquibase.changelog.ChangeLogIterator$2.lambda$run$0(ChangeLogIterator.java:133) ~[liquibase-core-4.27.0.jar:na]
	at liquibase.Scope.lambda$child$0(Scope.java:190) ~[liquibase-core-4.27.0.jar:na]
	at liquibase.Scope.child(Scope.java:199) ~[liquibase-core-4.27.0.jar:na]
	at liquibase.Scope.child(Scope.java:189) ~[liquibase-core-4.27.0.jar:na]
	at liquibase.Scope.child(Scope.java:168) ~[liquibase-core-4.27.0.jar:na]
	at liquibase.changelog.ChangeLogIterator$2.run(ChangeLogIterator.java:122) ~[liquibase-core-4.27.0.jar:na]
	at liquibase.Scope.lambda$child$0(Scope.java:190) ~[liquibase-core-4.27.0.jar:na]
	at liquibase.Scope.child(Scope.java:199) ~[liquibase-core-4.27.0.jar:na]
	at liquibase.Scope.child(Scope.java:189) ~[liquibase-core-4.27.0.jar:na]
	at liquibase.Scope.child(Scope.java:168) ~[liquibase-core-4.27.0.jar:na]
	at liquibase.Scope.child(Scope.java:256) ~[liquibase-core-4.27.0.jar:na]
	at liquibase.Scope.child(Scope.java:260) ~[liquibase-core-4.27.0.jar:na]
	at liquibase.changelog.ChangeLogIterator.run(ChangeLogIterator.java:89) ~[liquibase-core-4.27.0.jar:na]
	... 139 common frames omitted
Caused by: liquibase.exception.DatabaseException: ERROR: relation "tutorial" already exists [Failed SQL: (0) CREATE TABLE tutorial (id BIGINT, title VARCHAR(255), description VARCHAR(255), published BOOLEAN, filename VARCHAR(255), PRIMARY KEY (id))]
	at liquibase.executor.jvm.JdbcExecutor$ExecuteStatementCallback.doInStatement(JdbcExecutor.java:473) ~[liquibase-core-4.27.0.jar:na]
	at liquibase.executor.jvm.JdbcExecutor.execute(JdbcExecutor.java:80) ~[liquibase-core-4.27.0.jar:na]
	at liquibase.executor.jvm.JdbcExecutor.execute(JdbcExecutor.java:182) ~[liquibase-core-4.27.0.jar:na]
	at liquibase.executor.AbstractExecutor.execute(AbstractExecutor.java:141) ~[liquibase-core-4.27.0.jar:na]
	at liquibase.database.AbstractJdbcDatabase.executeStatements(AbstractJdbcDatabase.java:1176) ~[liquibase-core-4.27.0.jar:na]
	at liquibase.changelog.ChangeSet.execute(ChangeSet.java:764) ~[liquibase-core-4.27.0.jar:na]
	... 154 common frames omitted
Caused by: org.postgresql.util.PSQLException: ERROR: relation "tutorial" already exists
	at org.postgresql.core.v3.QueryExecutorImpl.receiveErrorResponse(QueryExecutorImpl.java:2725) ~[postgresql-42.7.3.jar:42.7.3]
	at org.postgresql.core.v3.QueryExecutorImpl.processResults(QueryExecutorImpl.java:2412) ~[postgresql-42.7.3.jar:42.7.3]
	at org.postgresql.core.v3.QueryExecutorImpl.execute(QueryExecutorImpl.java:371) ~[postgresql-42.7.3.jar:42.7.3]
	at org.postgresql.jdbc.PgStatement.executeInternal(PgStatement.java:502) ~[postgresql-42.7.3.jar:42.7.3]
	at org.postgresql.jdbc.PgStatement.execute(PgStatement.java:419) ~[postgresql-42.7.3.jar:42.7.3]
	at org.postgresql.jdbc.PgStatement.executeWithFlags(PgStatement.java:341) ~[postgresql-42.7.3.jar:42.7.3]
	at org.postgresql.jdbc.PgStatement.executeCachedSql(PgStatement.java:326) ~[postgresql-42.7.3.jar:42.7.3]
	at org.postgresql.jdbc.PgStatement.executeWithFlags(PgStatement.java:302) ~[postgresql-42.7.3.jar:42.7.3]
	at org.postgresql.jdbc.PgStatement.execute(PgStatement.java:297) ~[postgresql-42.7.3.jar:42.7.3]
	at com.zaxxer.hikari.pool.ProxyStatement.execute(ProxyStatement.java:94) ~[HikariCP-5.1.0.jar:na]
	at com.zaxxer.hikari.pool.HikariProxyStatement.execute(HikariProxyStatement.java) ~[HikariCP-5.1.0.jar:na]
	at liquibase.executor.jvm.JdbcExecutor$ExecuteStatementCallback.doInStatement(JdbcExecutor.java:467) ~[liquibase-core-4.27.0.jar:na]
	... 159 common frames omitted

2024-11-12T14:20:55.401+01:00  WARN 42462 --- [Tut-O-Pedia Backend] [           main] o.s.test.context.TestContextManager      : Caught exception while allowing TestExecutionListener [org.spockframework.spring.SpringMockTestExecutionListener] to prepare test instance [com.tutopedia.backend.controllers.BucketControllerSpec@4113d9ab]

java.lang.IllegalStateException: Failed to load ApplicationContext for [WebMergedContextConfiguration@2bc0603f testClass = com.tutopedia.backend.controllers.BucketControllerSpec, locations = [], classes = [com.tutopedia.backend.BackendApplication], contextInitializerClasses = [], activeProfiles = [], propertySourceDescriptors = [PropertySourceDescriptor[locations=[classpath:application-test.properties], ignoreResourceNotFound=false, name=null, propertySourceFactory=null, encoding=null]], propertySourceProperties = ["org.springframework.boot.test.context.SpringBootTestContextBootstrapper=true"], contextCustomizers = [org.springframework.boot.test.context.filter.ExcludeFilterContextCustomizer@31ea9581, org.springframework.boot.test.json.DuplicateJsonObjectContextCustomizerFactory$DuplicateJsonObjectContextCustomizer@221a3fa4, org.springframework.boot.test.mock.mockito.MockitoContextCustomizer@0, org.springframework.boot.test.web.client.TestRestTemplateContextCustomizer@305ffe9e, org.springframework.boot.test.web.reactor.netty.DisableReactorResourceFactoryGlobalResourcesContextCustomizerFactory$DisableReactorResourceFactoryGlobalResourcesContextCustomizerCustomizer@c430e6c, org.springframework.boot.test.autoconfigure.actuate.observability.ObservabilityContextCustomizerFactory$DisableObservabilityContextCustomizer@1f, org.springframework.boot.test.autoconfigure.properties.PropertyMappingContextCustomizer@0, org.springframework.boot.test.autoconfigure.web.servlet.WebDriverContextCustomizer@48e1f6c7, org.spockframework.spring.mock.SpockContextCustomizer@0, org.springframework.boot.test.context.SpringBootTestAnnotation@492bcb82], resourceBasePath = "src/main/webapp", contextLoader = org.springframework.boot.test.context.SpringBootContextLoader, parent = null]
	at org.springframework.test.context.cache.DefaultCacheAwareContextLoaderDelegate.loadContext(DefaultCacheAwareContextLoaderDelegate.java:180) ~[spring-test-6.1.12.jar:6.1.12]
	at org.springframework.test.context.support.DefaultTestContext.getApplicationContext(DefaultTestContext.java:130) ~[spring-test-6.1.12.jar:6.1.12]
	at java.base/jdk.internal.reflect.DirectMethodHandleAccessor.invoke(DirectMethodHandleAccessor.java:104) ~[na:na]
	at java.base/java.lang.reflect.Method.invoke(Method.java:578) ~[na:na]
	at org.spockframework.util.ReflectionUtil.invokeMethod(ReflectionUtil.java:204) ~[spock-core-2.4-M4-groovy-4.0.jar:2.4-M4]
	at org.spockframework.spring.SpringTestContext.getApplicationContext(SpringTestContext.java:49) ~[spock-spring-2.4-M4-groovy-4.0.jar:2.4-M4]
	at org.spockframework.spring.SpringMockTestExecutionListener.injectSpies(SpringMockTestExecutionListener.java:66) ~[spock-spring-2.4-M4-groovy-4.0.jar:2.4-M4]
	at org.spockframework.spring.SpringMockTestExecutionListener.prepareTestInstance(SpringMockTestExecutionListener.java:62) ~[spock-spring-2.4-M4-groovy-4.0.jar:2.4-M4]
	at org.spockframework.spring.AbstractSpringTestExecutionListener.prepareTestInstance(AbstractSpringTestExecutionListener.java:32) ~[spock-spring-2.4-M4-groovy-4.0.jar:2.4-M4]
	at org.springframework.test.context.TestContextManager.prepareTestInstance(TestContextManager.java:260) ~[spring-test-6.1.12.jar:6.1.12]
	at org.spockframework.spring.SpringTestContextManager.prepareTestInstance(SpringTestContextManager.java:56) ~[spock-spring-2.4-M4-groovy-4.0.jar:2.4-M4]
	at org.spockframework.spring.SpringInterceptor.interceptInitializerMethod(SpringInterceptor.java:46) ~[spock-spring-2.4-M4-groovy-4.0.jar:2.4-M4]
	at org.spockframework.runtime.extension.AbstractMethodInterceptor.intercept(AbstractMethodInterceptor.java:24) ~[spock-core-2.4-M4-groovy-4.0.jar:2.4-M4]
	at org.spockframework.runtime.extension.MethodInvocation.proceed(MethodInvocation.java:122) ~[spock-core-2.4-M4-groovy-4.0.jar:2.4-M4]
	at org.spockframework.runtime.PlatformSpecRunner.invoke(PlatformSpecRunner.java:430) ~[spock-core-2.4-M4-groovy-4.0.jar:2.4-M4]
	at org.spockframework.runtime.PlatformSpecRunner.runInitializer(PlatformSpecRunner.java:265) ~[spock-core-2.4-M4-groovy-4.0.jar:2.4-M4]
	at org.spockframework.runtime.PlatformSpecRunner.runInitializer(PlatformSpecRunner.java:260) ~[spock-core-2.4-M4-groovy-4.0.jar:2.4-M4]
	at org.spockframework.runtime.IterationNode.prepare(IterationNode.java:32) ~[spock-core-2.4-M4-groovy-4.0.jar:2.4-M4]
	at org.spockframework.runtime.IterationNode.prepare(IterationNode.java:13) ~[spock-core-2.4-M4-groovy-4.0.jar:2.4-M4]
	at org.junit.platform.engine.support.hierarchical.NodeTestTask.lambda$prepare$2(NodeTestTask.java:123) ~[junit-platform-engine-1.10.3.jar:1.10.3]
	at org.junit.platform.engine.support.hierarchical.ThrowableCollector.execute(ThrowableCollector.java:73) ~[junit-platform-engine-1.10.3.jar:1.10.3]
	at org.junit.platform.engine.support.hierarchical.NodeTestTask.prepare(NodeTestTask.java:123) ~[junit-platform-engine-1.10.3.jar:1.10.3]
	at org.junit.platform.engine.support.hierarchical.NodeTestTask.execute(NodeTestTask.java:90) ~[junit-platform-engine-1.10.3.jar:1.10.3]
	at org.junit.platform.engine.support.hierarchical.SameThreadHierarchicalTestExecutorService.submit(SameThreadHierarchicalTestExecutorService.java:35) ~[junit-platform-engine-1.10.3.jar:1.10.3]
	at org.junit.platform.engine.support.hierarchical.NodeTestTask$DefaultDynamicTestExecutor.execute(NodeTestTask.java:226) ~[junit-platform-engine-1.10.3.jar:1.10.3]
	at org.spockframework.runtime.SimpleFeatureNode.execute(SimpleFeatureNode.java:58) ~[spock-core-2.4-M4-groovy-4.0.jar:2.4-M4]
	at org.spockframework.runtime.SimpleFeatureNode.execute(SimpleFeatureNode.java:19) ~[spock-core-2.4-M4-groovy-4.0.jar:2.4-M4]
	at org.junit.platform.engine.support.hierarchical.NodeTestTask.lambda$executeRecursively$6(NodeTestTask.java:151) ~[junit-platform-engine-1.10.3.jar:1.10.3]
	at org.junit.platform.engine.support.hierarchical.ThrowableCollector.execute(ThrowableCollector.java:73) ~[junit-platform-engine-1.10.3.jar:1.10.3]
	at org.junit.platform.engine.support.hierarchical.NodeTestTask.lambda$executeRecursively$8(NodeTestTask.java:141) ~[junit-platform-engine-1.10.3.jar:1.10.3]
	at org.spockframework.runtime.SpockNode.sneakyInvoke(SpockNode.java:40) ~[spock-core-2.4-M4-groovy-4.0.jar:2.4-M4]
	at org.spockframework.runtime.FeatureNode.lambda$around$0(FeatureNode.java:73) ~[spock-core-2.4-M4-groovy-4.0.jar:2.4-M4]
	at org.spockframework.runtime.PlatformSpecRunner.lambda$createMethodInfoForDoRunFeature$4(PlatformSpecRunner.java:203) ~[spock-core-2.4-M4-groovy-4.0.jar:2.4-M4]
	at org.spockframework.runtime.model.MethodInfo.invoke(MethodInfo.java:157) ~[spock-core-2.4-M4-groovy-4.0.jar:2.4-M4]
	at org.spockframework.runtime.PlatformSpecRunner.invokeRaw(PlatformSpecRunner.java:439) ~[spock-core-2.4-M4-groovy-4.0.jar:2.4-M4]
	at org.spockframework.runtime.PlatformSpecRunner.invoke(PlatformSpecRunner.java:422) ~[spock-core-2.4-M4-groovy-4.0.jar:2.4-M4]
	at org.spockframework.runtime.PlatformSpecRunner.runFeature(PlatformSpecRunner.java:193) ~[spock-core-2.4-M4-groovy-4.0.jar:2.4-M4]
	at org.spockframework.runtime.FeatureNode.around(FeatureNode.java:73) ~[spock-core-2.4-M4-groovy-4.0.jar:2.4-M4]
	at org.spockframework.runtime.FeatureNode.around(FeatureNode.java:30) ~[spock-core-2.4-M4-groovy-4.0.jar:2.4-M4]
	at org.junit.platform.engine.support.hierarchical.NodeTestTask.lambda$executeRecursively$9(NodeTestTask.java:139) ~[junit-platform-engine-1.10.3.jar:1.10.3]
	at org.junit.platform.engine.support.hierarchical.ThrowableCollector.execute(ThrowableCollector.java:73) ~[junit-platform-engine-1.10.3.jar:1.10.3]
	at org.junit.platform.engine.support.hierarchical.NodeTestTask.executeRecursively(NodeTestTask.java:138) ~[junit-platform-engine-1.10.3.jar:1.10.3]
	at org.junit.platform.engine.support.hierarchical.NodeTestTask.execute(NodeTestTask.java:95) ~[junit-platform-engine-1.10.3.jar:1.10.3]
	at java.base/java.util.ArrayList.forEach(ArrayList.java:1511) ~[na:na]
	at org.junit.platform.engine.support.hierarchical.SameThreadHierarchicalTestExecutorService.invokeAll(SameThreadHierarchicalTestExecutorService.java:41) ~[junit-platform-engine-1.10.3.jar:1.10.3]
	at org.junit.platform.engine.support.hierarchical.NodeTestTask.lambda$executeRecursively$6(NodeTestTask.java:155) ~[junit-platform-engine-1.10.3.jar:1.10.3]
	at org.junit.platform.engine.support.hierarchical.ThrowableCollector.execute(ThrowableCollector.java:73) ~[junit-platform-engine-1.10.3.jar:1.10.3]
	at org.junit.platform.engine.support.hierarchical.NodeTestTask.lambda$executeRecursively$8(NodeTestTask.java:141) ~[junit-platform-engine-1.10.3.jar:1.10.3]
	at org.spockframework.runtime.SpockNode.sneakyInvoke(SpockNode.java:40) ~[spock-core-2.4-M4-groovy-4.0.jar:2.4-M4]
	at org.spockframework.runtime.SpecNode.lambda$around$0(SpecNode.java:72) ~[spock-core-2.4-M4-groovy-4.0.jar:2.4-M4]
	at org.spockframework.runtime.PlatformSpecRunner.lambda$createMethodInfoForDoRunSpec$0(PlatformSpecRunner.java:66) ~[spock-core-2.4-M4-groovy-4.0.jar:2.4-M4]
	at org.spockframework.runtime.model.MethodInfo.invoke(MethodInfo.java:157) ~[spock-core-2.4-M4-groovy-4.0.jar:2.4-M4]
	at org.spockframework.runtime.PlatformSpecRunner.invokeRaw(PlatformSpecRunner.java:439) ~[spock-core-2.4-M4-groovy-4.0.jar:2.4-M4]
	at org.spockframework.runtime.PlatformSpecRunner.invoke(PlatformSpecRunner.java:422) ~[spock-core-2.4-M4-groovy-4.0.jar:2.4-M4]
	at org.spockframework.runtime.PlatformSpecRunner.runSpec(PlatformSpecRunner.java:59) ~[spock-core-2.4-M4-groovy-4.0.jar:2.4-M4]
	at org.spockframework.runtime.SpecNode.around(SpecNode.java:72) ~[spock-core-2.4-M4-groovy-4.0.jar:2.4-M4]
	at org.spockframework.runtime.SpecNode.around(SpecNode.java:12) ~[spock-core-2.4-M4-groovy-4.0.jar:2.4-M4]
	at org.junit.platform.engine.support.hierarchical.NodeTestTask.lambda$executeRecursively$9(NodeTestTask.java:139) ~[junit-platform-engine-1.10.3.jar:1.10.3]
	at org.junit.platform.engine.support.hierarchical.ThrowableCollector.execute(ThrowableCollector.java:73) ~[junit-platform-engine-1.10.3.jar:1.10.3]
	at org.junit.platform.engine.support.hierarchical.NodeTestTask.executeRecursively(NodeTestTask.java:138) ~[junit-platform-engine-1.10.3.jar:1.10.3]
	at org.junit.platform.engine.support.hierarchical.NodeTestTask.execute(NodeTestTask.java:95) ~[junit-platform-engine-1.10.3.jar:1.10.3]
	at java.base/java.util.ArrayList.forEach(ArrayList.java:1511) ~[na:na]
	at org.junit.platform.engine.support.hierarchical.SameThreadHierarchicalTestExecutorService.invokeAll(SameThreadHierarchicalTestExecutorService.java:41) ~[junit-platform-engine-1.10.3.jar:1.10.3]
	at org.junit.platform.engine.support.hierarchical.NodeTestTask.lambda$executeRecursively$6(NodeTestTask.java:155) ~[junit-platform-engine-1.10.3.jar:1.10.3]
	at org.junit.platform.engine.support.hierarchical.ThrowableCollector.execute(ThrowableCollector.java:73) ~[junit-platform-engine-1.10.3.jar:1.10.3]
	at org.junit.platform.engine.support.hierarchical.NodeTestTask.lambda$executeRecursively$8(NodeTestTask.java:141) ~[junit-platform-engine-1.10.3.jar:1.10.3]
	at org.junit.platform.engine.support.hierarchical.Node.around(Node.java:137) ~[junit-platform-engine-1.10.3.jar:1.10.3]
	at org.junit.platform.engine.support.hierarchical.NodeTestTask.lambda$executeRecursively$9(NodeTestTask.java:139) ~[junit-platform-engine-1.10.3.jar:1.10.3]
	at org.junit.platform.engine.support.hierarchical.ThrowableCollector.execute(ThrowableCollector.java:73) ~[junit-platform-engine-1.10.3.jar:1.10.3]
	at org.junit.platform.engine.support.hierarchical.NodeTestTask.executeRecursively(NodeTestTask.java:138) ~[junit-platform-engine-1.10.3.jar:1.10.3]
	at org.junit.platform.engine.support.hierarchical.NodeTestTask.execute(NodeTestTask.java:95) ~[junit-platform-engine-1.10.3.jar:1.10.3]
	at org.junit.platform.engine.support.hierarchical.SameThreadHierarchicalTestExecutorService.submit(SameThreadHierarchicalTestExecutorService.java:35) ~[junit-platform-engine-1.10.3.jar:1.10.3]
	at org.junit.platform.engine.support.hierarchical.HierarchicalTestExecutor.execute(HierarchicalTestExecutor.java:57) ~[junit-platform-engine-1.10.3.jar:1.10.3]
	at org.junit.platform.engine.support.hierarchical.HierarchicalTestEngine.execute(HierarchicalTestEngine.java:54) ~[junit-platform-engine-1.10.3.jar:1.10.3]
	at org.junit.platform.launcher.core.EngineExecutionOrchestrator.execute(EngineExecutionOrchestrator.java:198) ~[junit-platform-launcher-1.10.3.jar:1.10.3]
	at org.junit.platform.launcher.core.EngineExecutionOrchestrator.execute(EngineExecutionOrchestrator.java:169) ~[junit-platform-launcher-1.10.3.jar:1.10.3]
	at org.junit.platform.launcher.core.EngineExecutionOrchestrator.execute(EngineExecutionOrchestrator.java:93) ~[junit-platform-launcher-1.10.3.jar:1.10.3]
	at org.junit.platform.launcher.core.EngineExecutionOrchestrator.lambda$execute$0(EngineExecutionOrchestrator.java:58) ~[junit-platform-launcher-1.10.3.jar:1.10.3]
	at org.junit.platform.launcher.core.EngineExecutionOrchestrator.withInterceptedStreams(EngineExecutionOrchestrator.java:141) ~[junit-platform-launcher-1.10.3.jar:1.10.3]
	at org.junit.platform.launcher.core.EngineExecutionOrchestrator.execute(EngineExecutionOrchestrator.java:57) ~[junit-platform-launcher-1.10.3.jar:1.10.3]
	at org.junit.platform.launcher.core.DefaultLauncher.execute(DefaultLauncher.java:103) ~[junit-platform-launcher-1.10.3.jar:1.10.3]
	at org.junit.platform.launcher.core.DefaultLauncher.execute(DefaultLauncher.java:85) ~[junit-platform-launcher-1.10.3.jar:1.10.3]
	at org.junit.platform.launcher.core.DelegatingLauncher.execute(DelegatingLauncher.java:47) ~[junit-platform-launcher-1.10.3.jar:1.10.3]
	at org.apache.maven.surefire.junitplatform.LazyLauncher.execute(LazyLauncher.java:56) ~[surefire-junit-platform-3.2.5.jar:3.2.5]
	at org.apache.maven.surefire.junitplatform.JUnitPlatformProvider.execute(JUnitPlatformProvider.java:184) ~[surefire-junit-platform-3.2.5.jar:3.2.5]
	at org.apache.maven.surefire.junitplatform.JUnitPlatformProvider.invokeAllTests(JUnitPlatformProvider.java:148) ~[surefire-junit-platform-3.2.5.jar:3.2.5]
	at org.apache.maven.surefire.junitplatform.JUnitPlatformProvider.invoke(JUnitPlatformProvider.java:122) ~[surefire-junit-platform-3.2.5.jar:3.2.5]
	at org.apache.maven.surefire.booter.ForkedBooter.runSuitesInProcess(ForkedBooter.java:385) ~[surefire-booter-3.2.5.jar:3.2.5]
	at org.apache.maven.surefire.booter.ForkedBooter.execute(ForkedBooter.java:162) ~[surefire-booter-3.2.5.jar:3.2.5]
	at org.apache.maven.surefire.booter.ForkedBooter.run(ForkedBooter.java:507) ~[surefire-booter-3.2.5.jar:3.2.5]
	at org.apache.maven.surefire.booter.ForkedBooter.main(ForkedBooter.java:495) ~[surefire-booter-3.2.5.jar:3.2.5]
Caused by: org.springframework.beans.factory.BeanCreationException: Error creating bean with name 'entityManagerFactory' defined in class path resource [org/springframework/boot/autoconfigure/orm/jpa/HibernateJpaConfiguration.class]: Failed to initialize dependency 'liquibase' of LoadTimeWeaverAware bean 'entityManagerFactory': Error creating bean with name 'liquibase' defined in class path resource [org/springframework/boot/autoconfigure/liquibase/LiquibaseAutoConfiguration$LiquibaseConfiguration.class]: liquibase.exception.CommandExecutionException: liquibase.exception.LiquibaseException: liquibase.exception.MigrationFailedException: Migration failed for changeset db/changelog-test/db.changelog-test-1.sql::raw::includeAll:
     Reason: liquibase.exception.DatabaseException: ERROR: relation "tutorial" already exists [Failed SQL: (0) CREATE TABLE tutorial (id BIGINT, title VARCHAR(255), description VARCHAR(255), published BOOLEAN, filename VARCHAR(255), PRIMARY KEY (id))]
	at org.springframework.beans.factory.support.AbstractBeanFactory.doGetBean(AbstractBeanFactory.java:326) ~[spring-beans-6.1.12.jar:6.1.12]
	at org.springframework.beans.factory.support.AbstractBeanFactory.getBean(AbstractBeanFactory.java:205) ~[spring-beans-6.1.12.jar:6.1.12]
	at org.springframework.context.support.AbstractApplicationContext.finishBeanFactoryInitialization(AbstractApplicationContext.java:954) ~[spring-context-6.1.12.jar:6.1.12]
	at org.springframework.context.support.AbstractApplicationContext.refresh(AbstractApplicationContext.java:625) ~[spring-context-6.1.12.jar:6.1.12]
	at org.springframework.boot.web.servlet.context.ServletWebServerApplicationContext.refresh(ServletWebServerApplicationContext.java:146) ~[spring-boot-3.3.3.jar:3.3.3]
	at org.springframework.boot.SpringApplication.refresh(SpringApplication.java:754) ~[spring-boot-3.3.3.jar:3.3.3]
	at org.springframework.boot.SpringApplication.refreshContext(SpringApplication.java:456) ~[spring-boot-3.3.3.jar:3.3.3]
	at org.springframework.boot.SpringApplication.run(SpringApplication.java:335) ~[spring-boot-3.3.3.jar:3.3.3]
	at org.springframework.boot.test.context.SpringBootContextLoader.lambda$loadContext$3(SpringBootContextLoader.java:137) ~[spring-boot-test-3.3.3.jar:3.3.3]
	at org.springframework.util.function.ThrowingSupplier.get(ThrowingSupplier.java:58) ~[spring-core-6.1.12.jar:6.1.12]
	at org.springframework.util.function.ThrowingSupplier.get(ThrowingSupplier.java:46) ~[spring-core-6.1.12.jar:6.1.12]
	at org.springframework.boot.SpringApplication.withHook(SpringApplication.java:1463) ~[spring-boot-3.3.3.jar:3.3.3]
	at org.springframework.boot.test.context.SpringBootContextLoader$ContextLoaderHook.run(SpringBootContextLoader.java:553) ~[spring-boot-test-3.3.3.jar:3.3.3]
	at org.springframework.boot.test.context.SpringBootContextLoader.loadContext(SpringBootContextLoader.java:137) ~[spring-boot-test-3.3.3.jar:3.3.3]
	at org.springframework.boot.test.context.SpringBootContextLoader.loadContext(SpringBootContextLoader.java:108) ~[spring-boot-test-3.3.3.jar:3.3.3]
	at org.springframework.test.context.cache.DefaultCacheAwareContextLoaderDelegate.loadContextInternal(DefaultCacheAwareContextLoaderDelegate.java:225) ~[spring-test-6.1.12.jar:6.1.12]
	at org.springframework.test.context.cache.DefaultCacheAwareContextLoaderDelegate.loadContext(DefaultCacheAwareContextLoaderDelegate.java:152) ~[spring-test-6.1.12.jar:6.1.12]
	... 90 common frames omitted
Caused by: org.springframework.beans.factory.BeanCreationException: Error creating bean with name 'liquibase' defined in class path resource [org/springframework/boot/autoconfigure/liquibase/LiquibaseAutoConfiguration$LiquibaseConfiguration.class]: liquibase.exception.CommandExecutionException: liquibase.exception.LiquibaseException: liquibase.exception.MigrationFailedException: Migration failed for changeset db/changelog-test/db.changelog-test-1.sql::raw::includeAll:
     Reason: liquibase.exception.DatabaseException: ERROR: relation "tutorial" already exists [Failed SQL: (0) CREATE TABLE tutorial (id BIGINT, title VARCHAR(255), description VARCHAR(255), published BOOLEAN, filename VARCHAR(255), PRIMARY KEY (id))]
	at org.springframework.beans.factory.support.AbstractAutowireCapableBeanFactory.initializeBean(AbstractAutowireCapableBeanFactory.java:1806) ~[spring-beans-6.1.12.jar:6.1.12]
	at org.springframework.beans.factory.support.AbstractAutowireCapableBeanFactory.doCreateBean(AbstractAutowireCapableBeanFactory.java:600) ~[spring-beans-6.1.12.jar:6.1.12]
	at org.springframework.beans.factory.support.AbstractAutowireCapableBeanFactory.createBean(AbstractAutowireCapableBeanFactory.java:522) ~[spring-beans-6.1.12.jar:6.1.12]
	at org.springframework.beans.factory.support.AbstractBeanFactory.lambda$doGetBean$0(AbstractBeanFactory.java:337) ~[spring-beans-6.1.12.jar:6.1.12]
	at org.springframework.beans.factory.support.DefaultSingletonBeanRegistry.getSingleton(DefaultSingletonBeanRegistry.java:234) ~[spring-beans-6.1.12.jar:6.1.12]
	at org.springframework.beans.factory.support.AbstractBeanFactory.doGetBean(AbstractBeanFactory.java:335) ~[spring-beans-6.1.12.jar:6.1.12]
	at org.springframework.beans.factory.support.AbstractBeanFactory.getBean(AbstractBeanFactory.java:200) ~[spring-beans-6.1.12.jar:6.1.12]
	at org.springframework.beans.factory.support.AbstractBeanFactory.doGetBean(AbstractBeanFactory.java:313) ~[spring-beans-6.1.12.jar:6.1.12]
	... 106 common frames omitted
Caused by: liquibase.exception.UnexpectedLiquibaseException: liquibase.exception.CommandExecutionException: liquibase.exception.LiquibaseException: liquibase.exception.MigrationFailedException: Migration failed for changeset db/changelog-test/db.changelog-test-1.sql::raw::includeAll:
     Reason: liquibase.exception.DatabaseException: ERROR: relation "tutorial" already exists [Failed SQL: (0) CREATE TABLE tutorial (id BIGINT, title VARCHAR(255), description VARCHAR(255), published BOOLEAN, filename VARCHAR(255), PRIMARY KEY (id))]
	at liquibase.integration.spring.SpringLiquibase.afterPropertiesSet(SpringLiquibase.java:259) ~[liquibase-core-4.27.0.jar:na]
	at org.springframework.beans.factory.support.AbstractAutowireCapableBeanFactory.invokeInitMethods(AbstractAutowireCapableBeanFactory.java:1853) ~[spring-beans-6.1.12.jar:6.1.12]
	at org.springframework.beans.factory.support.AbstractAutowireCapableBeanFactory.initializeBean(AbstractAutowireCapableBeanFactory.java:1802) ~[spring-beans-6.1.12.jar:6.1.12]
	... 113 common frames omitted
Caused by: liquibase.exception.CommandExecutionException: liquibase.exception.LiquibaseException: liquibase.exception.MigrationFailedException: Migration failed for changeset db/changelog-test/db.changelog-test-1.sql::raw::includeAll:
     Reason: liquibase.exception.DatabaseException: ERROR: relation "tutorial" already exists [Failed SQL: (0) CREATE TABLE tutorial (id BIGINT, title VARCHAR(255), description VARCHAR(255), published BOOLEAN, filename VARCHAR(255), PRIMARY KEY (id))]
	at liquibase.command.CommandScope.execute(CommandScope.java:257) ~[liquibase-core-4.27.0.jar:na]
	at liquibase.Liquibase.lambda$update$0(Liquibase.java:245) ~[liquibase-core-4.27.0.jar:na]
	at liquibase.Scope.lambda$child$0(Scope.java:190) ~[liquibase-core-4.27.0.jar:na]
	at liquibase.Scope.child(Scope.java:199) ~[liquibase-core-4.27.0.jar:na]
	at liquibase.Scope.child(Scope.java:189) ~[liquibase-core-4.27.0.jar:na]
	at liquibase.Scope.child(Scope.java:168) ~[liquibase-core-4.27.0.jar:na]
	at liquibase.Liquibase.runInScope(Liquibase.java:1436) ~[liquibase-core-4.27.0.jar:na]
	at liquibase.Liquibase.update(Liquibase.java:234) ~[liquibase-core-4.27.0.jar:na]
	at liquibase.Liquibase.update(Liquibase.java:212) ~[liquibase-core-4.27.0.jar:na]
	at liquibase.integration.spring.SpringLiquibase.performUpdate(SpringLiquibase.java:297) ~[liquibase-core-4.27.0.jar:na]
	at liquibase.integration.spring.SpringLiquibase.lambda$afterPropertiesSet$0(SpringLiquibase.java:249) ~[liquibase-core-4.27.0.jar:na]
	at liquibase.Scope.lambda$child$0(Scope.java:190) ~[liquibase-core-4.27.0.jar:na]
	at liquibase.Scope.child(Scope.java:199) ~[liquibase-core-4.27.0.jar:na]
	at liquibase.Scope.child(Scope.java:189) ~[liquibase-core-4.27.0.jar:na]
	at liquibase.Scope.child(Scope.java:168) ~[liquibase-core-4.27.0.jar:na]
	at liquibase.Scope.child(Scope.java:256) ~[liquibase-core-4.27.0.jar:na]
	at liquibase.integration.spring.SpringLiquibase.afterPropertiesSet(SpringLiquibase.java:242) ~[liquibase-core-4.27.0.jar:na]
	... 115 common frames omitted
Caused by: liquibase.exception.LiquibaseException: liquibase.exception.MigrationFailedException: Migration failed for changeset db/changelog-test/db.changelog-test-1.sql::raw::includeAll:
     Reason: liquibase.exception.DatabaseException: ERROR: relation "tutorial" already exists [Failed SQL: (0) CREATE TABLE tutorial (id BIGINT, title VARCHAR(255), description VARCHAR(255), published BOOLEAN, filename VARCHAR(255), PRIMARY KEY (id))]
	at liquibase.changelog.ChangeLogIterator.run(ChangeLogIterator.java:151) ~[liquibase-core-4.27.0.jar:na]
	at liquibase.command.core.AbstractUpdateCommandStep.lambda$run$0(AbstractUpdateCommandStep.java:112) ~[liquibase-core-4.27.0.jar:na]
	at liquibase.Scope.lambda$child$0(Scope.java:190) ~[liquibase-core-4.27.0.jar:na]
	at liquibase.Scope.child(Scope.java:199) ~[liquibase-core-4.27.0.jar:na]
	at liquibase.Scope.child(Scope.java:189) ~[liquibase-core-4.27.0.jar:na]
	at liquibase.Scope.child(Scope.java:168) ~[liquibase-core-4.27.0.jar:na]
	at liquibase.command.core.AbstractUpdateCommandStep.run(AbstractUpdateCommandStep.java:110) ~[liquibase-core-4.27.0.jar:na]
	at liquibase.command.core.UpdateCommandStep.run(UpdateCommandStep.java:105) ~[liquibase-core-4.27.0.jar:na]
	at liquibase.command.CommandScope.execute(CommandScope.java:219) ~[liquibase-core-4.27.0.jar:na]
	... 131 common frames omitted
Caused by: liquibase.exception.MigrationFailedException: Migration failed for changeset db/changelog-test/db.changelog-test-1.sql::raw::includeAll:
     Reason: liquibase.exception.DatabaseException: ERROR: relation "tutorial" already exists [Failed SQL: (0) CREATE TABLE tutorial (id BIGINT, title VARCHAR(255), description VARCHAR(255), published BOOLEAN, filename VARCHAR(255), PRIMARY KEY (id))]
	at liquibase.changelog.ChangeSet.execute(ChangeSet.java:808) ~[liquibase-core-4.27.0.jar:na]
	at liquibase.changelog.visitor.UpdateVisitor.executeAcceptedChange(UpdateVisitor.java:119) ~[liquibase-core-4.27.0.jar:na]
	at liquibase.changelog.visitor.UpdateVisitor.visit(UpdateVisitor.java:68) ~[liquibase-core-4.27.0.jar:na]
	at liquibase.changelog.ChangeLogIterator$2.lambda$run$0(ChangeLogIterator.java:133) ~[liquibase-core-4.27.0.jar:na]
	at liquibase.Scope.lambda$child$0(Scope.java:190) ~[liquibase-core-4.27.0.jar:na]
	at liquibase.Scope.child(Scope.java:199) ~[liquibase-core-4.27.0.jar:na]
	at liquibase.Scope.child(Scope.java:189) ~[liquibase-core-4.27.0.jar:na]
	at liquibase.Scope.child(Scope.java:168) ~[liquibase-core-4.27.0.jar:na]
	at liquibase.changelog.ChangeLogIterator$2.run(ChangeLogIterator.java:122) ~[liquibase-core-4.27.0.jar:na]
	at liquibase.Scope.lambda$child$0(Scope.java:190) ~[liquibase-core-4.27.0.jar:na]
	at liquibase.Scope.child(Scope.java:199) ~[liquibase-core-4.27.0.jar:na]
	at liquibase.Scope.child(Scope.java:189) ~[liquibase-core-4.27.0.jar:na]
	at liquibase.Scope.child(Scope.java:168) ~[liquibase-core-4.27.0.jar:na]
	at liquibase.Scope.child(Scope.java:256) ~[liquibase-core-4.27.0.jar:na]
	at liquibase.Scope.child(Scope.java:260) ~[liquibase-core-4.27.0.jar:na]
	at liquibase.changelog.ChangeLogIterator.run(ChangeLogIterator.java:89) ~[liquibase-core-4.27.0.jar:na]
	... 139 common frames omitted
Caused by: liquibase.exception.DatabaseException: ERROR: relation "tutorial" already exists [Failed SQL: (0) CREATE TABLE tutorial (id BIGINT, title VARCHAR(255), description VARCHAR(255), published BOOLEAN, filename VARCHAR(255), PRIMARY KEY (id))]
	at liquibase.executor.jvm.JdbcExecutor$ExecuteStatementCallback.doInStatement(JdbcExecutor.java:473) ~[liquibase-core-4.27.0.jar:na]
	at liquibase.executor.jvm.JdbcExecutor.execute(JdbcExecutor.java:80) ~[liquibase-core-4.27.0.jar:na]
	at liquibase.executor.jvm.JdbcExecutor.execute(JdbcExecutor.java:182) ~[liquibase-core-4.27.0.jar:na]
	at liquibase.executor.AbstractExecutor.execute(AbstractExecutor.java:141) ~[liquibase-core-4.27.0.jar:na]
	at liquibase.database.AbstractJdbcDatabase.executeStatements(AbstractJdbcDatabase.java:1176) ~[liquibase-core-4.27.0.jar:na]
	at liquibase.changelog.ChangeSet.execute(ChangeSet.java:764) ~[liquibase-core-4.27.0.jar:na]
	... 154 common frames omitted
Caused by: org.postgresql.util.PSQLException: ERROR: relation "tutorial" already exists
	at org.postgresql.core.v3.QueryExecutorImpl.receiveErrorResponse(QueryExecutorImpl.java:2725) ~[postgresql-42.7.3.jar:42.7.3]
	at org.postgresql.core.v3.QueryExecutorImpl.processResults(QueryExecutorImpl.java:2412) ~[postgresql-42.7.3.jar:42.7.3]
	at org.postgresql.core.v3.QueryExecutorImpl.execute(QueryExecutorImpl.java:371) ~[postgresql-42.7.3.jar:42.7.3]
	at org.postgresql.jdbc.PgStatement.executeInternal(PgStatement.java:502) ~[postgresql-42.7.3.jar:42.7.3]
	at org.postgresql.jdbc.PgStatement.execute(PgStatement.java:419) ~[postgresql-42.7.3.jar:42.7.3]
	at org.postgresql.jdbc.PgStatement.executeWithFlags(PgStatement.java:341) ~[postgresql-42.7.3.jar:42.7.3]
	at org.postgresql.jdbc.PgStatement.executeCachedSql(PgStatement.java:326) ~[postgresql-42.7.3.jar:42.7.3]
	at org.postgresql.jdbc.PgStatement.executeWithFlags(PgStatement.java:302) ~[postgresql-42.7.3.jar:42.7.3]
	at org.postgresql.jdbc.PgStatement.execute(PgStatement.java:297) ~[postgresql-42.7.3.jar:42.7.3]
	at com.zaxxer.hikari.pool.ProxyStatement.execute(ProxyStatement.java:94) ~[HikariCP-5.1.0.jar:na]
	at com.zaxxer.hikari.pool.HikariProxyStatement.execute(HikariProxyStatement.java) ~[HikariCP-5.1.0.jar:na]
	at liquibase.executor.jvm.JdbcExecutor$ExecuteStatementCallback.doInStatement(JdbcExecutor.java:467) ~[liquibase-core-4.27.0.jar:na]
	... 159 common frames omitted

]]></system-out>
    <system-err><![CDATA[


============================
CONDITIONS EVALUATION REPORT
============================


Positive matches:
-----------------

    None


Negative matches:
-----------------

    None


Exclusions:
-----------

    None


Unconditional classes:
----------------------

    None



]]></system-err>
  </testcase>
</testsuite>