<?xml version="1.0" encoding="UTF-8"?>
<testsuite xmlns:xsi="http://www.w3.org/2001/XMLSchema-instance" xsi:noNamespaceSchemaLocation="https://maven.apache.org/surefire/maven-surefire-plugin/xsd/surefire-test-report-3.0.xsd" version="3.0" name="com.tutopedia.backend.controllers.BucketControllerSpec" time="10.87" tests="11" errors="0" skipped="10" failures="0">
  <properties>
    <property name="java.specification.version" value="20"/>
    <property name="sun.jnu.encoding" value="UTF-8"/>
    <property name="java.class.path" value="/Users/rudiwelter/Workdir/Tut-O-Pedia/Backend/target/test-classes:/Users/rudiwelter/Workdir/Tut-O-Pedia/Backend/target/classes:/Users/rudiwelter/.m2/repository/org/springframework/boot/spring-boot-starter-actuator/3.3.3/spring-boot-starter-actuator-3.3.3.jar:/Users/rudiwelter/.m2/repository/org/springframework/boot/spring-boot-starter/3.3.3/spring-boot-starter-3.3.3.jar:/Users/rudiwelter/.m2/repository/org/springframework/boot/spring-boot-starter-logging/3.3.3/spring-boot-starter-logging-3.3.3.jar:/Users/rudiwelter/.m2/repository/ch/qos/logback/logback-classic/1.5.7/logback-classic-1.5.7.jar:/Users/rudiwelter/.m2/repository/ch/qos/logback/logback-core/1.5.7/logback-core-1.5.7.jar:/Users/rudiwelter/.m2/repository/org/apache/logging/log4j/log4j-to-slf4j/2.23.1/log4j-to-slf4j-2.23.1.jar:/Users/rudiwelter/.m2/repository/org/apache/logging/log4j/log4j-api/2.23.1/log4j-api-2.23.1.jar:/Users/rudiwelter/.m2/repository/org/slf4j/jul-to-slf4j/2.0.16/jul-to-slf4j-2.0.16.jar:/Users/rudiwelter/.m2/repository/jakarta/annotation/jakarta.annotation-api/2.1.1/jakarta.annotation-api-2.1.1.jar:/Users/rudiwelter/.m2/repository/org/springframework/boot/spring-boot-actuator-autoconfigure/3.3.3/spring-boot-actuator-autoconfigure-3.3.3.jar:/Users/rudiwelter/.m2/repository/org/springframework/boot/spring-boot-actuator/3.3.3/spring-boot-actuator-3.3.3.jar:/Users/rudiwelter/.m2/repository/com/fasterxml/jackson/core/jackson-databind/2.17.2/jackson-databind-2.17.2.jar:/Users/rudiwelter/.m2/repository/com/fasterxml/jackson/core/jackson-annotations/2.17.2/jackson-annotations-2.17.2.jar:/Users/rudiwelter/.m2/repository/com/fasterxml/jackson/core/jackson-core/2.17.2/jackson-core-2.17.2.jar:/Users/rudiwelter/.m2/repository/com/fasterxml/jackson/datatype/jackson-datatype-jsr310/2.17.2/jackson-datatype-jsr310-2.17.2.jar:/Users/rudiwelter/.m2/repository/io/micrometer/micrometer-observation/1.13.3/micrometer-observation-1.13.3.jar:/Users/rudiwelter/.m2/repository/io/micrometer/micrometer-commons/1.13.3/micrometer-commons-1.13.3.jar:/Users/rudiwelter/.m2/repository/io/micrometer/micrometer-jakarta9/1.13.3/micrometer-jakarta9-1.13.3.jar:/Users/rudiwelter/.m2/repository/io/micrometer/micrometer-core/1.13.3/micrometer-core-1.13.3.jar:/Users/rudiwelter/.m2/repository/org/hdrhistogram/HdrHistogram/2.2.2/HdrHistogram-2.2.2.jar:/Users/rudiwelter/.m2/repository/org/latencyutils/LatencyUtils/2.0.3/LatencyUtils-2.0.3.jar:/Users/rudiwelter/.m2/repository/org/springframework/boot/spring-boot-starter-data-jpa/3.3.3/spring-boot-starter-data-jpa-3.3.3.jar:/Users/rudiwelter/.m2/repository/org/springframework/boot/spring-boot-starter-aop/3.3.3/spring-boot-starter-aop-3.3.3.jar:/Users/rudiwelter/.m2/repository/org/springframework/spring-aop/6.1.12/spring-aop-6.1.12.jar:/Users/rudiwelter/.m2/repository/org/aspectj/aspectjweaver/1.9.22.1/aspectjweaver-1.9.22.1.jar:/Users/rudiwelter/.m2/repository/org/springframework/boot/spring-boot-starter-jdbc/3.3.3/spring-boot-starter-jdbc-3.3.3.jar:/Users/rudiwelter/.m2/repository/com/zaxxer/HikariCP/5.1.0/HikariCP-5.1.0.jar:/Users/rudiwelter/.m2/repository/org/springframework/spring-jdbc/6.1.12/spring-jdbc-6.1.12.jar:/Users/rudiwelter/.m2/repository/org/hibernate/orm/hibernate-core/6.5.2.Final/hibernate-core-6.5.2.Final.jar:/Users/rudiwelter/.m2/repository/jakarta/persistence/jakarta.persistence-api/3.1.0/jakarta.persistence-api-3.1.0.jar:/Users/rudiwelter/.m2/repository/jakarta/transaction/jakarta.transaction-api/2.0.1/jakarta.transaction-api-2.0.1.jar:/Users/rudiwelter/.m2/repository/org/jboss/logging/jboss-logging/3.5.3.Final/jboss-logging-3.5.3.Final.jar:/Users/rudiwelter/.m2/repository/org/hibernate/common/hibernate-commons-annotations/6.0.6.Final/hibernate-commons-annotations-6.0.6.Final.jar:/Users/rudiwelter/.m2/repository/io/smallrye/jandex/3.1.2/jandex-3.1.2.jar:/Users/rudiwelter/.m2/repository/com/fasterxml/classmate/1.7.0/classmate-1.7.0.jar:/Users/rudiwelter/.m2/repository/net/bytebuddy/byte-buddy/1.14.19/byte-buddy-1.14.19.jar:/Users/rudiwelter/.m2/repository/org/glassfish/jaxb/jaxb-runtime/4.0.5/jaxb-runtime-4.0.5.jar:/Users/rudiwelter/.m2/repository/org/glassfish/jaxb/jaxb-core/4.0.5/jaxb-core-4.0.5.jar:/Users/rudiwelter/.m2/repository/org/eclipse/angus/angus-activation/2.0.2/angus-activation-2.0.2.jar:/Users/rudiwelter/.m2/repository/org/glassfish/jaxb/txw2/4.0.5/txw2-4.0.5.jar:/Users/rudiwelter/.m2/repository/com/sun/istack/istack-commons-runtime/4.1.2/istack-commons-runtime-4.1.2.jar:/Users/rudiwelter/.m2/repository/jakarta/inject/jakarta.inject-api/2.0.1/jakarta.inject-api-2.0.1.jar:/Users/rudiwelter/.m2/repository/org/antlr/antlr4-runtime/4.13.0/antlr4-runtime-4.13.0.jar:/Users/rudiwelter/.m2/repository/org/springframework/data/spring-data-jpa/3.3.3/spring-data-jpa-3.3.3.jar:/Users/rudiwelter/.m2/repository/org/springframework/data/spring-data-commons/3.3.3/spring-data-commons-3.3.3.jar:/Users/rudiwelter/.m2/repository/org/springframework/spring-orm/6.1.12/spring-orm-6.1.12.jar:/Users/rudiwelter/.m2/repository/org/springframework/spring-context/6.1.12/spring-context-6.1.12.jar:/Users/rudiwelter/.m2/repository/org/springframework/spring-tx/6.1.12/spring-tx-6.1.12.jar:/Users/rudiwelter/.m2/repository/org/springframework/spring-beans/6.1.12/spring-beans-6.1.12.jar:/Users/rudiwelter/.m2/repository/org/slf4j/slf4j-api/2.0.16/slf4j-api-2.0.16.jar:/Users/rudiwelter/.m2/repository/org/springframework/spring-aspects/6.1.12/spring-aspects-6.1.12.jar:/Users/rudiwelter/.m2/repository/org/springframework/boot/spring-boot-starter-validation/3.3.3/spring-boot-starter-validation-3.3.3.jar:/Users/rudiwelter/.m2/repository/org/apache/tomcat/embed/tomcat-embed-el/10.1.28/tomcat-embed-el-10.1.28.jar:/Users/rudiwelter/.m2/repository/org/hibernate/validator/hibernate-validator/8.0.1.Final/hibernate-validator-8.0.1.Final.jar:/Users/rudiwelter/.m2/repository/jakarta/validation/jakarta.validation-api/3.0.2/jakarta.validation-api-3.0.2.jar:/Users/rudiwelter/.m2/repository/org/springframework/boot/spring-boot-starter-web/3.3.3/spring-boot-starter-web-3.3.3.jar:/Users/rudiwelter/.m2/repository/org/springframework/boot/spring-boot-starter-json/3.3.3/spring-boot-starter-json-3.3.3.jar:/Users/rudiwelter/.m2/repository/com/fasterxml/jackson/datatype/jackson-datatype-jdk8/2.17.2/jackson-datatype-jdk8-2.17.2.jar:/Users/rudiwelter/.m2/repository/com/fasterxml/jackson/module/jackson-module-parameter-names/2.17.2/jackson-module-parameter-names-2.17.2.jar:/Users/rudiwelter/.m2/repository/org/springframework/boot/spring-boot-starter-tomcat/3.3.3/spring-boot-starter-tomcat-3.3.3.jar:/Users/rudiwelter/.m2/repository/org/apache/tomcat/embed/tomcat-embed-core/10.1.28/tomcat-embed-core-10.1.28.jar:/Users/rudiwelter/.m2/repository/org/apache/tomcat/embed/tomcat-embed-websocket/10.1.28/tomcat-embed-websocket-10.1.28.jar:/Users/rudiwelter/.m2/repository/org/springframework/spring-web/6.1.12/spring-web-6.1.12.jar:/Users/rudiwelter/.m2/repository/org/springframework/spring-webmvc/6.1.12/spring-webmvc-6.1.12.jar:/Users/rudiwelter/.m2/repository/org/springframework/spring-expression/6.1.12/spring-expression-6.1.12.jar:/Users/rudiwelter/.m2/repository/org/springframework/boot/spring-boot-starter-websocket/3.3.3/spring-boot-starter-websocket-3.3.3.jar:/Users/rudiwelter/.m2/repository/org/springframework/spring-messaging/6.1.12/spring-messaging-6.1.12.jar:/Users/rudiwelter/.m2/repository/org/springframework/spring-websocket/6.1.12/spring-websocket-6.1.12.jar:/Users/rudiwelter/.m2/repository/org/liquibase/liquibase-core/4.27.0/liquibase-core-4.27.0.jar:/Users/rudiwelter/.m2/repository/com/opencsv/opencsv/5.9/opencsv-5.9.jar:/Users/rudiwelter/.m2/repository/org/apache/commons/commons-text/1.11.0/commons-text-1.11.0.jar:/Users/rudiwelter/.m2/repository/org/apache/commons/commons-collections4/4.4/commons-collections4-4.4.jar:/Users/rudiwelter/.m2/repository/org/yaml/snakeyaml/2.2/snakeyaml-2.2.jar:/Users/rudiwelter/.m2/repository/javax/xml/bind/jaxb-api/2.3.1/jaxb-api-2.3.1.jar:/Users/rudiwelter/.m2/repository/org/apache/commons/commons-lang3/3.14.0/commons-lang3-3.14.0.jar:/Users/rudiwelter/.m2/repository/org/springframework/boot/spring-boot-devtools/3.3.3/spring-boot-devtools-3.3.3.jar:/Users/rudiwelter/.m2/repository/org/springframework/boot/spring-boot/3.3.3/spring-boot-3.3.3.jar:/Users/rudiwelter/.m2/repository/org/springframework/boot/spring-boot-autoconfigure/3.3.3/spring-boot-autoconfigure-3.3.3.jar:/Users/rudiwelter/.m2/repository/org/postgresql/postgresql/42.7.3/postgresql-42.7.3.jar:/Users/rudiwelter/.m2/repository/org/checkerframework/checker-qual/3.42.0/checker-qual-3.42.0.jar:/Users/rudiwelter/.m2/repository/org/projectlombok/lombok/1.18.34/lombok-1.18.34.jar:/Users/rudiwelter/.m2/repository/org/springframework/boot/spring-boot-starter-test/3.3.3/spring-boot-starter-test-3.3.3.jar:/Users/rudiwelter/.m2/repository/org/springframework/boot/spring-boot-test/3.3.3/spring-boot-test-3.3.3.jar:/Users/rudiwelter/.m2/repository/org/springframework/boot/spring-boot-test-autoconfigure/3.3.3/spring-boot-test-autoconfigure-3.3.3.jar:/Users/rudiwelter/.m2/repository/com/jayway/jsonpath/json-path/2.9.0/json-path-2.9.0.jar:/Users/rudiwelter/.m2/repository/jakarta/xml/bind/jakarta.xml.bind-api/4.0.2/jakarta.xml.bind-api-4.0.2.jar:/Users/rudiwelter/.m2/repository/jakarta/activation/jakarta.activation-api/2.1.3/jakarta.activation-api-2.1.3.jar:/Users/rudiwelter/.m2/repository/net/minidev/json-smart/2.5.1/json-smart-2.5.1.jar:/Users/rudiwelter/.m2/repository/net/minidev/accessors-smart/2.5.1/accessors-smart-2.5.1.jar:/Users/rudiwelter/.m2/repository/org/ow2/asm/asm/9.6/asm-9.6.jar:/Users/rudiwelter/.m2/repository/org/assertj/assertj-core/3.25.3/assertj-core-3.25.3.jar:/Users/rudiwelter/.m2/repository/org/awaitility/awaitility/4.2.2/awaitility-4.2.2.jar:/Users/rudiwelter/.m2/repository/org/hamcrest/hamcrest/2.2/hamcrest-2.2.jar:/Users/rudiwelter/.m2/repository/org/junit/jupiter/junit-jupiter/5.10.3/junit-jupiter-5.10.3.jar:/Users/rudiwelter/.m2/repository/org/junit/jupiter/junit-jupiter-api/5.10.3/junit-jupiter-api-5.10.3.jar:/Users/rudiwelter/.m2/repository/org/junit/jupiter/junit-jupiter-params/5.10.3/junit-jupiter-params-5.10.3.jar:/Users/rudiwelter/.m2/repository/org/junit/jupiter/junit-jupiter-engine/5.10.3/junit-jupiter-engine-5.10.3.jar:/Users/rudiwelter/.m2/repository/org/mockito/mockito-core/5.11.0/mockito-core-5.11.0.jar:/Users/rudiwelter/.m2/repository/net/bytebuddy/byte-buddy-agent/1.14.19/byte-buddy-agent-1.14.19.jar:/Users/rudiwelter/.m2/repository/org/objenesis/objenesis/3.3/objenesis-3.3.jar:/Users/rudiwelter/.m2/repository/org/mockito/mockito-junit-jupiter/5.11.0/mockito-junit-jupiter-5.11.0.jar:/Users/rudiwelter/.m2/repository/org/skyscreamer/jsonassert/1.5.3/jsonassert-1.5.3.jar:/Users/rudiwelter/.m2/repository/com/vaadin/external/google/android-json/0.0.20131108.vaadin1/android-json-0.0.20131108.vaadin1.jar:/Users/rudiwelter/.m2/repository/org/springframework/spring-core/6.1.12/spring-core-6.1.12.jar:/Users/rudiwelter/.m2/repository/org/springframework/spring-jcl/6.1.12/spring-jcl-6.1.12.jar:/Users/rudiwelter/.m2/repository/org/xmlunit/xmlunit-core/2.9.1/xmlunit-core-2.9.1.jar:/Users/rudiwelter/.m2/repository/org/spockframework/spock-core/2.4-M4-groovy-4.0/spock-core-2.4-M4-groovy-4.0.jar:/Users/rudiwelter/.m2/repository/org/apache/groovy/groovy/4.0.22/groovy-4.0.22.jar:/Users/rudiwelter/.m2/repository/org/junit/platform/junit-platform-engine/1.10.3/junit-platform-engine-1.10.3.jar:/Users/rudiwelter/.m2/repository/org/opentest4j/opentest4j/1.3.0/opentest4j-1.3.0.jar:/Users/rudiwelter/.m2/repository/org/junit/platform/junit-platform-commons/1.10.3/junit-platform-commons-1.10.3.jar:/Users/rudiwelter/.m2/repository/org/apiguardian/apiguardian-api/1.1.2/apiguardian-api-1.1.2.jar:/Users/rudiwelter/.m2/repository/io/leangen/geantyref/geantyref/1.3.15/geantyref-1.3.15.jar:/Users/rudiwelter/.m2/repository/org/spockframework/spock-spring/2.4-M4-groovy-4.0/spock-spring-2.4-M4-groovy-4.0.jar:/Users/rudiwelter/.m2/repository/org/codehaus/groovy/modules/http-builder/http-builder/0.7.1/http-builder-0.7.1.jar:/Users/rudiwelter/.m2/repository/net/sf/json-lib/json-lib/2.3/json-lib-2.3-jdk15.jar:/Users/rudiwelter/.m2/repository/commons-beanutils/commons-beanutils/1.8.0/commons-beanutils-1.8.0.jar:/Users/rudiwelter/.m2/repository/commons-collections/commons-collections/3.2.1/commons-collections-3.2.1.jar:/Users/rudiwelter/.m2/repository/commons-lang/commons-lang/2.4/commons-lang-2.4.jar:/Users/rudiwelter/.m2/repository/net/sf/ezmorph/ezmorph/1.0.6/ezmorph-1.0.6.jar:/Users/rudiwelter/.m2/repository/net/sourceforge/nekohtml/nekohtml/1.9.22/nekohtml-1.9.22.jar:/Users/rudiwelter/.m2/repository/xerces/xercesImpl/2.11.0/xercesImpl-2.11.0.jar:/Users/rudiwelter/.m2/repository/xml-apis/xml-apis/1.4.01/xml-apis-1.4.01.jar:/Users/rudiwelter/.m2/repository/xml-resolver/xml-resolver/1.2/xml-resolver-1.2.jar:/Users/rudiwelter/.m2/repository/org/codehaus/groovy/groovy/2.5.23/groovy-2.5.23.jar:/Users/rudiwelter/.m2/repository/org/codehaus/groovy/groovy-ant/2.5.23/groovy-ant-2.5.23.jar:/Users/rudiwelter/.m2/repository/org/apache/ant/ant/1.9.16/ant-1.9.16.jar:/Users/rudiwelter/.m2/repository/org/apache/ant/ant-junit/1.9.16/ant-junit-1.9.16.jar:/Users/rudiwelter/.m2/repository/org/apache/ant/ant-launcher/1.9.16/ant-launcher-1.9.16.jar:/Users/rudiwelter/.m2/repository/org/apache/ant/ant-antlr/1.9.16/ant-antlr-1.9.16.jar:/Users/rudiwelter/.m2/repository/org/codehaus/groovy/groovy-cli-commons/2.5.23/groovy-cli-commons-2.5.23.jar:/Users/rudiwelter/.m2/repository/commons-cli/commons-cli/1.4/commons-cli-1.4.jar:/Users/rudiwelter/.m2/repository/org/codehaus/groovy/groovy-cli-picocli/2.5.23/groovy-cli-picocli-2.5.23.jar:/Users/rudiwelter/.m2/repository/info/picocli/picocli/4.3.2/picocli-4.3.2.jar:/Users/rudiwelter/.m2/repository/org/codehaus/groovy/groovy-console/2.5.23/groovy-console-2.5.23.jar:/Users/rudiwelter/.m2/repository/org/codehaus/groovy/groovy-datetime/2.5.23/groovy-datetime-2.5.23.jar:/Users/rudiwelter/.m2/repository/org/codehaus/groovy/groovy-docgenerator/2.5.23/groovy-docgenerator-2.5.23.jar:/Users/rudiwelter/.m2/repository/com/thoughtworks/qdox/qdox/1.12.1/qdox-1.12.1.jar:/Users/rudiwelter/.m2/repository/org/codehaus/groovy/groovy-groovydoc/2.5.23/groovy-groovydoc-2.5.23.jar:/Users/rudiwelter/.m2/repository/org/codehaus/groovy/groovy-groovysh/2.5.23/groovy-groovysh-2.5.23.jar:/Users/rudiwelter/.m2/repository/jline/jline/2.14.6/jline-2.14.6.jar:/Users/rudiwelter/.m2/repository/org/codehaus/groovy/groovy-jmx/2.5.23/groovy-jmx-2.5.23.jar:/Users/rudiwelter/.m2/repository/org/codehaus/groovy/groovy-json/2.5.23/groovy-json-2.5.23.jar:/Users/rudiwelter/.m2/repository/org/codehaus/groovy/groovy-jsr223/2.5.23/groovy-jsr223-2.5.23.jar:/Users/rudiwelter/.m2/repository/org/codehaus/groovy/groovy-macro/2.5.23/groovy-macro-2.5.23.jar:/Users/rudiwelter/.m2/repository/org/codehaus/groovy/groovy-nio/2.5.23/groovy-nio-2.5.23.jar:/Users/rudiwelter/.m2/repository/org/codehaus/groovy/groovy-servlet/2.5.23/groovy-servlet-2.5.23.jar:/Users/rudiwelter/.m2/repository/org/codehaus/groovy/groovy-sql/2.5.23/groovy-sql-2.5.23.jar:/Users/rudiwelter/.m2/repository/org/codehaus/groovy/groovy-swing/2.5.23/groovy-swing-2.5.23.jar:/Users/rudiwelter/.m2/repository/org/codehaus/groovy/groovy-templates/2.5.23/groovy-templates-2.5.23.jar:/Users/rudiwelter/.m2/repository/org/codehaus/groovy/groovy-test/2.5.23/groovy-test-2.5.23.jar:/Users/rudiwelter/.m2/repository/junit/junit/4.13.2/junit-4.13.2.jar:/Users/rudiwelter/.m2/repository/org/hamcrest/hamcrest-core/2.2/hamcrest-core-2.2.jar:/Users/rudiwelter/.m2/repository/org/codehaus/groovy/groovy-test-junit5/2.5.23/groovy-test-junit5-2.5.23.jar:/Users/rudiwelter/.m2/repository/org/junit/platform/junit-platform-launcher/1.10.3/junit-platform-launcher-1.10.3.jar:/Users/rudiwelter/.m2/repository/org/codehaus/groovy/groovy-testng/2.5.23/groovy-testng-2.5.23.jar:/Users/rudiwelter/.m2/repository/org/testng/testng/6.13.1/testng-6.13.1.jar:/Users/rudiwelter/.m2/repository/com/beust/jcommander/1.72/jcommander-1.72.jar:/Users/rudiwelter/.m2/repository/org/codehaus/groovy/groovy-xml/2.5.23/groovy-xml-2.5.23.jar:/Users/rudiwelter/.m2/repository/org/apache/httpcomponents/httpmime/4.5.14/httpmime-4.5.14.jar:/Users/rudiwelter/.m2/repository/org/apache/httpcomponents/httpclient/4.5.14/httpclient-4.5.14.jar:/Users/rudiwelter/.m2/repository/org/apache/httpcomponents/httpcore/4.4.16/httpcore-4.4.16.jar:/Users/rudiwelter/.m2/repository/commons-logging/commons-logging/1.2/commons-logging-1.2.jar:/Users/rudiwelter/.m2/repository/commons-codec/commons-codec/1.16.1/commons-codec-1.16.1.jar:/Users/rudiwelter/.m2/repository/com/h2database/h2/2.2.224/h2-2.2.224.jar:/Users/rudiwelter/.m2/repository/com/google/code/gson/gson/2.10.1/gson-2.10.1.jar:/Users/rudiwelter/.m2/repository/org/springframework/spring-test/6.1.12/spring-test-6.1.12.jar:"/>
    <property name="java.vm.vendor" value="Oracle Corporation"/>
    <property name="sun.arch.data.model" value="64"/>
    <property name="catalina.useNaming" value="false"/>
    <property name="java.vendor.url" value="https://java.oracle.com/"/>
    <property name="user.timezone" value="Europe/Brussels"/>
    <property name="org.jboss.logging.provider" value="slf4j"/>
    <property name="os.name" value="Mac OS X"/>
    <property name="java.vm.specification.version" value="20"/>
    <property name="sun.java.launcher" value="SUN_STANDARD"/>
    <property name="user.country" value="BE"/>
    <property name="sun.boot.library.path" value="/Library/Java/JavaVirtualMachines/jdk-20.jdk/Contents/Home/lib"/>
    <property name="sun.java.command" value="/Users/rudiwelter/Workdir/Tut-O-Pedia/Backend/target/surefire/surefirebooter-20241108204137211_3.jar /Users/rudiwelter/Workdir/Tut-O-Pedia/Backend/target/surefire 2024-11-08T20-41-37_082-jvmRun1 surefire-20241108204137211_1tmp surefire_0-20241108204137211_2tmp"/>
    <property name="http.nonProxyHosts" value="local|*.local|169.254/16|*.169.254/16"/>
    <property name="jdk.debug" value="release"/>
    <property name="surefire.test.class.path" value="/Users/rudiwelter/Workdir/Tut-O-Pedia/Backend/target/test-classes:/Users/rudiwelter/Workdir/Tut-O-Pedia/Backend/target/classes:/Users/rudiwelter/.m2/repository/org/springframework/boot/spring-boot-starter-actuator/3.3.3/spring-boot-starter-actuator-3.3.3.jar:/Users/rudiwelter/.m2/repository/org/springframework/boot/spring-boot-starter/3.3.3/spring-boot-starter-3.3.3.jar:/Users/rudiwelter/.m2/repository/org/springframework/boot/spring-boot-starter-logging/3.3.3/spring-boot-starter-logging-3.3.3.jar:/Users/rudiwelter/.m2/repository/ch/qos/logback/logback-classic/1.5.7/logback-classic-1.5.7.jar:/Users/rudiwelter/.m2/repository/ch/qos/logback/logback-core/1.5.7/logback-core-1.5.7.jar:/Users/rudiwelter/.m2/repository/org/apache/logging/log4j/log4j-to-slf4j/2.23.1/log4j-to-slf4j-2.23.1.jar:/Users/rudiwelter/.m2/repository/org/apache/logging/log4j/log4j-api/2.23.1/log4j-api-2.23.1.jar:/Users/rudiwelter/.m2/repository/org/slf4j/jul-to-slf4j/2.0.16/jul-to-slf4j-2.0.16.jar:/Users/rudiwelter/.m2/repository/jakarta/annotation/jakarta.annotation-api/2.1.1/jakarta.annotation-api-2.1.1.jar:/Users/rudiwelter/.m2/repository/org/springframework/boot/spring-boot-actuator-autoconfigure/3.3.3/spring-boot-actuator-autoconfigure-3.3.3.jar:/Users/rudiwelter/.m2/repository/org/springframework/boot/spring-boot-actuator/3.3.3/spring-boot-actuator-3.3.3.jar:/Users/rudiwelter/.m2/repository/com/fasterxml/jackson/core/jackson-databind/2.17.2/jackson-databind-2.17.2.jar:/Users/rudiwelter/.m2/repository/com/fasterxml/jackson/core/jackson-annotations/2.17.2/jackson-annotations-2.17.2.jar:/Users/rudiwelter/.m2/repository/com/fasterxml/jackson/core/jackson-core/2.17.2/jackson-core-2.17.2.jar:/Users/rudiwelter/.m2/repository/com/fasterxml/jackson/datatype/jackson-datatype-jsr310/2.17.2/jackson-datatype-jsr310-2.17.2.jar:/Users/rudiwelter/.m2/repository/io/micrometer/micrometer-observation/1.13.3/micrometer-observation-1.13.3.jar:/Users/rudiwelter/.m2/repository/io/micrometer/micrometer-commons/1.13.3/micrometer-commons-1.13.3.jar:/Users/rudiwelter/.m2/repository/io/micrometer/micrometer-jakarta9/1.13.3/micrometer-jakarta9-1.13.3.jar:/Users/rudiwelter/.m2/repository/io/micrometer/micrometer-core/1.13.3/micrometer-core-1.13.3.jar:/Users/rudiwelter/.m2/repository/org/hdrhistogram/HdrHistogram/2.2.2/HdrHistogram-2.2.2.jar:/Users/rudiwelter/.m2/repository/org/latencyutils/LatencyUtils/2.0.3/LatencyUtils-2.0.3.jar:/Users/rudiwelter/.m2/repository/org/springframework/boot/spring-boot-starter-data-jpa/3.3.3/spring-boot-starter-data-jpa-3.3.3.jar:/Users/rudiwelter/.m2/repository/org/springframework/boot/spring-boot-starter-aop/3.3.3/spring-boot-starter-aop-3.3.3.jar:/Users/rudiwelter/.m2/repository/org/springframework/spring-aop/6.1.12/spring-aop-6.1.12.jar:/Users/rudiwelter/.m2/repository/org/aspectj/aspectjweaver/1.9.22.1/aspectjweaver-1.9.22.1.jar:/Users/rudiwelter/.m2/repository/org/springframework/boot/spring-boot-starter-jdbc/3.3.3/spring-boot-starter-jdbc-3.3.3.jar:/Users/rudiwelter/.m2/repository/com/zaxxer/HikariCP/5.1.0/HikariCP-5.1.0.jar:/Users/rudiwelter/.m2/repository/org/springframework/spring-jdbc/6.1.12/spring-jdbc-6.1.12.jar:/Users/rudiwelter/.m2/repository/org/hibernate/orm/hibernate-core/6.5.2.Final/hibernate-core-6.5.2.Final.jar:/Users/rudiwelter/.m2/repository/jakarta/persistence/jakarta.persistence-api/3.1.0/jakarta.persistence-api-3.1.0.jar:/Users/rudiwelter/.m2/repository/jakarta/transaction/jakarta.transaction-api/2.0.1/jakarta.transaction-api-2.0.1.jar:/Users/rudiwelter/.m2/repository/org/jboss/logging/jboss-logging/3.5.3.Final/jboss-logging-3.5.3.Final.jar:/Users/rudiwelter/.m2/repository/org/hibernate/common/hibernate-commons-annotations/6.0.6.Final/hibernate-commons-annotations-6.0.6.Final.jar:/Users/rudiwelter/.m2/repository/io/smallrye/jandex/3.1.2/jandex-3.1.2.jar:/Users/rudiwelter/.m2/repository/com/fasterxml/classmate/1.7.0/classmate-1.7.0.jar:/Users/rudiwelter/.m2/repository/net/bytebuddy/byte-buddy/1.14.19/byte-buddy-1.14.19.jar:/Users/rudiwelter/.m2/repository/org/glassfish/jaxb/jaxb-runtime/4.0.5/jaxb-runtime-4.0.5.jar:/Users/rudiwelter/.m2/repository/org/glassfish/jaxb/jaxb-core/4.0.5/jaxb-core-4.0.5.jar:/Users/rudiwelter/.m2/repository/org/eclipse/angus/angus-activation/2.0.2/angus-activation-2.0.2.jar:/Users/rudiwelter/.m2/repository/org/glassfish/jaxb/txw2/4.0.5/txw2-4.0.5.jar:/Users/rudiwelter/.m2/repository/com/sun/istack/istack-commons-runtime/4.1.2/istack-commons-runtime-4.1.2.jar:/Users/rudiwelter/.m2/repository/jakarta/inject/jakarta.inject-api/2.0.1/jakarta.inject-api-2.0.1.jar:/Users/rudiwelter/.m2/repository/org/antlr/antlr4-runtime/4.13.0/antlr4-runtime-4.13.0.jar:/Users/rudiwelter/.m2/repository/org/springframework/data/spring-data-jpa/3.3.3/spring-data-jpa-3.3.3.jar:/Users/rudiwelter/.m2/repository/org/springframework/data/spring-data-commons/3.3.3/spring-data-commons-3.3.3.jar:/Users/rudiwelter/.m2/repository/org/springframework/spring-orm/6.1.12/spring-orm-6.1.12.jar:/Users/rudiwelter/.m2/repository/org/springframework/spring-context/6.1.12/spring-context-6.1.12.jar:/Users/rudiwelter/.m2/repository/org/springframework/spring-tx/6.1.12/spring-tx-6.1.12.jar:/Users/rudiwelter/.m2/repository/org/springframework/spring-beans/6.1.12/spring-beans-6.1.12.jar:/Users/rudiwelter/.m2/repository/org/slf4j/slf4j-api/2.0.16/slf4j-api-2.0.16.jar:/Users/rudiwelter/.m2/repository/org/springframework/spring-aspects/6.1.12/spring-aspects-6.1.12.jar:/Users/rudiwelter/.m2/repository/org/springframework/boot/spring-boot-starter-validation/3.3.3/spring-boot-starter-validation-3.3.3.jar:/Users/rudiwelter/.m2/repository/org/apache/tomcat/embed/tomcat-embed-el/10.1.28/tomcat-embed-el-10.1.28.jar:/Users/rudiwelter/.m2/repository/org/hibernate/validator/hibernate-validator/8.0.1.Final/hibernate-validator-8.0.1.Final.jar:/Users/rudiwelter/.m2/repository/jakarta/validation/jakarta.validation-api/3.0.2/jakarta.validation-api-3.0.2.jar:/Users/rudiwelter/.m2/repository/org/springframework/boot/spring-boot-starter-web/3.3.3/spring-boot-starter-web-3.3.3.jar:/Users/rudiwelter/.m2/repository/org/springframework/boot/spring-boot-starter-json/3.3.3/spring-boot-starter-json-3.3.3.jar:/Users/rudiwelter/.m2/repository/com/fasterxml/jackson/datatype/jackson-datatype-jdk8/2.17.2/jackson-datatype-jdk8-2.17.2.jar:/Users/rudiwelter/.m2/repository/com/fasterxml/jackson/module/jackson-module-parameter-names/2.17.2/jackson-module-parameter-names-2.17.2.jar:/Users/rudiwelter/.m2/repository/org/springframework/boot/spring-boot-starter-tomcat/3.3.3/spring-boot-starter-tomcat-3.3.3.jar:/Users/rudiwelter/.m2/repository/org/apache/tomcat/embed/tomcat-embed-core/10.1.28/tomcat-embed-core-10.1.28.jar:/Users/rudiwelter/.m2/repository/org/apache/tomcat/embed/tomcat-embed-websocket/10.1.28/tomcat-embed-websocket-10.1.28.jar:/Users/rudiwelter/.m2/repository/org/springframework/spring-web/6.1.12/spring-web-6.1.12.jar:/Users/rudiwelter/.m2/repository/org/springframework/spring-webmvc/6.1.12/spring-webmvc-6.1.12.jar:/Users/rudiwelter/.m2/repository/org/springframework/spring-expression/6.1.12/spring-expression-6.1.12.jar:/Users/rudiwelter/.m2/repository/org/springframework/boot/spring-boot-starter-websocket/3.3.3/spring-boot-starter-websocket-3.3.3.jar:/Users/rudiwelter/.m2/repository/org/springframework/spring-messaging/6.1.12/spring-messaging-6.1.12.jar:/Users/rudiwelter/.m2/repository/org/springframework/spring-websocket/6.1.12/spring-websocket-6.1.12.jar:/Users/rudiwelter/.m2/repository/org/liquibase/liquibase-core/4.27.0/liquibase-core-4.27.0.jar:/Users/rudiwelter/.m2/repository/com/opencsv/opencsv/5.9/opencsv-5.9.jar:/Users/rudiwelter/.m2/repository/org/apache/commons/commons-text/1.11.0/commons-text-1.11.0.jar:/Users/rudiwelter/.m2/repository/org/apache/commons/commons-collections4/4.4/commons-collections4-4.4.jar:/Users/rudiwelter/.m2/repository/org/yaml/snakeyaml/2.2/snakeyaml-2.2.jar:/Users/rudiwelter/.m2/repository/javax/xml/bind/jaxb-api/2.3.1/jaxb-api-2.3.1.jar:/Users/rudiwelter/.m2/repository/org/apache/commons/commons-lang3/3.14.0/commons-lang3-3.14.0.jar:/Users/rudiwelter/.m2/repository/org/springframework/boot/spring-boot-devtools/3.3.3/spring-boot-devtools-3.3.3.jar:/Users/rudiwelter/.m2/repository/org/springframework/boot/spring-boot/3.3.3/spring-boot-3.3.3.jar:/Users/rudiwelter/.m2/repository/org/springframework/boot/spring-boot-autoconfigure/3.3.3/spring-boot-autoconfigure-3.3.3.jar:/Users/rudiwelter/.m2/repository/org/postgresql/postgresql/42.7.3/postgresql-42.7.3.jar:/Users/rudiwelter/.m2/repository/org/checkerframework/checker-qual/3.42.0/checker-qual-3.42.0.jar:/Users/rudiwelter/.m2/repository/org/projectlombok/lombok/1.18.34/lombok-1.18.34.jar:/Users/rudiwelter/.m2/repository/org/springframework/boot/spring-boot-starter-test/3.3.3/spring-boot-starter-test-3.3.3.jar:/Users/rudiwelter/.m2/repository/org/springframework/boot/spring-boot-test/3.3.3/spring-boot-test-3.3.3.jar:/Users/rudiwelter/.m2/repository/org/springframework/boot/spring-boot-test-autoconfigure/3.3.3/spring-boot-test-autoconfigure-3.3.3.jar:/Users/rudiwelter/.m2/repository/com/jayway/jsonpath/json-path/2.9.0/json-path-2.9.0.jar:/Users/rudiwelter/.m2/repository/jakarta/xml/bind/jakarta.xml.bind-api/4.0.2/jakarta.xml.bind-api-4.0.2.jar:/Users/rudiwelter/.m2/repository/jakarta/activation/jakarta.activation-api/2.1.3/jakarta.activation-api-2.1.3.jar:/Users/rudiwelter/.m2/repository/net/minidev/json-smart/2.5.1/json-smart-2.5.1.jar:/Users/rudiwelter/.m2/repository/net/minidev/accessors-smart/2.5.1/accessors-smart-2.5.1.jar:/Users/rudiwelter/.m2/repository/org/ow2/asm/asm/9.6/asm-9.6.jar:/Users/rudiwelter/.m2/repository/org/assertj/assertj-core/3.25.3/assertj-core-3.25.3.jar:/Users/rudiwelter/.m2/repository/org/awaitility/awaitility/4.2.2/awaitility-4.2.2.jar:/Users/rudiwelter/.m2/repository/org/hamcrest/hamcrest/2.2/hamcrest-2.2.jar:/Users/rudiwelter/.m2/repository/org/junit/jupiter/junit-jupiter/5.10.3/junit-jupiter-5.10.3.jar:/Users/rudiwelter/.m2/repository/org/junit/jupiter/junit-jupiter-api/5.10.3/junit-jupiter-api-5.10.3.jar:/Users/rudiwelter/.m2/repository/org/junit/jupiter/junit-jupiter-params/5.10.3/junit-jupiter-params-5.10.3.jar:/Users/rudiwelter/.m2/repository/org/junit/jupiter/junit-jupiter-engine/5.10.3/junit-jupiter-engine-5.10.3.jar:/Users/rudiwelter/.m2/repository/org/mockito/mockito-core/5.11.0/mockito-core-5.11.0.jar:/Users/rudiwelter/.m2/repository/net/bytebuddy/byte-buddy-agent/1.14.19/byte-buddy-agent-1.14.19.jar:/Users/rudiwelter/.m2/repository/org/objenesis/objenesis/3.3/objenesis-3.3.jar:/Users/rudiwelter/.m2/repository/org/mockito/mockito-junit-jupiter/5.11.0/mockito-junit-jupiter-5.11.0.jar:/Users/rudiwelter/.m2/repository/org/skyscreamer/jsonassert/1.5.3/jsonassert-1.5.3.jar:/Users/rudiwelter/.m2/repository/com/vaadin/external/google/android-json/0.0.20131108.vaadin1/android-json-0.0.20131108.vaadin1.jar:/Users/rudiwelter/.m2/repository/org/springframework/spring-core/6.1.12/spring-core-6.1.12.jar:/Users/rudiwelter/.m2/repository/org/springframework/spring-jcl/6.1.12/spring-jcl-6.1.12.jar:/Users/rudiwelter/.m2/repository/org/xmlunit/xmlunit-core/2.9.1/xmlunit-core-2.9.1.jar:/Users/rudiwelter/.m2/repository/org/spockframework/spock-core/2.4-M4-groovy-4.0/spock-core-2.4-M4-groovy-4.0.jar:/Users/rudiwelter/.m2/repository/org/apache/groovy/groovy/4.0.22/groovy-4.0.22.jar:/Users/rudiwelter/.m2/repository/org/junit/platform/junit-platform-engine/1.10.3/junit-platform-engine-1.10.3.jar:/Users/rudiwelter/.m2/repository/org/opentest4j/opentest4j/1.3.0/opentest4j-1.3.0.jar:/Users/rudiwelter/.m2/repository/org/junit/platform/junit-platform-commons/1.10.3/junit-platform-commons-1.10.3.jar:/Users/rudiwelter/.m2/repository/org/apiguardian/apiguardian-api/1.1.2/apiguardian-api-1.1.2.jar:/Users/rudiwelter/.m2/repository/io/leangen/geantyref/geantyref/1.3.15/geantyref-1.3.15.jar:/Users/rudiwelter/.m2/repository/org/spockframework/spock-spring/2.4-M4-groovy-4.0/spock-spring-2.4-M4-groovy-4.0.jar:/Users/rudiwelter/.m2/repository/org/codehaus/groovy/modules/http-builder/http-builder/0.7.1/http-builder-0.7.1.jar:/Users/rudiwelter/.m2/repository/net/sf/json-lib/json-lib/2.3/json-lib-2.3-jdk15.jar:/Users/rudiwelter/.m2/repository/commons-beanutils/commons-beanutils/1.8.0/commons-beanutils-1.8.0.jar:/Users/rudiwelter/.m2/repository/commons-collections/commons-collections/3.2.1/commons-collections-3.2.1.jar:/Users/rudiwelter/.m2/repository/commons-lang/commons-lang/2.4/commons-lang-2.4.jar:/Users/rudiwelter/.m2/repository/net/sf/ezmorph/ezmorph/1.0.6/ezmorph-1.0.6.jar:/Users/rudiwelter/.m2/repository/net/sourceforge/nekohtml/nekohtml/1.9.22/nekohtml-1.9.22.jar:/Users/rudiwelter/.m2/repository/xerces/xercesImpl/2.11.0/xercesImpl-2.11.0.jar:/Users/rudiwelter/.m2/repository/xml-apis/xml-apis/1.4.01/xml-apis-1.4.01.jar:/Users/rudiwelter/.m2/repository/xml-resolver/xml-resolver/1.2/xml-resolver-1.2.jar:/Users/rudiwelter/.m2/repository/org/codehaus/groovy/groovy/2.5.23/groovy-2.5.23.jar:/Users/rudiwelter/.m2/repository/org/codehaus/groovy/groovy-ant/2.5.23/groovy-ant-2.5.23.jar:/Users/rudiwelter/.m2/repository/org/apache/ant/ant/1.9.16/ant-1.9.16.jar:/Users/rudiwelter/.m2/repository/org/apache/ant/ant-junit/1.9.16/ant-junit-1.9.16.jar:/Users/rudiwelter/.m2/repository/org/apache/ant/ant-launcher/1.9.16/ant-launcher-1.9.16.jar:/Users/rudiwelter/.m2/repository/org/apache/ant/ant-antlr/1.9.16/ant-antlr-1.9.16.jar:/Users/rudiwelter/.m2/repository/org/codehaus/groovy/groovy-cli-commons/2.5.23/groovy-cli-commons-2.5.23.jar:/Users/rudiwelter/.m2/repository/commons-cli/commons-cli/1.4/commons-cli-1.4.jar:/Users/rudiwelter/.m2/repository/org/codehaus/groovy/groovy-cli-picocli/2.5.23/groovy-cli-picocli-2.5.23.jar:/Users/rudiwelter/.m2/repository/info/picocli/picocli/4.3.2/picocli-4.3.2.jar:/Users/rudiwelter/.m2/repository/org/codehaus/groovy/groovy-console/2.5.23/groovy-console-2.5.23.jar:/Users/rudiwelter/.m2/repository/org/codehaus/groovy/groovy-datetime/2.5.23/groovy-datetime-2.5.23.jar:/Users/rudiwelter/.m2/repository/org/codehaus/groovy/groovy-docgenerator/2.5.23/groovy-docgenerator-2.5.23.jar:/Users/rudiwelter/.m2/repository/com/thoughtworks/qdox/qdox/1.12.1/qdox-1.12.1.jar:/Users/rudiwelter/.m2/repository/org/codehaus/groovy/groovy-groovydoc/2.5.23/groovy-groovydoc-2.5.23.jar:/Users/rudiwelter/.m2/repository/org/codehaus/groovy/groovy-groovysh/2.5.23/groovy-groovysh-2.5.23.jar:/Users/rudiwelter/.m2/repository/jline/jline/2.14.6/jline-2.14.6.jar:/Users/rudiwelter/.m2/repository/org/codehaus/groovy/groovy-jmx/2.5.23/groovy-jmx-2.5.23.jar:/Users/rudiwelter/.m2/repository/org/codehaus/groovy/groovy-json/2.5.23/groovy-json-2.5.23.jar:/Users/rudiwelter/.m2/repository/org/codehaus/groovy/groovy-jsr223/2.5.23/groovy-jsr223-2.5.23.jar:/Users/rudiwelter/.m2/repository/org/codehaus/groovy/groovy-macro/2.5.23/groovy-macro-2.5.23.jar:/Users/rudiwelter/.m2/repository/org/codehaus/groovy/groovy-nio/2.5.23/groovy-nio-2.5.23.jar:/Users/rudiwelter/.m2/repository/org/codehaus/groovy/groovy-servlet/2.5.23/groovy-servlet-2.5.23.jar:/Users/rudiwelter/.m2/repository/org/codehaus/groovy/groovy-sql/2.5.23/groovy-sql-2.5.23.jar:/Users/rudiwelter/.m2/repository/org/codehaus/groovy/groovy-swing/2.5.23/groovy-swing-2.5.23.jar:/Users/rudiwelter/.m2/repository/org/codehaus/groovy/groovy-templates/2.5.23/groovy-templates-2.5.23.jar:/Users/rudiwelter/.m2/repository/org/codehaus/groovy/groovy-test/2.5.23/groovy-test-2.5.23.jar:/Users/rudiwelter/.m2/repository/junit/junit/4.13.2/junit-4.13.2.jar:/Users/rudiwelter/.m2/repository/org/hamcrest/hamcrest-core/2.2/hamcrest-core-2.2.jar:/Users/rudiwelter/.m2/repository/org/codehaus/groovy/groovy-test-junit5/2.5.23/groovy-test-junit5-2.5.23.jar:/Users/rudiwelter/.m2/repository/org/junit/platform/junit-platform-launcher/1.10.3/junit-platform-launcher-1.10.3.jar:/Users/rudiwelter/.m2/repository/org/codehaus/groovy/groovy-testng/2.5.23/groovy-testng-2.5.23.jar:/Users/rudiwelter/.m2/repository/org/testng/testng/6.13.1/testng-6.13.1.jar:/Users/rudiwelter/.m2/repository/com/beust/jcommander/1.72/jcommander-1.72.jar:/Users/rudiwelter/.m2/repository/org/codehaus/groovy/groovy-xml/2.5.23/groovy-xml-2.5.23.jar:/Users/rudiwelter/.m2/repository/org/apache/httpcomponents/httpmime/4.5.14/httpmime-4.5.14.jar:/Users/rudiwelter/.m2/repository/org/apache/httpcomponents/httpclient/4.5.14/httpclient-4.5.14.jar:/Users/rudiwelter/.m2/repository/org/apache/httpcomponents/httpcore/4.4.16/httpcore-4.4.16.jar:/Users/rudiwelter/.m2/repository/commons-logging/commons-logging/1.2/commons-logging-1.2.jar:/Users/rudiwelter/.m2/repository/commons-codec/commons-codec/1.16.1/commons-codec-1.16.1.jar:/Users/rudiwelter/.m2/repository/com/h2database/h2/2.2.224/h2-2.2.224.jar:/Users/rudiwelter/.m2/repository/com/google/code/gson/gson/2.10.1/gson-2.10.1.jar:/Users/rudiwelter/.m2/repository/org/springframework/spring-test/6.1.12/spring-test-6.1.12.jar:"/>
    <property name="sun.cpu.endian" value="little"/>
    <property name="user.home" value="/Users/rudiwelter"/>
    <property name="user.language" value="en"/>
    <property name="java.specification.vendor" value="Oracle Corporation"/>
    <property name="java.version.date" value="2023-03-21"/>
    <property name="java.home" value="/Library/Java/JavaVirtualMachines/jdk-20.jdk/Contents/Home"/>
    <property name="file.separator" value="/"/>
    <property name="basedir" value="/Users/rudiwelter/Workdir/Tut-O-Pedia/Backend"/>
    <property name="java.vm.compressedOopsMode" value="Zero based"/>
    <property name="line.separator" value="&#10;"/>
    <property name="java.vm.specification.vendor" value="Oracle Corporation"/>
    <property name="java.specification.name" value="Java Platform API Specification"/>
    <property name="FILE_LOG_CHARSET" value="UTF-8"/>
    <property name="java.awt.headless" value="true"/>
    <property name="apple.awt.application.name" value="ForkedBooter"/>
    <property name="surefire.real.class.path" value="/Users/rudiwelter/Workdir/Tut-O-Pedia/Backend/target/surefire/surefirebooter-20241108204137211_3.jar"/>
    <property name="sun.management.compiler" value="HotSpot 64-Bit Tiered Compilers"/>
    <property name="ftp.nonProxyHosts" value="local|*.local|169.254/16|*.169.254/16"/>
    <property name="java.runtime.version" value="20+36-2344"/>
    <property name="user.name" value="rudiwelter"/>
    <property name="stdout.encoding" value="UTF-8"/>
    <property name="path.separator" value=":"/>
    <property name="os.version" value="12.7.6"/>
    <property name="java.runtime.name" value="Java(TM) SE Runtime Environment"/>
    <property name="file.encoding" value="UTF-8"/>
    <property name="java.vm.name" value="Java HotSpot(TM) 64-Bit Server VM"/>
    <property name="localRepository" value="/Users/rudiwelter/.m2/repository"/>
    <property name="java.vendor.url.bug" value="https://bugreport.java.com/bugreport/"/>
    <property name="java.io.tmpdir" value="/var/folders/k7/7nsc1qy952z78rzmln2k60fr0000gn/T/"/>
    <property name="catalina.home" value="/private/var/folders/k7/7nsc1qy952z78rzmln2k60fr0000gn/T/tomcat.8081.7771504635893034835"/>
    <property name="com.zaxxer.hikari.pool_number" value="1"/>
    <property name="java.version" value="20"/>
    <property name="user.dir" value="/Users/rudiwelter/Workdir/Tut-O-Pedia/Backend"/>
    <property name="os.arch" value="x86_64"/>
    <property name="java.vm.specification.name" value="Java Virtual Machine Specification"/>
    <property name="PID" value="28082"/>
    <property name="CONSOLE_LOG_CHARSET" value="UTF-8"/>
    <property name="catalina.base" value="/private/var/folders/k7/7nsc1qy952z78rzmln2k60fr0000gn/T/tomcat.8082.14264645167037823934"/>
    <property name="native.encoding" value="UTF-8"/>
    <property name="java.library.path" value="/Users/rudiwelter/Library/Java/Extensions:/Library/Java/Extensions:/Network/Library/Java/Extensions:/System/Library/Java/Extensions:/usr/lib/java:."/>
    <property name="java.vm.info" value="mixed mode, sharing"/>
    <property name="stderr.encoding" value="UTF-8"/>
    <property name="java.vendor" value="Oracle Corporation"/>
    <property name="java.vm.version" value="20+36-2344"/>
    <property name="sun.io.unicode.encoding" value="UnicodeBig"/>
    <property name="socksNonProxyHosts" value="local|*.local|169.254/16|*.169.254/16"/>
    <property name="java.class.version" value="64.0"/>
    <property name="LOGGED_APPLICATION_NAME" value="[Tut-O-Pedia Backend] "/>
  </properties>
  <testcase name="when find all buckets then OK" classname="com.tutopedia.backend.controllers.BucketControllerSpec" time="0.0">
    <skipped message="Ignored via @Ignore"/>
    <system-out><![CDATA[20:41:37.939 [main] INFO org.springframework.test.context.support.AnnotationConfigContextLoaderUtils -- Could not detect default configuration classes for test class [com.tutopedia.backend.BackendApplicationSpec]: BackendApplicationSpec does not declare any static, non-private, non-final, nested classes annotated with @Configuration.
20:41:38.043 [main] INFO org.springframework.boot.test.context.SpringBootTestContextBootstrapper -- Found @SpringBootConfiguration com.tutopedia.backend.BackendApplication for test class com.tutopedia.backend.BackendApplicationSpec
]]></system-out>
  </testcase>
  <testcase name="create 1 bucket, when find all buckets then should retrieve that one" classname="com.tutopedia.backend.controllers.BucketControllerSpec" time="0.0">
    <skipped message="Ignored via @Ignore"/>
  </testcase>
  <testcase name="delete all buckets, when find all buckets then should retrieve none" classname="com.tutopedia.backend.controllers.BucketControllerSpec" time="0.0">
    <skipped message="Ignored via @Ignore"/>
  </testcase>
  <testcase name="when find default bucket then OK" classname="com.tutopedia.backend.controllers.BucketControllerSpec" time="0.0">
    <skipped message="Ignored via @Ignore"/>
  </testcase>
  <testcase name="when find default bucket then should be selected" classname="com.tutopedia.backend.controllers.BucketControllerSpec" time="0.0">
    <skipped message="Ignored via @Ignore"/>
  </testcase>
  <testcase name="when find default bucket then should none present when not created" classname="com.tutopedia.backend.controllers.BucketControllerSpec" time="0.0">
    <skipped message="Ignored via @Ignore"/>
  </testcase>
  <testcase name="when create bucket then CREATED" classname="com.tutopedia.backend.controllers.BucketControllerSpec" time="0.0">
    <skipped message="Ignored via @Ignore"/>
  </testcase>
  <testcase name="when delete bucket by id then bucket removed" classname="com.tutopedia.backend.controllers.BucketControllerSpec" time="0.0">
    <skipped message="Ignored via @Ignore"/>
  </testcase>
  <testcase name="when update default bucket then SC_OK" classname="com.tutopedia.backend.controllers.BucketControllerSpec" time="0.0">
    <skipped message="Ignored via @Ignore"/>
  </testcase>
  <testcase name="when update default bucket then SC_NOT_FOUND" classname="com.tutopedia.backend.controllers.BucketControllerSpec" time="0.0">
    <skipped message="Ignored via @Ignore"/>
  </testcase>
  <testcase name="when update default bucket then old default bucket is not default, new bucket is default" classname="com.tutopedia.backend.controllers.BucketControllerSpec" time="10.138">
    <system-out><![CDATA[20:41:38.652 [main] INFO org.springframework.boot.devtools.restart.RestartApplicationListener -- Restart disabled due to context in which it is running
 ___                  ___                                                               ___                 
(   )                (   )                                                             (   )  .-.           
 | |_      ___  ___   | |_                   .--.                  .-..     .--.     .-.| |  ( __)   .---.  
(   __)   (   )(   ) (   __)                /    \                /    \   /    \   /   \ |  (''")  / .-, \ 
 | |       | |  | |   | |        .------.  |  .-. ;   .------.   ' .-,  ; |  .-. ; |  .-. |   | |  (__) ; | 
 | | ___   | |  | |   | | ___   (________) | |  | |  (________)  | |  . | |  | | | | |  | |   | |    .'`  | 
 | |(   )  | |  | |   | |(   )             | |  | |              | |  | | |  |/  | | |  | |   | |   / .'| | 
 | | | |   | |  | |   | | | |              | |  | |              | |  | | |  ' _.' | |  | |   | |  | /  | | 
 | ' | |   | |  ; '   | ' | |              | '  | |              | |  ' | |  .'.-. | '  | |   | |  ; |  ; | 
 ' `-' ;   ' `-'  /   ' `-' ;              '  `-' /              | `-'  ' '  `-' / ' `-'  /   | |  ' `-'  | 
  `.__.     '.__.'     `.__.                `.__.'               | \__.'   `.__.'   `.__,'   (___) `.__.'_. 
                                                                 | |                                        
                                                                (___)                                       
2024-11-08T20:41:38.931+01:00  INFO 28082 --- [Tut-O-Pedia Backend] [           main] c.t.b.controllers.BucketControllerSpec   : Starting BucketControllerSpec using Java 20 with PID 28082 (started by rudiwelter in /Users/rudiwelter/Workdir/Tut-O-Pedia/Backend)
2024-11-08T20:41:38.937+01:00  INFO 28082 --- [Tut-O-Pedia Backend] [           main] c.t.b.controllers.BucketControllerSpec   : No active profile set, falling back to 1 default profile: "default"
2024-11-08T20:41:39.922+01:00  INFO 28082 --- [Tut-O-Pedia Backend] [           main] .s.d.r.c.RepositoryConfigurationDelegate : Bootstrapping Spring Data JPA repositories in DEFAULT mode.
2024-11-08T20:41:39.997+01:00  INFO 28082 --- [Tut-O-Pedia Backend] [           main] .s.d.r.c.RepositoryConfigurationDelegate : Finished Spring Data repository scanning in 65 ms. Found 3 JPA repository interfaces.
2024-11-08T20:41:40.743+01:00  INFO 28082 --- [Tut-O-Pedia Backend] [           main] o.s.b.w.embedded.tomcat.TomcatWebServer  : Tomcat initialized with port 8081 (http)
2024-11-08T20:41:40.756+01:00  INFO 28082 --- [Tut-O-Pedia Backend] [           main] o.apache.catalina.core.StandardService   : Starting service [Tomcat]
2024-11-08T20:41:40.757+01:00  INFO 28082 --- [Tut-O-Pedia Backend] [           main] o.apache.catalina.core.StandardEngine    : Starting Servlet engine: [Apache Tomcat/10.1.28]
2024-11-08T20:41:40.808+01:00  INFO 28082 --- [Tut-O-Pedia Backend] [           main] o.a.c.c.C.[Tomcat].[localhost].[/]       : Initializing Spring embedded WebApplicationContext
2024-11-08T20:41:40.809+01:00  INFO 28082 --- [Tut-O-Pedia Backend] [           main] w.s.c.ServletWebServerApplicationContext : Root WebApplicationContext: initialization completed in 1834 ms
2024-11-08T20:41:40.977+01:00  INFO 28082 --- [Tut-O-Pedia Backend] [           main] com.zaxxer.hikari.HikariDataSource       : HikariPool-1 - Starting...
2024-11-08T20:41:41.206+01:00  INFO 28082 --- [Tut-O-Pedia Backend] [           main] com.zaxxer.hikari.pool.HikariPool        : HikariPool-1 - Added connection conn0: url=jdbc:h2:mem:ruwedb user=SA
2024-11-08T20:41:41.208+01:00  INFO 28082 --- [Tut-O-Pedia Backend] [           main] com.zaxxer.hikari.HikariDataSource       : HikariPool-1 - Start completed.
2024-11-08T20:41:41.221+01:00  INFO 28082 --- [Tut-O-Pedia Backend] [           main] o.s.b.a.h2.H2ConsoleAutoConfiguration    : H2 console available at '/h2-console'. Database available at 'jdbc:h2:mem:ruwedb'
2024-11-08T20:41:41.904+01:00  INFO 28082 --- [Tut-O-Pedia Backend] [           main] liquibase.changelog                      : Reading resource: db/changelog-test/db.changelog-test-1.sql
2024-11-08T20:41:41.917+01:00  INFO 28082 --- [Tut-O-Pedia Backend] [           main] liquibase.changelog                      : Reading resource: db/changelog-test/db.changelog-test-2.sql
2024-11-08T20:41:41.919+01:00  INFO 28082 --- [Tut-O-Pedia Backend] [           main] liquibase.changelog                      : Reading resource: db/changelog-test/db.changelog-test-3.sql
2024-11-08T20:41:41.921+01:00  INFO 28082 --- [Tut-O-Pedia Backend] [           main] liquibase.changelog                      : Reading resource: db/changelog-test/db.changelog-test-4.sql
2024-11-08T20:41:41.923+01:00  INFO 28082 --- [Tut-O-Pedia Backend] [           main] liquibase.changelog                      : Reading resource: db/changelog-test/db.changelog-test-5.sql
2024-11-08T20:41:41.925+01:00  INFO 28082 --- [Tut-O-Pedia Backend] [           main] liquibase.changelog                      : Reading resource: db/changelog-test/db.changelog-test-6.sql
2024-11-08T20:41:41.927+01:00  INFO 28082 --- [Tut-O-Pedia Backend] [           main] liquibase.changelog                      : Reading resource: db/changelog-test/db.changelog-test-7.sql
2024-11-08T20:41:41.973+01:00  INFO 28082 --- [Tut-O-Pedia Backend] [           main] liquibase.changelog                      : Creating database history table with name: PUBLIC.DATABASECHANGELOG
2024-11-08T20:41:42.080+01:00  INFO 28082 --- [Tut-O-Pedia Backend] [           main] liquibase.changelog                      : Reading from PUBLIC.DATABASECHANGELOG
2024-11-08T20:41:42.140+01:00  INFO 28082 --- [Tut-O-Pedia Backend] [           main] liquibase.lockservice                    : Successfully acquired change log lock
2024-11-08T20:41:42.141+01:00  INFO 28082 --- [Tut-O-Pedia Backend] [           main] liquibase.command                        : Using deploymentId: 1094902141
2024-11-08T20:41:42.143+01:00  INFO 28082 --- [Tut-O-Pedia Backend] [           main] liquibase.changelog                      : Reading from PUBLIC.DATABASECHANGELOG
2024-11-08T20:41:42.374+01:00  INFO 28082 --- [Tut-O-Pedia Backend] [           main] liquibase.ui                             : Running Changeset: db/changelog-test/db.changelog-test-1.sql::raw::includeAll
2024-11-08T20:41:42.386+01:00  INFO 28082 --- [Tut-O-Pedia Backend] [           main] liquibase.changelog                      : Custom SQL executed
2024-11-08T20:41:42.388+01:00  INFO 28082 --- [Tut-O-Pedia Backend] [           main] liquibase.changelog                      : ChangeSet db/changelog-test/db.changelog-test-1.sql::raw::includeAll ran successfully in 12ms
2024-11-08T20:41:42.393+01:00  INFO 28082 --- [Tut-O-Pedia Backend] [           main] liquibase.ui                             : Running Changeset: db/changelog-test/db.changelog-test-2.sql::raw::includeAll
2024-11-08T20:41:42.397+01:00  INFO 28082 --- [Tut-O-Pedia Backend] [           main] liquibase.changelog                      : Custom SQL executed
2024-11-08T20:41:42.397+01:00  INFO 28082 --- [Tut-O-Pedia Backend] [           main] liquibase.changelog                      : ChangeSet db/changelog-test/db.changelog-test-2.sql::raw::includeAll ran successfully in 3ms
2024-11-08T20:41:42.399+01:00  INFO 28082 --- [Tut-O-Pedia Backend] [           main] liquibase.ui                             : Running Changeset: db/changelog-test/db.changelog-test-3.sql::raw::includeAll
2024-11-08T20:41:42.402+01:00  INFO 28082 --- [Tut-O-Pedia Backend] [           main] liquibase.changelog                      : Custom SQL executed
2024-11-08T20:41:42.402+01:00  INFO 28082 --- [Tut-O-Pedia Backend] [           main] liquibase.changelog                      : ChangeSet db/changelog-test/db.changelog-test-3.sql::raw::includeAll ran successfully in 3ms
2024-11-08T20:41:42.404+01:00  INFO 28082 --- [Tut-O-Pedia Backend] [           main] liquibase.ui                             : Running Changeset: db/changelog-test/db.changelog-test-4.sql::raw::includeAll
2024-11-08T20:41:42.406+01:00  INFO 28082 --- [Tut-O-Pedia Backend] [           main] liquibase.changelog                      : Custom SQL executed
2024-11-08T20:41:42.407+01:00  INFO 28082 --- [Tut-O-Pedia Backend] [           main] liquibase.changelog                      : ChangeSet db/changelog-test/db.changelog-test-4.sql::raw::includeAll ran successfully in 2ms
2024-11-08T20:41:42.409+01:00  INFO 28082 --- [Tut-O-Pedia Backend] [           main] liquibase.ui                             : Running Changeset: db/changelog-test/db.changelog-test-5.sql::raw::includeAll
2024-11-08T20:41:42.412+01:00  INFO 28082 --- [Tut-O-Pedia Backend] [           main] liquibase.changelog                      : Custom SQL executed
2024-11-08T20:41:42.412+01:00  INFO 28082 --- [Tut-O-Pedia Backend] [           main] liquibase.changelog                      : ChangeSet db/changelog-test/db.changelog-test-5.sql::raw::includeAll ran successfully in 3ms
2024-11-08T20:41:42.414+01:00  INFO 28082 --- [Tut-O-Pedia Backend] [           main] liquibase.ui                             : Running Changeset: db/changelog-test/db.changelog-test-6.sql::raw::includeAll
2024-11-08T20:41:42.416+01:00  INFO 28082 --- [Tut-O-Pedia Backend] [           main] liquibase.changelog                      : Custom SQL executed
2024-11-08T20:41:42.416+01:00  INFO 28082 --- [Tut-O-Pedia Backend] [           main] liquibase.changelog                      : ChangeSet db/changelog-test/db.changelog-test-6.sql::raw::includeAll ran successfully in 2ms
2024-11-08T20:41:42.418+01:00  INFO 28082 --- [Tut-O-Pedia Backend] [           main] liquibase.ui                             : Running Changeset: db/changelog-test/db.changelog-test-7.sql::raw::includeAll
2024-11-08T20:41:42.424+01:00  INFO 28082 --- [Tut-O-Pedia Backend] [           main] liquibase.changelog                      : Custom SQL executed
2024-11-08T20:41:42.424+01:00  INFO 28082 --- [Tut-O-Pedia Backend] [           main] liquibase.changelog                      : ChangeSet db/changelog-test/db.changelog-test-7.sql::raw::includeAll ran successfully in 6ms
2024-11-08T20:41:42.427+01:00  INFO 28082 --- [Tut-O-Pedia Backend] [           main] liquibase.ui                             : Running Changeset: db/db.changelog-master-test.xml::loadUpdateDataTutorials::rudi.welter
2024-11-08T20:41:42.472+01:00  INFO 28082 --- [Tut-O-Pedia Backend] [           main] liquibase.changelog                      : Data loaded from 'tutorials.csv' into table 'tutorial'
2024-11-08T20:41:42.472+01:00  INFO 28082 --- [Tut-O-Pedia Backend] [           main] liquibase.changelog                      : ChangeSet db/db.changelog-master-test.xml::loadUpdateDataTutorials::rudi.welter ran successfully in 45ms
2024-11-08T20:41:42.666+01:00  INFO 28082 --- [Tut-O-Pedia Backend] [           main] liquibase.ui                             : Running Changeset: db/db.changelog-master-test.xml::loadUpdateDataFiles::rudi.welter
2024-11-08T20:41:42.860+01:00  INFO 28082 --- [Tut-O-Pedia Backend] [           main] liquibase.changelog                      : Data loaded from 'files.csv' into table 'file'
2024-11-08T20:41:42.861+01:00  INFO 28082 --- [Tut-O-Pedia Backend] [           main] liquibase.changelog                      : ChangeSet db/db.changelog-master-test.xml::loadUpdateDataFiles::rudi.welter ran successfully in 194ms
2024-11-08T20:41:42.868+01:00  INFO 28082 --- [Tut-O-Pedia Backend] [           main] liquibase.util                           : UPDATE SUMMARY
2024-11-08T20:41:42.868+01:00  INFO 28082 --- [Tut-O-Pedia Backend] [           main] liquibase.util                           : Run:                          9
2024-11-08T20:41:42.868+01:00  INFO 28082 --- [Tut-O-Pedia Backend] [           main] liquibase.util                           : Previously run:               0
2024-11-08T20:41:42.868+01:00  INFO 28082 --- [Tut-O-Pedia Backend] [           main] liquibase.util                           : Filtered out:                 0
2024-11-08T20:41:42.868+01:00  INFO 28082 --- [Tut-O-Pedia Backend] [           main] liquibase.util                           : -------------------------------
2024-11-08T20:41:42.868+01:00  INFO 28082 --- [Tut-O-Pedia Backend] [           main] liquibase.util                           : Total change sets:            9
2024-11-08T20:41:42.869+01:00  INFO 28082 --- [Tut-O-Pedia Backend] [           main] liquibase.util                           : Update summary generated
2024-11-08T20:41:42.871+01:00  INFO 28082 --- [Tut-O-Pedia Backend] [           main] liquibase.command                        : Update command completed successfully.
2024-11-08T20:41:42.871+01:00  INFO 28082 --- [Tut-O-Pedia Backend] [           main] liquibase.ui                             : Liquibase: Update has been successful. Rows affected: 41
2024-11-08T20:41:42.873+01:00  INFO 28082 --- [Tut-O-Pedia Backend] [           main] liquibase.lockservice                    : Successfully released change log lock
2024-11-08T20:41:42.874+01:00  INFO 28082 --- [Tut-O-Pedia Backend] [           main] liquibase.command                        : Command execution complete
2024-11-08T20:41:42.980+01:00  INFO 28082 --- [Tut-O-Pedia Backend] [           main] o.hibernate.jpa.internal.util.LogHelper  : HHH000204: Processing PersistenceUnitInfo [name: default]
2024-11-08T20:41:43.047+01:00  INFO 28082 --- [Tut-O-Pedia Backend] [           main] org.hibernate.Version                    : HHH000412: Hibernate ORM core version 6.5.2.Final
2024-11-08T20:41:43.088+01:00  INFO 28082 --- [Tut-O-Pedia Backend] [           main] o.h.c.internal.RegionFactoryInitiator    : HHH000026: Second-level cache disabled
2024-11-08T20:41:43.391+01:00  INFO 28082 --- [Tut-O-Pedia Backend] [           main] o.s.o.j.p.SpringPersistenceUnitInfo      : No LoadTimeWeaver setup: ignoring JPA class transformer
2024-11-08T20:41:43.440+01:00  WARN 28082 --- [Tut-O-Pedia Backend] [           main] org.hibernate.dialect.Dialect            : HHH000511: The 2.2.224 version for [org.hibernate.dialect.PostgreSQLDialect] is no longer supported, hence certain features may not work properly. The minimum supported version is 12.0.0. Check the community dialects project for available legacy versions.
2024-11-08T20:41:43.446+01:00  WARN 28082 --- [Tut-O-Pedia Backend] [           main] org.hibernate.orm.deprecation            : HHH90000025: PostgreSQLDialect does not need to be specified explicitly using 'hibernate.dialect' (remove the property setting and it will be selected by default)
2024-11-08T20:41:44.338+01:00  INFO 28082 --- [Tut-O-Pedia Backend] [           main] o.h.e.t.j.p.i.JtaPlatformInitiator       : HHH000489: No JTA platform available (set 'hibernate.transaction.jta.platform' to enable JTA platform integration)
2024-11-08T20:41:44.370+01:00  INFO 28082 --- [Tut-O-Pedia Backend] [           main] j.LocalContainerEntityManagerFactoryBean : Initialized JPA EntityManagerFactory for persistence unit 'default'
2024-11-08T20:41:44.652+01:00  INFO 28082 --- [Tut-O-Pedia Backend] [           main] o.s.d.j.r.query.QueryEnhancerFactory     : Hibernate is in classpath; If applicable, HQL parser will be used.
2024-11-08T20:41:45.162+01:00  WARN 28082 --- [Tut-O-Pedia Backend] [           main] JpaBaseConfiguration$JpaWebConfiguration : spring.jpa.open-in-view is enabled by default. Therefore, database queries may be performed during view rendering. Explicitly configure spring.jpa.open-in-view to disable this warning
2024-11-08T20:41:46.056+01:00  WARN 28082 --- [Tut-O-Pedia Backend] [           main] .b.a.g.t.GroovyTemplateAutoConfiguration : Cannot find template location: classpath:/templates/ (please add some templates, check your Groovy configuration, or set spring.groovy.template.check-template-location=false)
2024-11-08T20:41:46.376+01:00  INFO 28082 --- [Tut-O-Pedia Backend] [           main] o.s.b.w.embedded.tomcat.TomcatWebServer  : Tomcat started on port 8081 (http) with context path '/'
2024-11-08T20:41:46.447+01:00  INFO 28082 --- [Tut-O-Pedia Backend] [           main] o.s.b.w.embedded.tomcat.TomcatWebServer  : Tomcat initialized with port 8082 (http)
2024-11-08T20:41:46.448+01:00  INFO 28082 --- [Tut-O-Pedia Backend] [           main] o.apache.catalina.core.StandardService   : Starting service [Tomcat]
2024-11-08T20:41:46.448+01:00  INFO 28082 --- [Tut-O-Pedia Backend] [           main] o.apache.catalina.core.StandardEngine    : Starting Servlet engine: [Apache Tomcat/10.1.28]
2024-11-08T20:41:46.467+01:00  INFO 28082 --- [Tut-O-Pedia Backend] [           main] o.a.c.c.C.[Tomcat-1].[localhost].[/]     : Initializing Spring embedded WebApplicationContext
2024-11-08T20:41:46.467+01:00  INFO 28082 --- [Tut-O-Pedia Backend] [           main] w.s.c.ServletWebServerApplicationContext : Root WebApplicationContext: initialization completed in 87 ms
2024-11-08T20:41:46.485+01:00  INFO 28082 --- [Tut-O-Pedia Backend] [           main] o.s.b.a.e.web.EndpointLinksResolver      : Exposing 15 endpoints beneath base path '/actuator'
2024-11-08T20:41:46.541+01:00  INFO 28082 --- [Tut-O-Pedia Backend] [           main] o.s.b.w.embedded.tomcat.TomcatWebServer  : Tomcat started on port 8082 (http) with context path '/'
2024-11-08T20:41:46.560+01:00  INFO 28082 --- [Tut-O-Pedia Backend] [           main] c.t.b.controllers.BucketControllerSpec   : Started BucketControllerSpec in 7.923 seconds (process running for 9.256)
2024-11-08T20:41:46.658+01:00  INFO 28082 --- [Tut-O-Pedia Backend] [           main] liquibase.ui                             : INFO: The drop-all command may result in unrecoverable destructive changes to objects at 'jdbc:h2:mem:ruwedb'.
To protect against unwanted drops, set --requireForce=true, which will require a --force=true flag on the command.
Learn more at https://docs.liquibase.com/dropall.

2024-11-08T20:41:46.663+01:00  INFO 28082 --- [Tut-O-Pedia Backend] [           main] liquibase.lockservice                    : Successfully acquired change log lock
2024-11-08T20:41:46.664+01:00  INFO 28082 --- [Tut-O-Pedia Backend] [           main] liquibase.command                        : Dropping Database Objects in schema: RUWEDB.PUBLIC
2024-11-08T20:41:46.670+01:00  INFO 28082 --- [Tut-O-Pedia Backend] [           main] liquibase.snapshot                       : Creating snapshot
2024-11-08T20:41:46.763+01:00  INFO 28082 --- [Tut-O-Pedia Backend] [           main] liquibase.database                       : Successfully deleted all supported object types in schema RUWEDB.PUBLIC.
2024-11-08T20:41:46.764+01:00  WARN 28082 --- [Tut-O-Pedia Backend] [           main] liquibase.lockservice                    : Failed to release change log lock
2024-11-08T20:41:46.765+01:00  INFO 28082 --- [Tut-O-Pedia Backend] [           main] liquibase.ui                             : All objects dropped from SA@jdbc:h2:mem:ruwedb
2024-11-08T20:41:46.765+01:00  INFO 28082 --- [Tut-O-Pedia Backend] [           main] liquibase.command                        : Command execution complete
2024-11-08T20:41:46.802+01:00  INFO 28082 --- [Tut-O-Pedia Backend] [           main] liquibase.changelog                      : Reading resource: db/changelog-test/db.changelog-test-1.sql
2024-11-08T20:41:46.803+01:00  INFO 28082 --- [Tut-O-Pedia Backend] [           main] liquibase.changelog                      : Reading resource: db/changelog-test/db.changelog-test-2.sql
2024-11-08T20:41:46.804+01:00  INFO 28082 --- [Tut-O-Pedia Backend] [           main] liquibase.changelog                      : Reading resource: db/changelog-test/db.changelog-test-3.sql
2024-11-08T20:41:46.806+01:00  INFO 28082 --- [Tut-O-Pedia Backend] [           main] liquibase.changelog                      : Reading resource: db/changelog-test/db.changelog-test-4.sql
2024-11-08T20:41:46.808+01:00  INFO 28082 --- [Tut-O-Pedia Backend] [           main] liquibase.changelog                      : Reading resource: db/changelog-test/db.changelog-test-5.sql
2024-11-08T20:41:46.810+01:00  INFO 28082 --- [Tut-O-Pedia Backend] [           main] liquibase.changelog                      : Reading resource: db/changelog-test/db.changelog-test-6.sql
2024-11-08T20:41:46.813+01:00  INFO 28082 --- [Tut-O-Pedia Backend] [           main] liquibase.changelog                      : Reading resource: db/changelog-test/db.changelog-test-7.sql
2024-11-08T20:41:46.817+01:00  INFO 28082 --- [Tut-O-Pedia Backend] [           main] liquibase.changelog                      : Creating database history table with name: PUBLIC.DATABASECHANGELOG
2024-11-08T20:41:46.821+01:00  INFO 28082 --- [Tut-O-Pedia Backend] [           main] liquibase.changelog                      : Reading from PUBLIC.DATABASECHANGELOG
2024-11-08T20:41:46.840+01:00  INFO 28082 --- [Tut-O-Pedia Backend] [           main] liquibase.lockservice                    : Successfully acquired change log lock
2024-11-08T20:41:46.841+01:00  INFO 28082 --- [Tut-O-Pedia Backend] [           main] liquibase.command                        : Using deploymentId: 1094906841
2024-11-08T20:41:46.842+01:00  INFO 28082 --- [Tut-O-Pedia Backend] [           main] liquibase.changelog                      : Reading from PUBLIC.DATABASECHANGELOG
2024-11-08T20:41:46.931+01:00  INFO 28082 --- [Tut-O-Pedia Backend] [           main] liquibase.ui                             : Running Changeset: db/changelog-test/db.changelog-test-1.sql::raw::includeAll
2024-11-08T20:41:46.934+01:00  INFO 28082 --- [Tut-O-Pedia Backend] [           main] liquibase.changelog                      : Custom SQL executed
2024-11-08T20:41:46.935+01:00  INFO 28082 --- [Tut-O-Pedia Backend] [           main] liquibase.changelog                      : ChangeSet db/changelog-test/db.changelog-test-1.sql::raw::includeAll ran successfully in 4ms
2024-11-08T20:41:46.937+01:00  INFO 28082 --- [Tut-O-Pedia Backend] [           main] liquibase.ui                             : Running Changeset: db/changelog-test/db.changelog-test-2.sql::raw::includeAll
2024-11-08T20:41:46.939+01:00  INFO 28082 --- [Tut-O-Pedia Backend] [           main] liquibase.changelog                      : Custom SQL executed
2024-11-08T20:41:46.940+01:00  INFO 28082 --- [Tut-O-Pedia Backend] [           main] liquibase.changelog                      : ChangeSet db/changelog-test/db.changelog-test-2.sql::raw::includeAll ran successfully in 3ms
2024-11-08T20:41:46.943+01:00  INFO 28082 --- [Tut-O-Pedia Backend] [           main] liquibase.ui                             : Running Changeset: db/changelog-test/db.changelog-test-3.sql::raw::includeAll
2024-11-08T20:41:46.946+01:00  INFO 28082 --- [Tut-O-Pedia Backend] [           main] liquibase.changelog                      : Custom SQL executed
2024-11-08T20:41:46.947+01:00  INFO 28082 --- [Tut-O-Pedia Backend] [           main] liquibase.changelog                      : ChangeSet db/changelog-test/db.changelog-test-3.sql::raw::includeAll ran successfully in 4ms
2024-11-08T20:41:46.950+01:00  INFO 28082 --- [Tut-O-Pedia Backend] [           main] liquibase.ui                             : Running Changeset: db/changelog-test/db.changelog-test-4.sql::raw::includeAll
2024-11-08T20:41:46.953+01:00  INFO 28082 --- [Tut-O-Pedia Backend] [           main] liquibase.changelog                      : Custom SQL executed
2024-11-08T20:41:46.954+01:00  INFO 28082 --- [Tut-O-Pedia Backend] [           main] liquibase.changelog                      : ChangeSet db/changelog-test/db.changelog-test-4.sql::raw::includeAll ran successfully in 4ms
2024-11-08T20:41:46.956+01:00  INFO 28082 --- [Tut-O-Pedia Backend] [           main] liquibase.ui                             : Running Changeset: db/changelog-test/db.changelog-test-5.sql::raw::includeAll
2024-11-08T20:41:46.959+01:00  INFO 28082 --- [Tut-O-Pedia Backend] [           main] liquibase.changelog                      : Custom SQL executed
2024-11-08T20:41:46.959+01:00  INFO 28082 --- [Tut-O-Pedia Backend] [           main] liquibase.changelog                      : ChangeSet db/changelog-test/db.changelog-test-5.sql::raw::includeAll ran successfully in 3ms
2024-11-08T20:41:46.961+01:00  INFO 28082 --- [Tut-O-Pedia Backend] [           main] liquibase.ui                             : Running Changeset: db/changelog-test/db.changelog-test-6.sql::raw::includeAll
2024-11-08T20:41:46.962+01:00  INFO 28082 --- [Tut-O-Pedia Backend] [           main] liquibase.changelog                      : Custom SQL executed
2024-11-08T20:41:46.962+01:00  INFO 28082 --- [Tut-O-Pedia Backend] [           main] liquibase.changelog                      : ChangeSet db/changelog-test/db.changelog-test-6.sql::raw::includeAll ran successfully in 1ms
2024-11-08T20:41:46.964+01:00  INFO 28082 --- [Tut-O-Pedia Backend] [           main] liquibase.ui                             : Running Changeset: db/changelog-test/db.changelog-test-7.sql::raw::includeAll
2024-11-08T20:41:46.967+01:00  INFO 28082 --- [Tut-O-Pedia Backend] [           main] liquibase.changelog                      : Custom SQL executed
2024-11-08T20:41:46.968+01:00  INFO 28082 --- [Tut-O-Pedia Backend] [           main] liquibase.changelog                      : ChangeSet db/changelog-test/db.changelog-test-7.sql::raw::includeAll ran successfully in 3ms
2024-11-08T20:41:46.970+01:00  INFO 28082 --- [Tut-O-Pedia Backend] [           main] liquibase.ui                             : Running Changeset: db/db.changelog-master-test.xml::loadUpdateDataTutorials::rudi.welter
2024-11-08T20:41:46.991+01:00  INFO 28082 --- [Tut-O-Pedia Backend] [           main] liquibase.changelog                      : Data loaded from 'tutorials.csv' into table 'tutorial'
2024-11-08T20:41:46.991+01:00  INFO 28082 --- [Tut-O-Pedia Backend] [           main] liquibase.changelog                      : ChangeSet db/db.changelog-master-test.xml::loadUpdateDataTutorials::rudi.welter ran successfully in 21ms
2024-11-08T20:41:47.086+01:00  INFO 28082 --- [Tut-O-Pedia Backend] [           main] liquibase.ui                             : Running Changeset: db/db.changelog-master-test.xml::loadUpdateDataFiles::rudi.welter
2024-11-08T20:41:47.263+01:00  INFO 28082 --- [Tut-O-Pedia Backend] [           main] liquibase.changelog                      : Data loaded from 'files.csv' into table 'file'
2024-11-08T20:41:47.264+01:00  INFO 28082 --- [Tut-O-Pedia Backend] [           main] liquibase.changelog                      : ChangeSet db/db.changelog-master-test.xml::loadUpdateDataFiles::rudi.welter ran successfully in 177ms
2024-11-08T20:41:47.265+01:00  INFO 28082 --- [Tut-O-Pedia Backend] [           main] liquibase.util                           : UPDATE SUMMARY
2024-11-08T20:41:47.265+01:00  INFO 28082 --- [Tut-O-Pedia Backend] [           main] liquibase.util                           : Run:                          9
2024-11-08T20:41:47.265+01:00  INFO 28082 --- [Tut-O-Pedia Backend] [           main] liquibase.util                           : Previously run:               0
2024-11-08T20:41:47.266+01:00  INFO 28082 --- [Tut-O-Pedia Backend] [           main] liquibase.util                           : Filtered out:                 0
2024-11-08T20:41:47.266+01:00  INFO 28082 --- [Tut-O-Pedia Backend] [           main] liquibase.util                           : -------------------------------
2024-11-08T20:41:47.266+01:00  INFO 28082 --- [Tut-O-Pedia Backend] [           main] liquibase.util                           : Total change sets:            9
2024-11-08T20:41:47.266+01:00  INFO 28082 --- [Tut-O-Pedia Backend] [           main] liquibase.util                           : Update summary generated
2024-11-08T20:41:47.266+01:00  INFO 28082 --- [Tut-O-Pedia Backend] [           main] liquibase.command                        : Update command completed successfully.
2024-11-08T20:41:47.266+01:00  INFO 28082 --- [Tut-O-Pedia Backend] [           main] liquibase.ui                             : Liquibase: Update has been successful. Rows affected: 41
2024-11-08T20:41:47.267+01:00  INFO 28082 --- [Tut-O-Pedia Backend] [           main] liquibase.lockservice                    : Successfully released change log lock
2024-11-08T20:41:47.268+01:00  INFO 28082 --- [Tut-O-Pedia Backend] [           main] liquibase.command                        : Command execution complete
API = http://localhost:8081/api/bucket
2024-11-08T20:41:48.180+01:00  INFO 28082 --- [Tut-O-Pedia Backend] [nio-8081-exec-1] o.a.c.c.C.[Tomcat].[localhost].[/]       : Initializing Spring DispatcherServlet 'dispatcherServlet'
2024-11-08T20:41:48.180+01:00  INFO 28082 --- [Tut-O-Pedia Backend] [nio-8081-exec-1] o.s.web.servlet.DispatcherServlet        : Initializing Servlet 'dispatcherServlet'
2024-11-08T20:41:48.182+01:00  INFO 28082 --- [Tut-O-Pedia Backend] [nio-8081-exec-1] o.s.web.servlet.DispatcherServlet        : Completed initialization in 2 ms
[2024-11-08 20:41:48 : createBucket]
DEFAULT ID = 1
[2024-11-08 20:41:48 : createBucket]
NON DEFAULT ID = 2
[2024-11-08 20:41:48 : updateDefaultBucket]
HttpResponseProxy{HTTP/1.1 200  [Vary: Origin, Vary: Access-Control-Request-Method, Vary: Access-Control-Request-Headers, Content-Length: 0, Date: Fri, 08 Nov 2024 19:41:48 GMT, Keep-Alive: timeout=60, Connection: keep-alive] [Content-Length: 0,Chunked: false]}
[2024-11-08 20:41:48 : findBucketById: 1]
[2024-11-08 20:41:48 : findBucketById: 2]
]]></system-out>
  </testcase>
</testsuite>